{"C:\\Users\\Alejandro\\Documents\\Github\\Medicare-Booking-main\\backend\\create_test_booking.js": {"path":"C:\\Users\\Alejandro\\Documents\\Github\\Medicare-Booking-main\\backend\\create_test_booking.js","statementMap":{"0":{"start":{"line":7,"column":0},"end":{"line":7,"column":38}},"1":{"start":{"line":8,"column":0},"end":{"line":8,"column":32}},"2":{"start":{"line":10,"column":26},"end":{"line":51,"column":1}},"3":{"start":{"line":11,"column":4},"end":{"line":50,"column":5}},"4":{"start":{"line":12,"column":8},"end":{"line":12,"column":54}},"5":{"start":{"line":13,"column":8},"end":{"line":13,"column":39}},"6":{"start":{"line":15,"column":21},"end":{"line":15,"column":76}},"7":{"start":{"line":16,"column":8},"end":{"line":16,"column":76}},"8":{"start":{"line":16,"column":19},"end":{"line":16,"column":76}},"9":{"start":{"line":19,"column":23},"end":{"line":19,"column":47}},"10":{"start":{"line":20,"column":8},"end":{"line":20,"column":62}},"11":{"start":{"line":20,"column":21},"end":{"line":20,"column":62}},"12":{"start":{"line":22,"column":8},"end":{"line":22,"column":82}},"13":{"start":{"line":24,"column":22},"end":{"line":24,"column":32}},"14":{"start":{"line":25,"column":25},"end":{"line":25,"column":40}},"15":{"start":{"line":26,"column":8},"end":{"line":26,"column":49}},"16":{"start":{"line":27,"column":8},"end":{"line":27,"column":39}},"17":{"start":{"line":29,"column":27},"end":{"line":37,"column":10}},"18":{"start":{"line":39,"column":8},"end":{"line":39,"column":32}},"19":{"start":{"line":40,"column":8},"end":{"line":40,"column":56}},"20":{"start":{"line":43,"column":8},"end":{"line":43,"column":47}},"21":{"start":{"line":44,"column":8},"end":{"line":44,"column":26}},"22":{"start":{"line":46,"column":8},"end":{"line":46,"column":24}},"23":{"start":{"line":48,"column":8},"end":{"line":48,"column":27}},"24":{"start":{"line":49,"column":8},"end":{"line":49,"column":24}},"25":{"start":{"line":53,"column":0},"end":{"line":53,"column":20}}},"fnMap":{"0":{"name":"(anonymous_0)","decl":{"start":{"line":10,"column":26},"end":{"line":10,"column":27}},"loc":{"start":{"line":10,"column":38},"end":{"line":51,"column":1}},"line":10}},"branchMap":{"0":{"loc":{"start":{"line":16,"column":8},"end":{"line":16,"column":76}},"type":"if","locations":[{"start":{"line":16,"column":8},"end":{"line":16,"column":76}},{"start":{},"end":{}}],"line":16},"1":{"loc":{"start":{"line":20,"column":8},"end":{"line":20,"column":62}},"type":"if","locations":[{"start":{"line":20,"column":8},"end":{"line":20,"column":62}},{"start":{},"end":{}}],"line":20}},"s":{"0":0,"1":0,"2":0,"3":0,"4":0,"5":0,"6":0,"7":0,"8":0,"9":0,"10":0,"11":0,"12":0,"13":0,"14":0,"15":0,"16":0,"17":0,"18":0,"19":0,"20":0,"21":0,"22":0,"23":0,"24":0,"25":0},"f":{"0":0},"b":{"0":[0,0],"1":[0,0]}}
,"C:\\Users\\Alejandro\\Documents\\Github\\Medicare-Booking-main\\backend\\create_test_user.js": {"path":"C:\\Users\\Alejandro\\Documents\\Github\\Medicare-Booking-main\\backend\\create_test_user.js","statementMap":{"0":{"start":{"line":6,"column":0},"end":{"line":6,"column":38}},"1":{"start":{"line":7,"column":0},"end":{"line":7,"column":32}},"2":{"start":{"line":9,"column":19},"end":{"line":57,"column":1}},"3":{"start":{"line":10,"column":4},"end":{"line":56,"column":5}},"4":{"start":{"line":11,"column":8},"end":{"line":11,"column":54}},"5":{"start":{"line":12,"column":8},"end":{"line":12,"column":39}},"6":{"start":{"line":14,"column":22},"end":{"line":14,"column":46}},"7":{"start":{"line":15,"column":25},"end":{"line":15,"column":39}},"8":{"start":{"line":18,"column":25},"end":{"line":18,"column":54}},"9":{"start":{"line":19,"column":8},"end":{"line":49,"column":9}},"10":{"start":{"line":20,"column":12},"end":{"line":20,"column":69}},"11":{"start":{"line":21,"column":25},"end":{"line":21,"column":49}},"12":{"start":{"line":22,"column":12},"end":{"line":22,"column":66}},"13":{"start":{"line":23,"column":12},"end":{"line":23,"column":34}},"14":{"start":{"line":24,"column":12},"end":{"line":24,"column":58}},"15":{"start":{"line":26,"column":12},"end":{"line":26,"column":48}},"16":{"start":{"line":27,"column":25},"end":{"line":27,"column":49}},"17":{"start":{"line":28,"column":35},"end":{"line":28,"column":68}},"18":{"start":{"line":30,"column":28},"end":{"line":40,"column":14}},"19":{"start":{"line":42,"column":12},"end":{"line":42,"column":33}},"20":{"start":{"line":43,"column":12},"end":{"line":43,"column":54}},"21":{"start":{"line":46,"column":30},"end":{"line":46,"column":79}},"22":{"start":{"line":47,"column":26},"end":{"line":47,"column":76}},"23":{"start":{"line":48,"column":12},"end":{"line":48,"column":63}},"24":{"start":{"line":51,"column":8},"end":{"line":51,"column":59}},"25":{"start":{"line":52,"column":8},"end":{"line":52,"column":24}},"26":{"start":{"line":54,"column":8},"end":{"line":54,"column":27}},"27":{"start":{"line":55,"column":8},"end":{"line":55,"column":24}},"28":{"start":{"line":59,"column":0},"end":{"line":59,"column":13}}},"fnMap":{"0":{"name":"(anonymous_0)","decl":{"start":{"line":9,"column":19},"end":{"line":9,"column":20}},"loc":{"start":{"line":9,"column":31},"end":{"line":57,"column":1}},"line":9}},"branchMap":{"0":{"loc":{"start":{"line":19,"column":8},"end":{"line":49,"column":9}},"type":"if","locations":[{"start":{"line":19,"column":8},"end":{"line":49,"column":9}},{"start":{"line":25,"column":15},"end":{"line":49,"column":9}}],"line":19}},"s":{"0":0,"1":0,"2":0,"3":0,"4":0,"5":0,"6":0,"7":0,"8":0,"9":0,"10":0,"11":0,"12":0,"13":0,"14":0,"15":0,"16":0,"17":0,"18":0,"19":0,"20":0,"21":0,"22":0,"23":0,"24":0,"25":0,"26":0,"27":0,"28":0},"f":{"0":0},"b":{"0":[0,0]}}
,"C:\\Users\\Alejandro\\Documents\\Github\\Medicare-Booking-main\\backend\\test-mongo-conn.js": {"path":"C:\\Users\\Alejandro\\Documents\\Github\\Medicare-Booking-main\\backend\\test-mongo-conn.js","statementMap":{"0":{"start":{"line":4,"column":0},"end":{"line":4,"column":16}},"1":{"start":{"line":6,"column":12},"end":{"line":6,"column":33}},"2":{"start":{"line":9,"column":2},"end":{"line":19,"column":3}},"3":{"start":{"line":10,"column":4},"end":{"line":10,"column":75}},"4":{"start":{"line":11,"column":4},"end":{"line":11,"column":59}},"5":{"start":{"line":12,"column":4},"end":{"line":12,"column":53}},"6":{"start":{"line":13,"column":4},"end":{"line":13,"column":32}},"7":{"start":{"line":14,"column":4},"end":{"line":14,"column":20}},"8":{"start":{"line":16,"column":4},"end":{"line":16,"column":39}},"9":{"start":{"line":17,"column":4},"end":{"line":17,"column":54}},"10":{"start":{"line":18,"column":4},"end":{"line":18,"column":20}},"11":{"start":{"line":22,"column":0},"end":{"line":22,"column":7}}},"fnMap":{"0":{"name":"test","decl":{"start":{"line":8,"column":15},"end":{"line":8,"column":19}},"loc":{"start":{"line":8,"column":22},"end":{"line":20,"column":1}},"line":8}},"branchMap":{"0":{"loc":{"start":{"line":10,"column":51},"end":{"line":10,"column":73}},"type":"cond-expr","locations":[{"start":{"line":10,"column":57},"end":{"line":10,"column":67}},{"start":{"line":10,"column":70},"end":{"line":10,"column":73}}],"line":10},"1":{"loc":{"start":{"line":17,"column":18},"end":{"line":17,"column":52}},"type":"cond-expr","locations":[{"start":{"line":17,"column":37},"end":{"line":17,"column":46}},{"start":{"line":17,"column":49},"end":{"line":17,"column":52}}],"line":17},"2":{"loc":{"start":{"line":17,"column":18},"end":{"line":17,"column":34}},"type":"binary-expr","locations":[{"start":{"line":17,"column":18},"end":{"line":17,"column":21}},{"start":{"line":17,"column":25},"end":{"line":17,"column":34}}],"line":17}},"s":{"0":0,"1":0,"2":0,"3":0,"4":0,"5":0,"6":0,"7":0,"8":0,"9":0,"10":0,"11":0},"f":{"0":0},"b":{"0":[0,0],"1":[0,0],"2":[0,0]}}
,"C:\\Users\\Alejandro\\Documents\\Github\\Medicare-Booking-main\\backend\\Controllers\\authController.js": {"path":"C:\\Users\\Alejandro\\Documents\\Github\\Medicare-Booking-main\\backend\\Controllers\\authController.js","statementMap":{"0":{"start":{"line":10,"column":25},"end":{"line":24,"column":1}},"1":{"start":{"line":11,"column":4},"end":{"line":23,"column":5}},"2":{"start":{"line":12,"column":8},"end":{"line":20,"column":11}},"3":{"start":{"line":22,"column":8},"end":{"line":22,"column":60}},"4":{"start":{"line":26,"column":26},"end":{"line":49,"column":1}},"5":{"start":{"line":27,"column":4},"end":{"line":48,"column":5}},"6":{"start":{"line":28,"column":21},"end":{"line":28,"column":87}},"7":{"start":{"line":29,"column":8},"end":{"line":45,"column":11}},"8":{"start":{"line":47,"column":8},"end":{"line":47,"column":60}},"9":{"start":{"line":51,"column":16},"end":{"line":57,"column":1}},"10":{"start":{"line":59,"column":27},"end":{"line":62,"column":1}},"11":{"start":{"line":60,"column":16},"end":{"line":60,"column":37}},"12":{"start":{"line":61,"column":4},"end":{"line":61,"column":38}},"13":{"start":{"line":64,"column":22},"end":{"line":71,"column":1}},"14":{"start":{"line":65,"column":4},"end":{"line":70,"column":10}},"15":{"start":{"line":73,"column":23},"end":{"line":73,"column":65}},"16":{"start":{"line":73,"column":39},"end":{"line":73,"column":65}},"17":{"start":{"line":74,"column":21},"end":{"line":74,"column":77}},"18":{"start":{"line":74,"column":37},"end":{"line":74,"column":77}},"19":{"start":{"line":77,"column":25},"end":{"line":84,"column":1}},"20":{"start":{"line":78,"column":22},"end":{"line":78,"column":23}},"21":{"start":{"line":79,"column":25},"end":{"line":79,"column":47}},"22":{"start":{"line":80,"column":25},"end":{"line":80,"column":47}},"23":{"start":{"line":81,"column":23},"end":{"line":81,"column":42}},"24":{"start":{"line":82,"column":27},"end":{"line":82,"column":66}},"25":{"start":{"line":83,"column":4},"end":{"line":83,"column":104}},"26":{"start":{"line":86,"column":28},"end":{"line":86,"column":77}},"27":{"start":{"line":87,"column":24},"end":{"line":87,"column":70}},"28":{"start":{"line":88,"column":39},"end":{"line":88,"column":95}},"29":{"start":{"line":89,"column":21},"end":{"line":89,"column":26}},"30":{"start":{"line":91,"column":28},"end":{"line":91,"column":96}},"31":{"start":{"line":93,"column":27},"end":{"line":119,"column":1}},"32":{"start":{"line":95,"column":4},"end":{"line":95,"column":16}},"33":{"start":{"line":135,"column":37},"end":{"line":140,"column":1}},"34":{"start":{"line":136,"column":21},"end":{"line":136,"column":59}},"35":{"start":{"line":137,"column":22},"end":{"line":137,"column":80}},"36":{"start":{"line":138,"column":20},"end":{"line":138,"column":85}},"37":{"start":{"line":139,"column":4},"end":{"line":139,"column":44}},"38":{"start":{"line":142,"column":30},"end":{"line":161,"column":1}},"39":{"start":{"line":143,"column":23},"end":{"line":143,"column":96}},"40":{"start":{"line":144,"column":22},"end":{"line":144,"column":77}},"41":{"start":{"line":146,"column":4},"end":{"line":160,"column":7}},"42":{"start":{"line":163,"column":17},"end":{"line":165,"column":1}},"43":{"start":{"line":164,"column":4},"end":{"line":164,"column":67}},"44":{"start":{"line":167,"column":28},"end":{"line":174,"column":1}},"45":{"start":{"line":168,"column":25},"end":{"line":168,"column":60}},"46":{"start":{"line":169,"column":4},"end":{"line":169,"column":44}},"47":{"start":{"line":170,"column":4},"end":{"line":172,"column":5}},"48":{"start":{"line":171,"column":8},"end":{"line":171,"column":76}},"49":{"start":{"line":173,"column":4},"end":{"line":173,"column":22}},"50":{"start":{"line":176,"column":26},"end":{"line":180,"column":1}},"51":{"start":{"line":177,"column":4},"end":{"line":177,"column":33}},"52":{"start":{"line":178,"column":4},"end":{"line":178,"column":31}},"53":{"start":{"line":179,"column":4},"end":{"line":179,"column":22}},"54":{"start":{"line":182,"column":24},"end":{"line":268,"column":1}},"55":{"start":{"line":184,"column":71},"end":{"line":184,"column":79}},"56":{"start":{"line":186,"column":4},"end":{"line":267,"column":5}},"57":{"start":{"line":188,"column":32},"end":{"line":188,"column":53}},"58":{"start":{"line":189,"column":8},"end":{"line":191,"column":9}},"59":{"start":{"line":190,"column":12},"end":{"line":190,"column":71}},"60":{"start":{"line":192,"column":8},"end":{"line":194,"column":9}},"61":{"start":{"line":193,"column":12},"end":{"line":193,"column":76}},"62":{"start":{"line":195,"column":8},"end":{"line":197,"column":9}},"63":{"start":{"line":196,"column":12},"end":{"line":196,"column":138}},"64":{"start":{"line":199,"column":26},"end":{"line":199,"column":81}},"65":{"start":{"line":200,"column":8},"end":{"line":202,"column":9}},"66":{"start":{"line":201,"column":12},"end":{"line":201,"column":73}},"67":{"start":{"line":204,"column":31},"end":{"line":204,"column":55}},"68":{"start":{"line":205,"column":19},"end":{"line":205,"column":23}},"69":{"start":{"line":207,"column":46},"end":{"line":210,"column":10}},"70":{"start":{"line":212,"column":8},"end":{"line":212,"column":45}},"71":{"start":{"line":215,"column":8},"end":{"line":217,"column":9}},"72":{"start":{"line":216,"column":12},"end":{"line":216,"column":75}},"73":{"start":{"line":221,"column":21},"end":{"line":221,"column":45}},"74":{"start":{"line":222,"column":29},"end":{"line":222,"column":62}},"75":{"start":{"line":224,"column":8},"end":{"line":242,"column":9}},"76":{"start":{"line":225,"column":12},"end":{"line":232,"column":14}},"77":{"start":{"line":234,"column":12},"end":{"line":241,"column":14}},"78":{"start":{"line":244,"column":49},"end":{"line":244,"column":79}},"79":{"start":{"line":245,"column":8},"end":{"line":245,"column":48}},"80":{"start":{"line":246,"column":8},"end":{"line":246,"column":53}},"81":{"start":{"line":248,"column":8},"end":{"line":248,"column":26}},"82":{"start":{"line":250,"column":8},"end":{"line":254,"column":11}},"83":{"start":{"line":256,"column":8},"end":{"line":259,"column":10}},"84":{"start":{"line":262,"column":8},"end":{"line":262,"column":26}},"85":{"start":{"line":263,"column":8},"end":{"line":266,"column":11}},"86":{"start":{"line":270,"column":21},"end":{"line":395,"column":1}},"87":{"start":{"line":272,"column":36},"end":{"line":272,"column":44}},"88":{"start":{"line":274,"column":4},"end":{"line":394,"column":5}},"89":{"start":{"line":275,"column":32},"end":{"line":275,"column":53}},"90":{"start":{"line":276,"column":8},"end":{"line":278,"column":9}},"91":{"start":{"line":277,"column":12},"end":{"line":277,"column":71}},"92":{"start":{"line":279,"column":8},"end":{"line":281,"column":9}},"93":{"start":{"line":280,"column":12},"end":{"line":280,"column":77}},"94":{"start":{"line":283,"column":26},"end":{"line":283,"column":81}},"95":{"start":{"line":284,"column":8},"end":{"line":286,"column":9}},"96":{"start":{"line":285,"column":12},"end":{"line":285,"column":73}},"97":{"start":{"line":289,"column":19},"end":{"line":289,"column":23}},"98":{"start":{"line":291,"column":24},"end":{"line":291,"column":71}},"99":{"start":{"line":292,"column":23},"end":{"line":292,"column":72}},"100":{"start":{"line":294,"column":8},"end":{"line":296,"column":9}},"101":{"start":{"line":295,"column":12},"end":{"line":295,"column":26}},"102":{"start":{"line":298,"column":8},"end":{"line":300,"column":9}},"103":{"start":{"line":299,"column":12},"end":{"line":299,"column":25}},"104":{"start":{"line":303,"column":8},"end":{"line":309,"column":9}},"105":{"start":{"line":306,"column":12},"end":{"line":308,"column":49}},"106":{"start":{"line":311,"column":8},"end":{"line":314,"column":9}},"107":{"start":{"line":312,"column":13},"end":{"line":312,"column":93}},"108":{"start":{"line":313,"column":12},"end":{"line":313,"column":107}},"109":{"start":{"line":316,"column":32},"end":{"line":316,"column":99}},"110":{"start":{"line":317,"column":8},"end":{"line":319,"column":9}},"111":{"start":{"line":318,"column":13},"end":{"line":318,"column":108}},"112":{"start":{"line":323,"column":32},"end":{"line":326,"column":9}},"113":{"start":{"line":328,"column":8},"end":{"line":336,"column":9}},"114":{"start":{"line":329,"column":12},"end":{"line":329,"column":84}},"115":{"start":{"line":330,"column":12},"end":{"line":330,"column":44}},"116":{"start":{"line":331,"column":12},"end":{"line":331,"column":128}},"117":{"start":{"line":333,"column":12},"end":{"line":335,"column":68}},"118":{"start":{"line":338,"column":8},"end":{"line":338,"column":38}},"119":{"start":{"line":341,"column":8},"end":{"line":355,"column":9}},"120":{"start":{"line":342,"column":31},"end":{"line":346,"column":13}},"121":{"start":{"line":348,"column":12},"end":{"line":354,"column":15}},"122":{"start":{"line":358,"column":8},"end":{"line":358,"column":89}},"123":{"start":{"line":359,"column":8},"end":{"line":359,"column":37}},"124":{"start":{"line":361,"column":8},"end":{"line":364,"column":9}},"125":{"start":{"line":362,"column":12},"end":{"line":362,"column":38}},"126":{"start":{"line":363,"column":12},"end":{"line":363,"column":30}},"127":{"start":{"line":368,"column":22},"end":{"line":368,"column":41}},"128":{"start":{"line":369,"column":30},"end":{"line":369,"column":48}},"129":{"start":{"line":372,"column":8},"end":{"line":376,"column":11}},"130":{"start":{"line":378,"column":64},"end":{"line":378,"column":73}},"131":{"start":{"line":380,"column":8},"end":{"line":388,"column":15}},"132":{"start":{"line":390,"column":8},"end":{"line":390,"column":45}},"133":{"start":{"line":391,"column":8},"end":{"line":393,"column":65}},"134":{"start":{"line":397,"column":28},"end":{"line":401,"column":1}},"135":{"start":{"line":398,"column":18},"end":{"line":398,"column":35}},"136":{"start":{"line":399,"column":4},"end":{"line":399,"column":30}},"137":{"start":{"line":400,"column":4},"end":{"line":400,"column":54}},"138":{"start":{"line":403,"column":22},"end":{"line":408,"column":1}},"139":{"start":{"line":404,"column":26},"end":{"line":404,"column":44}},"140":{"start":{"line":405,"column":4},"end":{"line":405,"column":51}},"141":{"start":{"line":406,"column":4},"end":{"line":406,"column":73}},"142":{"start":{"line":407,"column":4},"end":{"line":407,"column":63}},"143":{"start":{"line":410,"column":27},"end":{"line":441,"column":1}},"144":{"start":{"line":411,"column":4},"end":{"line":440,"column":5}},"145":{"start":{"line":412,"column":22},"end":{"line":412,"column":37}},"146":{"start":{"line":413,"column":8},"end":{"line":415,"column":9}},"147":{"start":{"line":414,"column":12},"end":{"line":414,"column":71}},"148":{"start":{"line":417,"column":26},"end":{"line":417,"column":81}},"149":{"start":{"line":418,"column":22},"end":{"line":421,"column":9}},"150":{"start":{"line":423,"column":19},"end":{"line":423,"column":44}},"151":{"start":{"line":424,"column":8},"end":{"line":426,"column":9}},"152":{"start":{"line":425,"column":12},"end":{"line":425,"column":47}},"153":{"start":{"line":428,"column":8},"end":{"line":430,"column":9}},"154":{"start":{"line":429,"column":12},"end":{"line":429,"column":82}},"155":{"start":{"line":432,"column":8},"end":{"line":432,"column":34}},"156":{"start":{"line":433,"column":8},"end":{"line":433,"column":48}},"157":{"start":{"line":434,"column":8},"end":{"line":434,"column":55}},"158":{"start":{"line":435,"column":8},"end":{"line":435,"column":26}},"159":{"start":{"line":437,"column":8},"end":{"line":437,"column":84}},"160":{"start":{"line":439,"column":8},"end":{"line":439,"column":80}},"161":{"start":{"line":443,"column":34},"end":{"line":478,"column":1}},"162":{"start":{"line":444,"column":4},"end":{"line":477,"column":5}},"163":{"start":{"line":445,"column":32},"end":{"line":445,"column":68}},"164":{"start":{"line":446,"column":8},"end":{"line":448,"column":9}},"165":{"start":{"line":447,"column":12},"end":{"line":447,"column":71}},"166":{"start":{"line":450,"column":19},"end":{"line":450,"column":65}},"167":{"start":{"line":451,"column":8},"end":{"line":453,"column":9}},"168":{"start":{"line":452,"column":12},"end":{"line":452,"column":68}},"169":{"start":{"line":455,"column":8},"end":{"line":457,"column":9}},"170":{"start":{"line":456,"column":12},"end":{"line":456,"column":78}},"171":{"start":{"line":459,"column":8},"end":{"line":461,"column":9}},"172":{"start":{"line":460,"column":12},"end":{"line":460,"column":86}},"173":{"start":{"line":463,"column":49},"end":{"line":463,"column":79}},"174":{"start":{"line":464,"column":8},"end":{"line":464,"column":48}},"175":{"start":{"line":465,"column":8},"end":{"line":465,"column":53}},"176":{"start":{"line":466,"column":8},"end":{"line":466,"column":26}},"177":{"start":{"line":468,"column":8},"end":{"line":472,"column":11}},"178":{"start":{"line":474,"column":8},"end":{"line":474,"column":94}},"179":{"start":{"line":476,"column":8},"end":{"line":476,"column":82}}},"fnMap":{"0":{"name":"(anonymous_0)","decl":{"start":{"line":10,"column":25},"end":{"line":10,"column":26}},"loc":{"start":{"line":10,"column":76},"end":{"line":24,"column":1}},"line":10},"1":{"name":"(anonymous_1)","decl":{"start":{"line":26,"column":26},"end":{"line":26,"column":27}},"loc":{"start":{"line":26,"column":47},"end":{"line":49,"column":1}},"line":26},"2":{"name":"(anonymous_2)","decl":{"start":{"line":59,"column":27},"end":{"line":59,"column":28}},"loc":{"start":{"line":59,"column":50},"end":{"line":62,"column":1}},"line":59},"3":{"name":"(anonymous_3)","decl":{"start":{"line":64,"column":22},"end":{"line":64,"column":23}},"loc":{"start":{"line":64,"column":30},"end":{"line":71,"column":1}},"line":64},"4":{"name":"(anonymous_4)","decl":{"start":{"line":73,"column":23},"end":{"line":73,"column":24}},"loc":{"start":{"line":73,"column":39},"end":{"line":73,"column":65}},"line":73},"5":{"name":"(anonymous_5)","decl":{"start":{"line":74,"column":21},"end":{"line":74,"column":22}},"loc":{"start":{"line":74,"column":37},"end":{"line":74,"column":77}},"line":74},"6":{"name":"(anonymous_6)","decl":{"start":{"line":77,"column":25},"end":{"line":77,"column":26}},"loc":{"start":{"line":77,"column":44},"end":{"line":84,"column":1}},"line":77},"7":{"name":"(anonymous_7)","decl":{"start":{"line":93,"column":27},"end":{"line":93,"column":28}},"loc":{"start":{"line":93,"column":54},"end":{"line":119,"column":1}},"line":93},"8":{"name":"(anonymous_8)","decl":{"start":{"line":135,"column":37},"end":{"line":135,"column":38}},"loc":{"start":{"line":135,"column":43},"end":{"line":140,"column":1}},"line":135},"9":{"name":"(anonymous_9)","decl":{"start":{"line":142,"column":30},"end":{"line":142,"column":31}},"loc":{"start":{"line":142,"column":64},"end":{"line":161,"column":1}},"line":142},"10":{"name":"(anonymous_10)","decl":{"start":{"line":163,"column":17},"end":{"line":163,"column":18}},"loc":{"start":{"line":163,"column":27},"end":{"line":165,"column":1}},"line":163},"11":{"name":"(anonymous_11)","decl":{"start":{"line":167,"column":28},"end":{"line":167,"column":29}},"loc":{"start":{"line":167,"column":44},"end":{"line":174,"column":1}},"line":167},"12":{"name":"(anonymous_12)","decl":{"start":{"line":176,"column":26},"end":{"line":176,"column":27}},"loc":{"start":{"line":176,"column":42},"end":{"line":180,"column":1}},"line":176},"13":{"name":"(anonymous_13)","decl":{"start":{"line":182,"column":24},"end":{"line":182,"column":25}},"loc":{"start":{"line":182,"column":44},"end":{"line":268,"column":1}},"line":182},"14":{"name":"(anonymous_14)","decl":{"start":{"line":270,"column":21},"end":{"line":270,"column":22}},"loc":{"start":{"line":270,"column":41},"end":{"line":395,"column":1}},"line":270},"15":{"name":"(anonymous_15)","decl":{"start":{"line":397,"column":28},"end":{"line":397,"column":29}},"loc":{"start":{"line":397,"column":48},"end":{"line":401,"column":1}},"line":397},"16":{"name":"(anonymous_16)","decl":{"start":{"line":403,"column":22},"end":{"line":403,"column":23}},"loc":{"start":{"line":403,"column":42},"end":{"line":408,"column":1}},"line":403},"17":{"name":"(anonymous_17)","decl":{"start":{"line":410,"column":27},"end":{"line":410,"column":28}},"loc":{"start":{"line":410,"column":47},"end":{"line":441,"column":1}},"line":410},"18":{"name":"(anonymous_18)","decl":{"start":{"line":443,"column":34},"end":{"line":443,"column":35}},"loc":{"start":{"line":443,"column":54},"end":{"line":478,"column":1}},"line":443}},"branchMap":{"0":{"loc":{"start":{"line":10,"column":60},"end":{"line":10,"column":69}},"type":"default-arg","locations":[{"start":{"line":10,"column":67},"end":{"line":10,"column":69}}],"line":10},"1":{"loc":{"start":{"line":14,"column":22},"end":{"line":14,"column":65}},"type":"cond-expr","locations":[{"start":{"line":14,"column":48},"end":{"line":14,"column":56}},{"start":{"line":14,"column":59},"end":{"line":14,"column":65}}],"line":14},"2":{"loc":{"start":{"line":59,"column":28},"end":{"line":59,"column":45}},"type":"default-arg","locations":[{"start":{"line":59,"column":35},"end":{"line":59,"column":45}}],"line":59},"3":{"loc":{"start":{"line":61,"column":11},"end":{"line":61,"column":37}},"type":"binary-expr","locations":[{"start":{"line":61,"column":11},"end":{"line":61,"column":23}},{"start":{"line":61,"column":27},"end":{"line":61,"column":37}}],"line":61},"4":{"loc":{"start":{"line":73,"column":24},"end":{"line":73,"column":34}},"type":"default-arg","locations":[{"start":{"line":73,"column":32},"end":{"line":73,"column":34}}],"line":73},"5":{"loc":{"start":{"line":74,"column":22},"end":{"line":74,"column":32}},"type":"default-arg","locations":[{"start":{"line":74,"column":30},"end":{"line":74,"column":32}}],"line":74},"6":{"loc":{"start":{"line":77,"column":26},"end":{"line":77,"column":39}},"type":"default-arg","locations":[{"start":{"line":77,"column":37},"end":{"line":77,"column":39}}],"line":77},"7":{"loc":{"start":{"line":83,"column":11},"end":{"line":83,"column":103}},"type":"binary-expr","locations":[{"start":{"line":83,"column":11},"end":{"line":83,"column":39}},{"start":{"line":83,"column":43},"end":{"line":83,"column":55}},{"start":{"line":83,"column":59},"end":{"line":83,"column":71}},{"start":{"line":83,"column":75},"end":{"line":83,"column":85}},{"start":{"line":83,"column":89},"end":{"line":83,"column":103}}],"line":83},"8":{"loc":{"start":{"line":86,"column":28},"end":{"line":86,"column":77}},"type":"binary-expr","locations":[{"start":{"line":86,"column":28},"end":{"line":86,"column":72}},{"start":{"line":86,"column":76},"end":{"line":86,"column":77}}],"line":86},"9":{"loc":{"start":{"line":87,"column":24},"end":{"line":87,"column":70}},"type":"binary-expr","locations":[{"start":{"line":87,"column":24},"end":{"line":87,"column":64}},{"start":{"line":87,"column":68},"end":{"line":87,"column":70}}],"line":87},"10":{"loc":{"start":{"line":88,"column":39},"end":{"line":88,"column":95}},"type":"binary-expr","locations":[{"start":{"line":88,"column":39},"end":{"line":88,"column":89}},{"start":{"line":88,"column":93},"end":{"line":88,"column":95}}],"line":88},"11":{"loc":{"start":{"line":91,"column":28},"end":{"line":91,"column":96}},"type":"binary-expr","locations":[{"start":{"line":91,"column":28},"end":{"line":91,"column":59}},{"start":{"line":91,"column":63},"end":{"line":91,"column":96}}],"line":91},"12":{"loc":{"start":{"line":143,"column":23},"end":{"line":143,"column":96}},"type":"binary-expr","locations":[{"start":{"line":143,"column":23},"end":{"line":143,"column":46}},{"start":{"line":143,"column":50},"end":{"line":143,"column":96}}],"line":143},"13":{"loc":{"start":{"line":143,"column":70},"end":{"line":143,"column":94}},"type":"binary-expr","locations":[{"start":{"line":143,"column":70},"end":{"line":143,"column":86}},{"start":{"line":143,"column":90},"end":{"line":143,"column":94}}],"line":143},"14":{"loc":{"start":{"line":164,"column":11},"end":{"line":164,"column":66}},"type":"binary-expr","locations":[{"start":{"line":164,"column":11},"end":{"line":164,"column":25}},{"start":{"line":164,"column":29},"end":{"line":164,"column":66}}],"line":164},"15":{"loc":{"start":{"line":168,"column":26},"end":{"line":168,"column":55}},"type":"binary-expr","locations":[{"start":{"line":168,"column":26},"end":{"line":168,"column":50}},{"start":{"line":168,"column":54},"end":{"line":168,"column":55}}],"line":168},"16":{"loc":{"start":{"line":170,"column":4},"end":{"line":172,"column":5}},"type":"if","locations":[{"start":{"line":170,"column":4},"end":{"line":172,"column":5}},{"start":{},"end":{}}],"line":170},"17":{"loc":{"start":{"line":184,"column":35},"end":{"line":184,"column":52}},"type":"default-arg","locations":[{"start":{"line":184,"column":42},"end":{"line":184,"column":52}}],"line":184},"18":{"loc":{"start":{"line":189,"column":8},"end":{"line":191,"column":9}},"type":"if","locations":[{"start":{"line":189,"column":8},"end":{"line":191,"column":9}},{"start":{},"end":{}}],"line":189},"19":{"loc":{"start":{"line":189,"column":12},"end":{"line":189,"column":62}},"type":"binary-expr","locations":[{"start":{"line":189,"column":12},"end":{"line":189,"column":28}},{"start":{"line":189,"column":32},"end":{"line":189,"column":62}}],"line":189},"20":{"loc":{"start":{"line":192,"column":8},"end":{"line":194,"column":9}},"type":"if","locations":[{"start":{"line":192,"column":8},"end":{"line":194,"column":9}},{"start":{},"end":{}}],"line":192},"21":{"loc":{"start":{"line":195,"column":8},"end":{"line":197,"column":9}},"type":"if","locations":[{"start":{"line":195,"column":8},"end":{"line":197,"column":9}},{"start":{},"end":{}}],"line":195},"22":{"loc":{"start":{"line":200,"column":8},"end":{"line":202,"column":9}},"type":"if","locations":[{"start":{"line":200,"column":8},"end":{"line":202,"column":9}},{"start":{},"end":{}}],"line":200},"23":{"loc":{"start":{"line":212,"column":15},"end":{"line":212,"column":44}},"type":"binary-expr","locations":[{"start":{"line":212,"column":15},"end":{"line":212,"column":28}},{"start":{"line":212,"column":32},"end":{"line":212,"column":44}}],"line":212},"24":{"loc":{"start":{"line":215,"column":8},"end":{"line":217,"column":9}},"type":"if","locations":[{"start":{"line":215,"column":8},"end":{"line":217,"column":9}},{"start":{},"end":{}}],"line":215},"25":{"loc":{"start":{"line":224,"column":8},"end":{"line":242,"column":9}},"type":"if","locations":[{"start":{"line":224,"column":8},"end":{"line":242,"column":9}},{"start":{"line":233,"column":15},"end":{"line":242,"column":9}}],"line":224},"26":{"loc":{"start":{"line":276,"column":8},"end":{"line":278,"column":9}},"type":"if","locations":[{"start":{"line":276,"column":8},"end":{"line":278,"column":9}},{"start":{},"end":{}}],"line":276},"27":{"loc":{"start":{"line":276,"column":12},"end":{"line":276,"column":62}},"type":"binary-expr","locations":[{"start":{"line":276,"column":12},"end":{"line":276,"column":28}},{"start":{"line":276,"column":32},"end":{"line":276,"column":62}}],"line":276},"28":{"loc":{"start":{"line":279,"column":8},"end":{"line":281,"column":9}},"type":"if","locations":[{"start":{"line":279,"column":8},"end":{"line":281,"column":9}},{"start":{},"end":{}}],"line":279},"29":{"loc":{"start":{"line":284,"column":8},"end":{"line":286,"column":9}},"type":"if","locations":[{"start":{"line":284,"column":8},"end":{"line":286,"column":9}},{"start":{},"end":{}}],"line":284},"30":{"loc":{"start":{"line":294,"column":8},"end":{"line":296,"column":9}},"type":"if","locations":[{"start":{"line":294,"column":8},"end":{"line":296,"column":9}},{"start":{},"end":{}}],"line":294},"31":{"loc":{"start":{"line":298,"column":8},"end":{"line":300,"column":9}},"type":"if","locations":[{"start":{"line":298,"column":8},"end":{"line":300,"column":9}},{"start":{},"end":{}}],"line":298},"32":{"loc":{"start":{"line":303,"column":8},"end":{"line":309,"column":9}},"type":"if","locations":[{"start":{"line":303,"column":8},"end":{"line":309,"column":9}},{"start":{},"end":{}}],"line":303},"33":{"loc":{"start":{"line":311,"column":8},"end":{"line":314,"column":9}},"type":"if","locations":[{"start":{"line":311,"column":8},"end":{"line":314,"column":9}},{"start":{},"end":{}}],"line":311},"34":{"loc":{"start":{"line":316,"column":32},"end":{"line":316,"column":99}},"type":"binary-expr","locations":[{"start":{"line":316,"column":32},"end":{"line":316,"column":60}},{"start":{"line":316,"column":64},"end":{"line":316,"column":99}}],"line":316},"35":{"loc":{"start":{"line":317,"column":8},"end":{"line":319,"column":9}},"type":"if","locations":[{"start":{"line":317,"column":8},"end":{"line":319,"column":9}},{"start":{},"end":{}}],"line":317},"36":{"loc":{"start":{"line":317,"column":12},"end":{"line":317,"column":84}},"type":"binary-expr","locations":[{"start":{"line":317,"column":12},"end":{"line":317,"column":41}},{"start":{"line":317,"column":45},"end":{"line":317,"column":64}},{"start":{"line":317,"column":68},"end":{"line":317,"column":84}}],"line":317},"37":{"loc":{"start":{"line":328,"column":8},"end":{"line":336,"column":9}},"type":"if","locations":[{"start":{"line":328,"column":8},"end":{"line":336,"column":9}},{"start":{},"end":{}}],"line":328},"38":{"loc":{"start":{"line":341,"column":8},"end":{"line":355,"column":9}},"type":"if","locations":[{"start":{"line":341,"column":8},"end":{"line":355,"column":9}},{"start":{},"end":{}}],"line":341},"39":{"loc":{"start":{"line":361,"column":8},"end":{"line":364,"column":9}},"type":"if","locations":[{"start":{"line":361,"column":8},"end":{"line":364,"column":9}},{"start":{},"end":{}}],"line":361},"40":{"loc":{"start":{"line":361,"column":12},"end":{"line":361,"column":50}},"type":"binary-expr","locations":[{"start":{"line":361,"column":12},"end":{"line":361,"column":31}},{"start":{"line":361,"column":35},"end":{"line":361,"column":50}}],"line":361},"41":{"loc":{"start":{"line":413,"column":8},"end":{"line":415,"column":9}},"type":"if","locations":[{"start":{"line":413,"column":8},"end":{"line":415,"column":9}},{"start":{},"end":{}}],"line":413},"42":{"loc":{"start":{"line":424,"column":8},"end":{"line":426,"column":9}},"type":"if","locations":[{"start":{"line":424,"column":8},"end":{"line":426,"column":9}},{"start":{},"end":{}}],"line":424},"43":{"loc":{"start":{"line":428,"column":8},"end":{"line":430,"column":9}},"type":"if","locations":[{"start":{"line":428,"column":8},"end":{"line":430,"column":9}},{"start":{},"end":{}}],"line":428},"44":{"loc":{"start":{"line":445,"column":47},"end":{"line":445,"column":67}},"type":"binary-expr","locations":[{"start":{"line":445,"column":47},"end":{"line":445,"column":61}},{"start":{"line":445,"column":65},"end":{"line":445,"column":67}}],"line":445},"45":{"loc":{"start":{"line":446,"column":8},"end":{"line":448,"column":9}},"type":"if","locations":[{"start":{"line":446,"column":8},"end":{"line":448,"column":9}},{"start":{},"end":{}}],"line":446},"46":{"loc":{"start":{"line":446,"column":12},"end":{"line":446,"column":62}},"type":"binary-expr","locations":[{"start":{"line":446,"column":12},"end":{"line":446,"column":28}},{"start":{"line":446,"column":32},"end":{"line":446,"column":62}}],"line":446},"47":{"loc":{"start":{"line":451,"column":8},"end":{"line":453,"column":9}},"type":"if","locations":[{"start":{"line":451,"column":8},"end":{"line":453,"column":9}},{"start":{},"end":{}}],"line":451},"48":{"loc":{"start":{"line":455,"column":8},"end":{"line":457,"column":9}},"type":"if","locations":[{"start":{"line":455,"column":8},"end":{"line":457,"column":9}},{"start":{},"end":{}}],"line":455},"49":{"loc":{"start":{"line":459,"column":8},"end":{"line":461,"column":9}},"type":"if","locations":[{"start":{"line":459,"column":8},"end":{"line":461,"column":9}},{"start":{},"end":{}}],"line":459}},"s":{"0":0,"1":0,"2":0,"3":0,"4":0,"5":0,"6":0,"7":0,"8":0,"9":0,"10":0,"11":0,"12":0,"13":0,"14":0,"15":0,"16":0,"17":0,"18":0,"19":0,"20":0,"21":0,"22":0,"23":0,"24":0,"25":0,"26":0,"27":0,"28":0,"29":0,"30":0,"31":0,"32":0,"33":0,"34":0,"35":0,"36":0,"37":0,"38":0,"39":0,"40":0,"41":0,"42":0,"43":0,"44":0,"45":0,"46":0,"47":0,"48":0,"49":0,"50":0,"51":0,"52":0,"53":0,"54":0,"55":0,"56":0,"57":0,"58":0,"59":0,"60":0,"61":0,"62":0,"63":0,"64":0,"65":0,"66":0,"67":0,"68":0,"69":0,"70":0,"71":0,"72":0,"73":0,"74":0,"75":0,"76":0,"77":0,"78":0,"79":0,"80":0,"81":0,"82":0,"83":0,"84":0,"85":0,"86":0,"87":0,"88":0,"89":0,"90":0,"91":0,"92":0,"93":0,"94":0,"95":0,"96":0,"97":0,"98":0,"99":0,"100":0,"101":0,"102":0,"103":0,"104":0,"105":0,"106":0,"107":0,"108":0,"109":0,"110":0,"111":0,"112":0,"113":0,"114":0,"115":0,"116":0,"117":0,"118":0,"119":0,"120":0,"121":0,"122":0,"123":0,"124":0,"125":0,"126":0,"127":0,"128":0,"129":0,"130":0,"131":0,"132":0,"133":0,"134":0,"135":0,"136":0,"137":0,"138":0,"139":0,"140":0,"141":0,"142":0,"143":0,"144":0,"145":0,"146":0,"147":0,"148":0,"149":0,"150":0,"151":0,"152":0,"153":0,"154":0,"155":0,"156":0,"157":0,"158":0,"159":0,"160":0,"161":0,"162":0,"163":0,"164":0,"165":0,"166":0,"167":0,"168":0,"169":0,"170":0,"171":0,"172":0,"173":0,"174":0,"175":0,"176":0,"177":0,"178":0,"179":0},"f":{"0":0,"1":0,"2":0,"3":0,"4":0,"5":0,"6":0,"7":0,"8":0,"9":0,"10":0,"11":0,"12":0,"13":0,"14":0,"15":0,"16":0,"17":0,"18":0},"b":{"0":[0],"1":[0,0],"2":[0],"3":[0,0],"4":[0],"5":[0],"6":[0],"7":[0,0,0,0,0],"8":[0,0],"9":[0,0],"10":[0,0],"11":[0,0],"12":[0,0],"13":[0,0],"14":[0,0],"15":[0,0],"16":[0,0],"17":[0],"18":[0,0],"19":[0,0],"20":[0,0],"21":[0,0],"22":[0,0],"23":[0,0],"24":[0,0],"25":[0,0],"26":[0,0],"27":[0,0],"28":[0,0],"29":[0,0],"30":[0,0],"31":[0,0],"32":[0,0],"33":[0,0],"34":[0,0],"35":[0,0],"36":[0,0,0],"37":[0,0],"38":[0,0],"39":[0,0],"40":[0,0],"41":[0,0],"42":[0,0],"43":[0,0],"44":[0,0],"45":[0,0],"46":[0,0],"47":[0,0],"48":[0,0],"49":[0,0]}}
,"C:\\Users\\Alejandro\\Documents\\Github\\Medicare-Booking-main\\backend\\Controllers\\bookingController.js": {"path":"C:\\Users\\Alejandro\\Documents\\Github\\Medicare-Booking-main\\backend\\Controllers\\bookingController.js","statementMap":{"0":{"start":{"line":10,"column":31},"end":{"line":51,"column":1}},"1":{"start":{"line":11,"column":2},"end":{"line":50,"column":3}},"2":{"start":{"line":12,"column":4},"end":{"line":12,"column":30}},"3":{"start":{"line":12,"column":18},"end":{"line":12,"column":30}},"4":{"start":{"line":13,"column":23},"end":{"line":13,"column":66}},"5":{"start":{"line":14,"column":4},"end":{"line":14,"column":33}},"6":{"start":{"line":14,"column":21},"end":{"line":14,"column":33}},"7":{"start":{"line":15,"column":21},"end":{"line":15,"column":73}},"8":{"start":{"line":16,"column":18},"end":{"line":35,"column":5}},"9":{"start":{"line":38,"column":21},"end":{"line":43,"column":6}},"10":{"start":{"line":45,"column":4},"end":{"line":45,"column":80}},"11":{"start":{"line":46,"column":4},"end":{"line":46,"column":36}},"12":{"start":{"line":48,"column":4},"end":{"line":48,"column":81}},"13":{"start":{"line":49,"column":4},"end":{"line":49,"column":16}},"14":{"start":{"line":56,"column":29},"end":{"line":247,"column":1}},"15":{"start":{"line":57,"column":2},"end":{"line":246,"column":3}},"16":{"start":{"line":67,"column":8},"end":{"line":67,"column":16}},"17":{"start":{"line":68,"column":24},"end":{"line":68,"column":35}},"18":{"start":{"line":69,"column":26},"end":{"line":69,"column":61}},"19":{"start":{"line":70,"column":35},"end":{"line":70,"column":75}},"20":{"start":{"line":71,"column":34},"end":{"line":71,"column":59}},"21":{"start":{"line":73,"column":4},"end":{"line":75,"column":5}},"22":{"start":{"line":74,"column":6},"end":{"line":74,"column":94}},"23":{"start":{"line":77,"column":17},"end":{"line":77,"column":28}},"24":{"start":{"line":78,"column":19},"end":{"line":78,"column":31}},"25":{"start":{"line":79,"column":25},"end":{"line":79,"column":29}},"26":{"start":{"line":80,"column":29},"end":{"line":80,"column":34}},"27":{"start":{"line":82,"column":4},"end":{"line":130,"column":5}},"28":{"start":{"line":83,"column":6},"end":{"line":83,"column":29}},"29":{"start":{"line":85,"column":6},"end":{"line":87,"column":7}},"30":{"start":{"line":86,"column":8},"end":{"line":86,"column":122}},"31":{"start":{"line":89,"column":20},"end":{"line":89,"column":24}},"32":{"start":{"line":91,"column":6},"end":{"line":93,"column":7}},"33":{"start":{"line":92,"column":8},"end":{"line":92,"column":49}},"34":{"start":{"line":95,"column":6},"end":{"line":97,"column":7}},"35":{"start":{"line":96,"column":8},"end":{"line":96,"column":72}},"36":{"start":{"line":99,"column":6},"end":{"line":121,"column":7}},"37":{"start":{"line":100,"column":8},"end":{"line":105,"column":9}},"38":{"start":{"line":101,"column":10},"end":{"line":104,"column":13}},"39":{"start":{"line":106,"column":8},"end":{"line":120,"column":9}},"40":{"start":{"line":107,"column":10},"end":{"line":112,"column":13}},"41":{"start":{"line":113,"column":10},"end":{"line":113,"column":36}},"42":{"start":{"line":115,"column":10},"end":{"line":119,"column":11}},"43":{"start":{"line":116,"column":12},"end":{"line":116,"column":76}},"44":{"start":{"line":118,"column":12},"end":{"line":118,"column":32}},"45":{"start":{"line":123,"column":6},"end":{"line":125,"column":7}},"46":{"start":{"line":124,"column":8},"end":{"line":124,"column":91}},"47":{"start":{"line":126,"column":6},"end":{"line":126,"column":27}},"48":{"start":{"line":127,"column":6},"end":{"line":127,"column":31}},"49":{"start":{"line":129,"column":6},"end":{"line":129,"column":72}},"50":{"start":{"line":132,"column":4},"end":{"line":134,"column":5}},"51":{"start":{"line":133,"column":6},"end":{"line":133,"column":93}},"52":{"start":{"line":136,"column":26},"end":{"line":136,"column":78}},"53":{"start":{"line":137,"column":4},"end":{"line":139,"column":5}},"54":{"start":{"line":138,"column":6},"end":{"line":138,"column":87}},"55":{"start":{"line":141,"column":26},"end":{"line":141,"column":56}},"56":{"start":{"line":142,"column":4},"end":{"line":144,"column":5}},"57":{"start":{"line":143,"column":6},"end":{"line":143,"column":96}},"58":{"start":{"line":145,"column":24},"end":{"line":145,"column":87}},"59":{"start":{"line":147,"column":22},"end":{"line":147,"column":24}},"60":{"start":{"line":148,"column":4},"end":{"line":150,"column":5}},"61":{"start":{"line":149,"column":6},"end":{"line":149,"column":88}},"62":{"start":{"line":152,"column":28},"end":{"line":160,"column":6}},"63":{"start":{"line":162,"column":22},"end":{"line":170,"column":6}},"64":{"start":{"line":173,"column":4},"end":{"line":231,"column":5}},"65":{"start":{"line":174,"column":6},"end":{"line":174,"column":53}},"66":{"start":{"line":175,"column":6},"end":{"line":175,"column":57}},"67":{"start":{"line":176,"column":6},"end":{"line":176,"column":57}},"68":{"start":{"line":179,"column":6},"end":{"line":203,"column":7}},"69":{"start":{"line":180,"column":8},"end":{"line":180,"column":57}},"70":{"start":{"line":181,"column":8},"end":{"line":200,"column":91}},"71":{"start":{"line":199,"column":20},"end":{"line":199,"column":63}},"72":{"start":{"line":200,"column":22},"end":{"line":200,"column":89}},"73":{"start":{"line":202,"column":8},"end":{"line":202,"column":92}},"74":{"start":{"line":206,"column":6},"end":{"line":228,"column":7}},"75":{"start":{"line":207,"column":8},"end":{"line":207,"column":55}},"76":{"start":{"line":208,"column":8},"end":{"line":227,"column":89}},"77":{"start":{"line":226,"column":20},"end":{"line":226,"column":61}},"78":{"start":{"line":227,"column":22},"end":{"line":227,"column":87}},"79":{"start":{"line":230,"column":6},"end":{"line":230,"column":72}},"80":{"start":{"line":234,"column":4},"end":{"line":241,"column":7}},"81":{"start":{"line":244,"column":4},"end":{"line":244,"column":51}},"82":{"start":{"line":245,"column":4},"end":{"line":245,"column":80}},"83":{"start":{"line":252,"column":29},"end":{"line":332,"column":1}},"84":{"start":{"line":253,"column":2},"end":{"line":331,"column":3}},"85":{"start":{"line":254,"column":19},"end":{"line":254,"column":30}},"86":{"start":{"line":255,"column":26},"end":{"line":255,"column":36}},"87":{"start":{"line":257,"column":20},"end":{"line":259,"column":39}},"88":{"start":{"line":261,"column":4},"end":{"line":263,"column":5}},"89":{"start":{"line":262,"column":6},"end":{"line":262,"column":67}},"90":{"start":{"line":265,"column":4},"end":{"line":267,"column":5}},"91":{"start":{"line":266,"column":6},"end":{"line":266,"column":86}},"92":{"start":{"line":270,"column":4},"end":{"line":279,"column":5}},"93":{"start":{"line":271,"column":29},"end":{"line":274,"column":7}},"94":{"start":{"line":275,"column":29},"end":{"line":277,"column":7}},"95":{"start":{"line":276,"column":23},"end":{"line":276,"column":41}},"96":{"start":{"line":278,"column":6},"end":{"line":278,"column":64}},"97":{"start":{"line":282,"column":4},"end":{"line":321,"column":5}},"98":{"start":{"line":283,"column":22},"end":{"line":283,"column":34}},"99":{"start":{"line":284,"column":21},"end":{"line":284,"column":35}},"100":{"start":{"line":285,"column":22},"end":{"line":285,"column":72}},"101":{"start":{"line":288,"column":6},"end":{"line":302,"column":7}},"102":{"start":{"line":289,"column":8},"end":{"line":301,"column":102}},"103":{"start":{"line":301,"column":24},"end":{"line":301,"column":100}},"104":{"start":{"line":305,"column":6},"end":{"line":318,"column":7}},"105":{"start":{"line":306,"column":8},"end":{"line":317,"column":100}},"106":{"start":{"line":317,"column":24},"end":{"line":317,"column":98}},"107":{"start":{"line":320,"column":6},"end":{"line":320,"column":87}},"108":{"start":{"line":324,"column":4},"end":{"line":324,"column":47}},"109":{"start":{"line":326,"column":4},"end":{"line":326,"column":71}},"110":{"start":{"line":329,"column":4},"end":{"line":329,"column":57}},"111":{"start":{"line":330,"column":4},"end":{"line":330,"column":65}},"112":{"start":{"line":336,"column":31},"end":{"line":354,"column":1}},"113":{"start":{"line":337,"column":2},"end":{"line":353,"column":3}},"114":{"start":{"line":338,"column":19},"end":{"line":338,"column":30}},"115":{"start":{"line":340,"column":21},"end":{"line":342,"column":36}},"116":{"start":{"line":344,"column":4},"end":{"line":348,"column":7}},"117":{"start":{"line":351,"column":4},"end":{"line":351,"column":54}},"118":{"start":{"line":352,"column":4},"end":{"line":352,"column":66}}},"fnMap":{"0":{"name":"(anonymous_0)","decl":{"start":{"line":10,"column":31},"end":{"line":10,"column":32}},"loc":{"start":{"line":10,"column":116},"end":{"line":51,"column":1}},"line":10},"1":{"name":"(anonymous_1)","decl":{"start":{"line":56,"column":29},"end":{"line":56,"column":30}},"loc":{"start":{"line":56,"column":49},"end":{"line":247,"column":1}},"line":56},"2":{"name":"(anonymous_2)","decl":{"start":{"line":199,"column":14},"end":{"line":199,"column":15}},"loc":{"start":{"line":199,"column":20},"end":{"line":199,"column":63}},"line":199},"3":{"name":"(anonymous_3)","decl":{"start":{"line":200,"column":15},"end":{"line":200,"column":16}},"loc":{"start":{"line":200,"column":22},"end":{"line":200,"column":89}},"line":200},"4":{"name":"(anonymous_4)","decl":{"start":{"line":226,"column":14},"end":{"line":226,"column":15}},"loc":{"start":{"line":226,"column":20},"end":{"line":226,"column":61}},"line":226},"5":{"name":"(anonymous_5)","decl":{"start":{"line":227,"column":15},"end":{"line":227,"column":16}},"loc":{"start":{"line":227,"column":22},"end":{"line":227,"column":87}},"line":227},"6":{"name":"(anonymous_6)","decl":{"start":{"line":252,"column":29},"end":{"line":252,"column":30}},"loc":{"start":{"line":252,"column":49},"end":{"line":332,"column":1}},"line":252},"7":{"name":"(anonymous_7)","decl":{"start":{"line":276,"column":16},"end":{"line":276,"column":17}},"loc":{"start":{"line":276,"column":23},"end":{"line":276,"column":41}},"line":276},"8":{"name":"(anonymous_8)","decl":{"start":{"line":276,"column":31},"end":{"line":276,"column":32}},"loc":{"start":{"line":276,"column":37},"end":{"line":276,"column":39}},"line":276},"9":{"name":"(anonymous_9)","decl":{"start":{"line":301,"column":17},"end":{"line":301,"column":18}},"loc":{"start":{"line":301,"column":24},"end":{"line":301,"column":100}},"line":301},"10":{"name":"(anonymous_10)","decl":{"start":{"line":317,"column":17},"end":{"line":317,"column":18}},"loc":{"start":{"line":317,"column":24},"end":{"line":317,"column":98}},"line":317},"11":{"name":"(anonymous_11)","decl":{"start":{"line":336,"column":31},"end":{"line":336,"column":32}},"loc":{"start":{"line":336,"column":51},"end":{"line":354,"column":1}},"line":336}},"branchMap":{"0":{"loc":{"start":{"line":10,"column":95},"end":{"line":10,"column":109}},"type":"default-arg","locations":[{"start":{"line":10,"column":107},"end":{"line":10,"column":109}}],"line":10},"1":{"loc":{"start":{"line":12,"column":4},"end":{"line":12,"column":30}},"type":"if","locations":[{"start":{"line":12,"column":4},"end":{"line":12,"column":30}},{"start":{},"end":{}}],"line":12},"2":{"loc":{"start":{"line":14,"column":4},"end":{"line":14,"column":33}},"type":"if","locations":[{"start":{"line":14,"column":4},"end":{"line":14,"column":33}},{"start":{},"end":{}}],"line":14},"3":{"loc":{"start":{"line":17,"column":15},"end":{"line":17,"column":67}},"type":"binary-expr","locations":[{"start":{"line":17,"column":15},"end":{"line":17,"column":22}},{"start":{"line":17,"column":26},"end":{"line":17,"column":67}}],"line":17},"4":{"loc":{"start":{"line":17,"column":40},"end":{"line":17,"column":65}},"type":"binary-expr","locations":[{"start":{"line":17,"column":40},"end":{"line":17,"column":50}},{"start":{"line":17,"column":54},"end":{"line":17,"column":65}}],"line":17},"5":{"loc":{"start":{"line":46,"column":11},"end":{"line":46,"column":35}},"type":"binary-expr","locations":[{"start":{"line":46,"column":11},"end":{"line":46,"column":27}},{"start":{"line":46,"column":31},"end":{"line":46,"column":35}}],"line":46},"6":{"loc":{"start":{"line":66,"column":6},"end":{"line":66,"column":26}},"type":"default-arg","locations":[{"start":{"line":66,"column":24},"end":{"line":66,"column":26}}],"line":66},"7":{"loc":{"start":{"line":69,"column":27},"end":{"line":69,"column":46}},"type":"binary-expr","locations":[{"start":{"line":69,"column":27},"end":{"line":69,"column":40}},{"start":{"line":69,"column":44},"end":{"line":69,"column":46}}],"line":69},"8":{"loc":{"start":{"line":70,"column":35},"end":{"line":70,"column":75}},"type":"binary-expr","locations":[{"start":{"line":70,"column":35},"end":{"line":70,"column":69}},{"start":{"line":70,"column":73},"end":{"line":70,"column":75}}],"line":70},"9":{"loc":{"start":{"line":71,"column":34},"end":{"line":71,"column":59}},"type":"binary-expr","locations":[{"start":{"line":71,"column":34},"end":{"line":71,"column":53}},{"start":{"line":71,"column":57},"end":{"line":71,"column":59}}],"line":71},"10":{"loc":{"start":{"line":73,"column":4},"end":{"line":75,"column":5}},"type":"if","locations":[{"start":{"line":73,"column":4},"end":{"line":75,"column":5}},{"start":{},"end":{}}],"line":73},"11":{"loc":{"start":{"line":73,"column":8},"end":{"line":73,"column":22}},"type":"binary-expr","locations":[{"start":{"line":73,"column":8},"end":{"line":73,"column":13}},{"start":{"line":73,"column":17},"end":{"line":73,"column":22}}],"line":73},"12":{"loc":{"start":{"line":82,"column":4},"end":{"line":130,"column":5}},"type":"if","locations":[{"start":{"line":82,"column":4},"end":{"line":130,"column":5}},{"start":{"line":128,"column":11},"end":{"line":130,"column":5}}],"line":82},"13":{"loc":{"start":{"line":85,"column":6},"end":{"line":87,"column":7}},"type":"if","locations":[{"start":{"line":85,"column":6},"end":{"line":87,"column":7}},{"start":{},"end":{}}],"line":85},"14":{"loc":{"start":{"line":85,"column":10},"end":{"line":85,"column":47}},"type":"binary-expr","locations":[{"start":{"line":85,"column":10},"end":{"line":85,"column":20}},{"start":{"line":85,"column":24},"end":{"line":85,"column":47}}],"line":85},"15":{"loc":{"start":{"line":91,"column":6},"end":{"line":93,"column":7}},"type":"if","locations":[{"start":{"line":91,"column":6},"end":{"line":93,"column":7}},{"start":{},"end":{}}],"line":91},"16":{"loc":{"start":{"line":95,"column":6},"end":{"line":97,"column":7}},"type":"if","locations":[{"start":{"line":95,"column":6},"end":{"line":97,"column":7}},{"start":{},"end":{}}],"line":95},"17":{"loc":{"start":{"line":95,"column":10},"end":{"line":95,"column":44}},"type":"binary-expr","locations":[{"start":{"line":95,"column":10},"end":{"line":95,"column":18}},{"start":{"line":95,"column":22},"end":{"line":95,"column":44}}],"line":95},"18":{"loc":{"start":{"line":99,"column":6},"end":{"line":121,"column":7}},"type":"if","locations":[{"start":{"line":99,"column":6},"end":{"line":121,"column":7}},{"start":{},"end":{}}],"line":99},"19":{"loc":{"start":{"line":99,"column":10},"end":{"line":99,"column":44}},"type":"binary-expr","locations":[{"start":{"line":99,"column":10},"end":{"line":99,"column":18}},{"start":{"line":99,"column":22},"end":{"line":99,"column":44}}],"line":99},"20":{"loc":{"start":{"line":100,"column":8},"end":{"line":105,"column":9}},"type":"if","locations":[{"start":{"line":100,"column":8},"end":{"line":105,"column":9}},{"start":{},"end":{}}],"line":100},"21":{"loc":{"start":{"line":115,"column":10},"end":{"line":119,"column":11}},"type":"if","locations":[{"start":{"line":115,"column":10},"end":{"line":119,"column":11}},{"start":{"line":117,"column":17},"end":{"line":119,"column":11}}],"line":115},"22":{"loc":{"start":{"line":123,"column":6},"end":{"line":125,"column":7}},"type":"if","locations":[{"start":{"line":123,"column":6},"end":{"line":125,"column":7}},{"start":{},"end":{}}],"line":123},"23":{"loc":{"start":{"line":132,"column":4},"end":{"line":134,"column":5}},"type":"if","locations":[{"start":{"line":132,"column":4},"end":{"line":134,"column":5}},{"start":{},"end":{}}],"line":132},"24":{"loc":{"start":{"line":137,"column":4},"end":{"line":139,"column":5}},"type":"if","locations":[{"start":{"line":137,"column":4},"end":{"line":139,"column":5}},{"start":{},"end":{}}],"line":137},"25":{"loc":{"start":{"line":142,"column":4},"end":{"line":144,"column":5}},"type":"if","locations":[{"start":{"line":142,"column":4},"end":{"line":144,"column":5}},{"start":{},"end":{}}],"line":142},"26":{"loc":{"start":{"line":148,"column":4},"end":{"line":150,"column":5}},"type":"if","locations":[{"start":{"line":148,"column":4},"end":{"line":150,"column":5}},{"start":{},"end":{}}],"line":148},"27":{"loc":{"start":{"line":156,"column":19},"end":{"line":156,"column":55}},"type":"binary-expr","locations":[{"start":{"line":156,"column":19},"end":{"line":156,"column":33}},{"start":{"line":156,"column":37},"end":{"line":156,"column":55}}],"line":156},"28":{"loc":{"start":{"line":179,"column":6},"end":{"line":203,"column":7}},"type":"if","locations":[{"start":{"line":179,"column":6},"end":{"line":203,"column":7}},{"start":{"line":201,"column":13},"end":{"line":203,"column":7}}],"line":179},"29":{"loc":{"start":{"line":206,"column":6},"end":{"line":228,"column":7}},"type":"if","locations":[{"start":{"line":206,"column":6},"end":{"line":228,"column":7}},{"start":{},"end":{}}],"line":206},"30":{"loc":{"start":{"line":261,"column":4},"end":{"line":263,"column":5}},"type":"if","locations":[{"start":{"line":261,"column":4},"end":{"line":263,"column":5}},{"start":{},"end":{}}],"line":261},"31":{"loc":{"start":{"line":265,"column":4},"end":{"line":267,"column":5}},"type":"if","locations":[{"start":{"line":265,"column":4},"end":{"line":267,"column":5}},{"start":{},"end":{}}],"line":265},"32":{"loc":{"start":{"line":270,"column":4},"end":{"line":279,"column":5}},"type":"if","locations":[{"start":{"line":270,"column":4},"end":{"line":279,"column":5}},{"start":{},"end":{}}],"line":270},"33":{"loc":{"start":{"line":288,"column":6},"end":{"line":302,"column":7}},"type":"if","locations":[{"start":{"line":288,"column":6},"end":{"line":302,"column":7}},{"start":{},"end":{}}],"line":288},"34":{"loc":{"start":{"line":305,"column":6},"end":{"line":318,"column":7}},"type":"if","locations":[{"start":{"line":305,"column":6},"end":{"line":318,"column":7}},{"start":{},"end":{}}],"line":305}},"s":{"0":0,"1":0,"2":0,"3":0,"4":0,"5":0,"6":0,"7":0,"8":0,"9":0,"10":0,"11":0,"12":0,"13":0,"14":0,"15":0,"16":0,"17":0,"18":0,"19":0,"20":0,"21":0,"22":0,"23":0,"24":0,"25":0,"26":0,"27":0,"28":0,"29":0,"30":0,"31":0,"32":0,"33":0,"34":0,"35":0,"36":0,"37":0,"38":0,"39":0,"40":0,"41":0,"42":0,"43":0,"44":0,"45":0,"46":0,"47":0,"48":0,"49":0,"50":0,"51":0,"52":0,"53":0,"54":0,"55":0,"56":0,"57":0,"58":0,"59":0,"60":0,"61":0,"62":0,"63":0,"64":0,"65":0,"66":0,"67":0,"68":0,"69":0,"70":0,"71":0,"72":0,"73":0,"74":0,"75":0,"76":0,"77":0,"78":0,"79":0,"80":0,"81":0,"82":0,"83":0,"84":0,"85":0,"86":0,"87":0,"88":0,"89":0,"90":0,"91":0,"92":0,"93":0,"94":0,"95":0,"96":0,"97":0,"98":0,"99":0,"100":0,"101":0,"102":0,"103":0,"104":0,"105":0,"106":0,"107":0,"108":0,"109":0,"110":0,"111":0,"112":0,"113":0,"114":0,"115":0,"116":0,"117":0,"118":0},"f":{"0":0,"1":0,"2":0,"3":0,"4":0,"5":0,"6":0,"7":0,"8":0,"9":0,"10":0,"11":0},"b":{"0":[0],"1":[0,0],"2":[0,0],"3":[0,0],"4":[0,0],"5":[0,0],"6":[0],"7":[0,0],"8":[0,0],"9":[0,0],"10":[0,0],"11":[0,0],"12":[0,0],"13":[0,0],"14":[0,0],"15":[0,0],"16":[0,0],"17":[0,0],"18":[0,0],"19":[0,0],"20":[0,0],"21":[0,0],"22":[0,0],"23":[0,0],"24":[0,0],"25":[0,0],"26":[0,0],"27":[0,0],"28":[0,0],"29":[0,0],"30":[0,0],"31":[0,0],"32":[0,0],"33":[0,0],"34":[0,0]}}
,"C:\\Users\\Alejandro\\Documents\\Github\\Medicare-Booking-main\\backend\\Controllers\\calendarController.js": {"path":"C:\\Users\\Alejandro\\Documents\\Github\\Medicare-Booking-main\\backend\\Controllers\\calendarController.js","statementMap":{"0":{"start":{"line":15,"column":32},"end":{"line":29,"column":1}},"1":{"start":{"line":16,"column":17},"end":{"line":20,"column":3}},"2":{"start":{"line":22,"column":14},"end":{"line":26,"column":4}},"3":{"start":{"line":28,"column":2},"end":{"line":28,"column":20}},"4":{"start":{"line":34,"column":36},"end":{"line":90,"column":1}},"5":{"start":{"line":35,"column":2},"end":{"line":89,"column":3}},"6":{"start":{"line":36,"column":21},"end":{"line":36,"column":30}},"7":{"start":{"line":38,"column":23},"end":{"line":38,"column":56}},"8":{"start":{"line":39,"column":4},"end":{"line":39,"column":40}},"9":{"start":{"line":41,"column":19},"end":{"line":41,"column":71}},"10":{"start":{"line":42,"column":31},"end":{"line":42,"column":58}},"11":{"start":{"line":43,"column":37},"end":{"line":43,"column":45}},"12":{"start":{"line":45,"column":15},"end":{"line":45,"column":44}},"13":{"start":{"line":46,"column":4},"end":{"line":54,"column":5}},"14":{"start":{"line":47,"column":6},"end":{"line":53,"column":9}},"15":{"start":{"line":56,"column":18},"end":{"line":56,"column":62}},"16":{"start":{"line":58,"column":4},"end":{"line":69,"column":6}},"17":{"start":{"line":71,"column":28},"end":{"line":71,"column":84}},"18":{"start":{"line":72,"column":27},"end":{"line":78,"column":6}},"19":{"start":{"line":79,"column":17},"end":{"line":81,"column":23}},"20":{"start":{"line":82,"column":24},"end":{"line":82,"column":112}},"21":{"start":{"line":84,"column":4},"end":{"line":84,"column":37}},"22":{"start":{"line":87,"column":4},"end":{"line":87,"column":62}},"23":{"start":{"line":88,"column":4},"end":{"line":88,"column":83}},"24":{"start":{"line":95,"column":35},"end":{"line":166,"column":1}},"25":{"start":{"line":96,"column":2},"end":{"line":165,"column":3}},"26":{"start":{"line":97,"column":4},"end":{"line":97,"column":58}},"27":{"start":{"line":100,"column":94},"end":{"line":100,"column":102}},"28":{"start":{"line":101,"column":2},"end":{"line":101,"column":29}},"29":{"start":{"line":102,"column":2},"end":{"line":102,"column":23}},"30":{"start":{"line":104,"column":4},"end":{"line":109,"column":5}},"31":{"start":{"line":105,"column":6},"end":{"line":108,"column":9}},"32":{"start":{"line":112,"column":19},"end":{"line":117,"column":8}},"33":{"start":{"line":113,"column":25},"end":{"line":113,"column":50}},"34":{"start":{"line":114,"column":20},"end":{"line":114,"column":58}},"35":{"start":{"line":115,"column":22},"end":{"line":115,"column":67}},"36":{"start":{"line":116,"column":6},"end":{"line":116,"column":24}},"37":{"start":{"line":118,"column":25},"end":{"line":118,"column":67}},"38":{"start":{"line":119,"column":21},"end":{"line":119,"column":75}},"39":{"start":{"line":121,"column":18},"end":{"line":133,"column":5}},"40":{"start":{"line":135,"column":21},"end":{"line":138,"column":6}},"41":{"start":{"line":140,"column":4},"end":{"line":140,"column":52}},"42":{"start":{"line":142,"column":23},"end":{"line":148,"column":6}},"43":{"start":{"line":151,"column":4},"end":{"line":156,"column":7}},"44":{"start":{"line":159,"column":4},"end":{"line":159,"column":87}},"45":{"start":{"line":160,"column":19},"end":{"line":160,"column":47}},"46":{"start":{"line":161,"column":4},"end":{"line":164,"column":7}},"47":{"start":{"line":172,"column":33},"end":{"line":196,"column":1}},"48":{"start":{"line":173,"column":2},"end":{"line":195,"column":3}},"49":{"start":{"line":174,"column":19},"end":{"line":174,"column":30}},"50":{"start":{"line":175,"column":25},"end":{"line":175,"column":67}},"51":{"start":{"line":176,"column":21},"end":{"line":176,"column":75}},"52":{"start":{"line":178,"column":21},"end":{"line":185,"column":6}},"53":{"start":{"line":187,"column":4},"end":{"line":191,"column":7}},"54":{"start":{"line":193,"column":4},"end":{"line":193,"column":56}},"55":{"start":{"line":194,"column":4},"end":{"line":194,"column":74}},"56":{"start":{"line":201,"column":35},"end":{"line":234,"column":1}},"57":{"start":{"line":202,"column":2},"end":{"line":233,"column":3}},"58":{"start":{"line":203,"column":19},"end":{"line":203,"column":30}},"59":{"start":{"line":204,"column":74},"end":{"line":204,"column":82}},"60":{"start":{"line":206,"column":25},"end":{"line":206,"column":67}},"61":{"start":{"line":207,"column":21},"end":{"line":207,"column":75}},"62":{"start":{"line":209,"column":25},"end":{"line":218,"column":6}},"63":{"start":{"line":220,"column":4},"end":{"line":226,"column":6}},"64":{"start":{"line":228,"column":4},"end":{"line":228,"column":86}},"65":{"start":{"line":231,"column":4},"end":{"line":231,"column":58}},"66":{"start":{"line":232,"column":4},"end":{"line":232,"column":71}},"67":{"start":{"line":239,"column":35},"end":{"line":260,"column":1}},"68":{"start":{"line":240,"column":2},"end":{"line":259,"column":3}},"69":{"start":{"line":241,"column":19},"end":{"line":241,"column":30}},"70":{"start":{"line":242,"column":24},"end":{"line":242,"column":34}},"71":{"start":{"line":244,"column":25},"end":{"line":244,"column":67}},"72":{"start":{"line":245,"column":21},"end":{"line":245,"column":75}},"73":{"start":{"line":247,"column":4},"end":{"line":250,"column":7}},"74":{"start":{"line":252,"column":4},"end":{"line":252,"column":65}},"75":{"start":{"line":254,"column":4},"end":{"line":254,"column":58}},"76":{"start":{"line":257,"column":4},"end":{"line":257,"column":56}},"77":{"start":{"line":258,"column":4},"end":{"line":258,"column":69}}},"fnMap":{"0":{"name":"(anonymous_0)","decl":{"start":{"line":15,"column":32},"end":{"line":15,"column":33}},"loc":{"start":{"line":15,"column":46},"end":{"line":29,"column":1}},"line":15},"1":{"name":"(anonymous_1)","decl":{"start":{"line":34,"column":36},"end":{"line":34,"column":37}},"loc":{"start":{"line":34,"column":56},"end":{"line":90,"column":1}},"line":34},"2":{"name":"(anonymous_2)","decl":{"start":{"line":95,"column":35},"end":{"line":95,"column":36}},"loc":{"start":{"line":95,"column":55},"end":{"line":166,"column":1}},"line":95},"3":{"name":"(anonymous_3)","decl":{"start":{"line":112,"column":36},"end":{"line":112,"column":37}},"loc":{"start":{"line":112,"column":42},"end":{"line":117,"column":5}},"line":112},"4":{"name":"(anonymous_4)","decl":{"start":{"line":172,"column":33},"end":{"line":172,"column":34}},"loc":{"start":{"line":172,"column":53},"end":{"line":196,"column":1}},"line":172},"5":{"name":"(anonymous_5)","decl":{"start":{"line":201,"column":35},"end":{"line":201,"column":36}},"loc":{"start":{"line":201,"column":55},"end":{"line":234,"column":1}},"line":201},"6":{"name":"(anonymous_6)","decl":{"start":{"line":239,"column":35},"end":{"line":239,"column":36}},"loc":{"start":{"line":239,"column":55},"end":{"line":260,"column":1}},"line":239}},"branchMap":{"0":{"loc":{"start":{"line":46,"column":4},"end":{"line":54,"column":5}},"type":"if","locations":[{"start":{"line":46,"column":4},"end":{"line":54,"column":5}},{"start":{},"end":{}}],"line":46},"1":{"loc":{"start":{"line":71,"column":28},"end":{"line":71,"column":84}},"type":"binary-expr","locations":[{"start":{"line":71,"column":28},"end":{"line":71,"column":57}},{"start":{"line":71,"column":61},"end":{"line":71,"column":84}}],"line":71},"2":{"loc":{"start":{"line":77,"column":22},"end":{"line":77,"column":49}},"type":"binary-expr","locations":[{"start":{"line":77,"column":22},"end":{"line":77,"column":41}},{"start":{"line":77,"column":45},"end":{"line":77,"column":49}}],"line":77},"3":{"loc":{"start":{"line":79,"column":17},"end":{"line":81,"column":23}},"type":"cond-expr","locations":[{"start":{"line":80,"column":8},"end":{"line":80,"column":36}},{"start":{"line":81,"column":8},"end":{"line":81,"column":23}}],"line":79},"4":{"loc":{"start":{"line":101,"column":10},"end":{"line":101,"column":28}},"type":"binary-expr","locations":[{"start":{"line":101,"column":10},"end":{"line":101,"column":15}},{"start":{"line":101,"column":19},"end":{"line":101,"column":28}}],"line":101},"5":{"loc":{"start":{"line":102,"column":8},"end":{"line":102,"column":22}},"type":"binary-expr","locations":[{"start":{"line":102,"column":8},"end":{"line":102,"column":11}},{"start":{"line":102,"column":15},"end":{"line":102,"column":22}}],"line":102},"6":{"loc":{"start":{"line":104,"column":4},"end":{"line":109,"column":5}},"type":"if","locations":[{"start":{"line":104,"column":4},"end":{"line":109,"column":5}},{"start":{},"end":{}}],"line":104},"7":{"loc":{"start":{"line":104,"column":8},"end":{"line":104,"column":47}},"type":"binary-expr","locations":[{"start":{"line":104,"column":8},"end":{"line":104,"column":16}},{"start":{"line":104,"column":20},"end":{"line":104,"column":26}},{"start":{"line":104,"column":30},"end":{"line":104,"column":34}},{"start":{"line":104,"column":38},"end":{"line":104,"column":47}}],"line":104},"8":{"loc":{"start":{"line":112,"column":19},"end":{"line":117,"column":8}},"type":"binary-expr","locations":[{"start":{"line":112,"column":19},"end":{"line":112,"column":31}},{"start":{"line":112,"column":35},"end":{"line":117,"column":8}}],"line":112},"9":{"loc":{"start":{"line":114,"column":20},"end":{"line":114,"column":58}},"type":"binary-expr","locations":[{"start":{"line":114,"column":20},"end":{"line":114,"column":30}},{"start":{"line":114,"column":34},"end":{"line":114,"column":58}}],"line":114},"10":{"loc":{"start":{"line":146,"column":14},"end":{"line":146,"column":35}},"type":"binary-expr","locations":[{"start":{"line":146,"column":14},"end":{"line":146,"column":20}},{"start":{"line":146,"column":24},"end":{"line":146,"column":35}}],"line":146},"11":{"loc":{"start":{"line":159,"column":45},"end":{"line":159,"column":85}},"type":"binary-expr","locations":[{"start":{"line":159,"column":45},"end":{"line":159,"column":63}},{"start":{"line":159,"column":67},"end":{"line":159,"column":78}},{"start":{"line":159,"column":82},"end":{"line":159,"column":85}}],"line":159},"12":{"loc":{"start":{"line":160,"column":19},"end":{"line":160,"column":47}},"type":"cond-expr","locations":[{"start":{"line":160,"column":38},"end":{"line":160,"column":41}},{"start":{"line":160,"column":44},"end":{"line":160,"column":47}}],"line":160},"13":{"loc":{"start":{"line":163,"column":15},"end":{"line":163,"column":58}},"type":"binary-expr","locations":[{"start":{"line":163,"column":15},"end":{"line":163,"column":26}},{"start":{"line":163,"column":30},"end":{"line":163,"column":58}}],"line":163},"14":{"loc":{"start":{"line":224,"column":16},"end":{"line":224,"column":37}},"type":"binary-expr","locations":[{"start":{"line":224,"column":16},"end":{"line":224,"column":22}},{"start":{"line":224,"column":26},"end":{"line":224,"column":37}}],"line":224}},"s":{"0":0,"1":0,"2":0,"3":0,"4":0,"5":0,"6":0,"7":0,"8":0,"9":0,"10":0,"11":0,"12":0,"13":0,"14":0,"15":0,"16":0,"17":0,"18":0,"19":0,"20":0,"21":0,"22":0,"23":0,"24":0,"25":0,"26":0,"27":0,"28":0,"29":0,"30":0,"31":0,"32":0,"33":0,"34":0,"35":0,"36":0,"37":0,"38":0,"39":0,"40":0,"41":0,"42":0,"43":0,"44":0,"45":0,"46":0,"47":0,"48":0,"49":0,"50":0,"51":0,"52":0,"53":0,"54":0,"55":0,"56":0,"57":0,"58":0,"59":0,"60":0,"61":0,"62":0,"63":0,"64":0,"65":0,"66":0,"67":0,"68":0,"69":0,"70":0,"71":0,"72":0,"73":0,"74":0,"75":0,"76":0,"77":0},"f":{"0":0,"1":0,"2":0,"3":0,"4":0,"5":0,"6":0},"b":{"0":[0,0],"1":[0,0],"2":[0,0],"3":[0,0],"4":[0,0],"5":[0,0],"6":[0,0],"7":[0,0,0,0],"8":[0,0],"9":[0,0],"10":[0,0],"11":[0,0,0],"12":[0,0],"13":[0,0],"14":[0,0]}}
,"C:\\Users\\Alejandro\\Documents\\Github\\Medicare-Booking-main\\backend\\Controllers\\clinicalController.js": {"path":"C:\\Users\\Alejandro\\Documents\\Github\\Medicare-Booking-main\\backend\\Controllers\\clinicalController.js","statementMap":{"0":{"start":{"line":10,"column":32},"end":{"line":72,"column":1}},"1":{"start":{"line":11,"column":2},"end":{"line":71,"column":3}},"2":{"start":{"line":12,"column":37},"end":{"line":12,"column":45}},"3":{"start":{"line":14,"column":4},"end":{"line":16,"column":5}},"4":{"start":{"line":15,"column":6},"end":{"line":15,"column":103}},"5":{"start":{"line":18,"column":24},"end":{"line":18,"column":66}},"6":{"start":{"line":25,"column":22},"end":{"line":25,"column":77}},"7":{"start":{"line":27,"column":24},"end":{"line":57,"column":5}},"8":{"start":{"line":59,"column":4},"end":{"line":64,"column":7}},"9":{"start":{"line":66,"column":4},"end":{"line":66,"column":84}},"10":{"start":{"line":69,"column":4},"end":{"line":69,"column":57}},"11":{"start":{"line":70,"column":4},"end":{"line":70,"column":83}},"12":{"start":{"line":74,"column":29},"end":{"line":107,"column":1}},"13":{"start":{"line":75,"column":2},"end":{"line":106,"column":3}},"14":{"start":{"line":76,"column":24},"end":{"line":76,"column":34}},"15":{"start":{"line":77,"column":30},"end":{"line":77,"column":40}},"16":{"start":{"line":78,"column":41},"end":{"line":78,"column":49}},"17":{"start":{"line":80,"column":16},"end":{"line":80,"column":17}},"18":{"start":{"line":81,"column":4},"end":{"line":83,"column":94}},"19":{"start":{"line":81,"column":38},"end":{"line":81,"column":90}},"20":{"start":{"line":81,"column":92},"end":{"line":81,"column":108}},"21":{"start":{"line":81,"column":109},"end":{"line":81,"column":131}},"22":{"start":{"line":81,"column":132},"end":{"line":81,"column":148}},"23":{"start":{"line":82,"column":9},"end":{"line":83,"column":94}},"24":{"start":{"line":82,"column":43},"end":{"line":82,"column":95}},"25":{"start":{"line":82,"column":97},"end":{"line":82,"column":113}},"26":{"start":{"line":82,"column":114},"end":{"line":82,"column":136}},"27":{"start":{"line":83,"column":11},"end":{"line":83,"column":92}},"28":{"start":{"line":83,"column":54},"end":{"line":83,"column":87}},"29":{"start":{"line":85,"column":20},"end":{"line":85,"column":121}},"30":{"start":{"line":88,"column":25},"end":{"line":88,"column":175}},"31":{"start":{"line":89,"column":4},"end":{"line":89,"column":76}},"32":{"start":{"line":89,"column":26},"end":{"line":89,"column":76}},"33":{"start":{"line":91,"column":17},"end":{"line":91,"column":178}},"34":{"start":{"line":93,"column":26},"end":{"line":93,"column":28}},"35":{"start":{"line":94,"column":4},"end":{"line":98,"column":5}},"36":{"start":{"line":95,"column":26},"end":{"line":95,"column":108}},"37":{"start":{"line":96,"column":20},"end":{"line":96,"column":172}},"38":{"start":{"line":97,"column":6},"end":{"line":97,"column":32}},"39":{"start":{"line":100,"column":4},"end":{"line":100,"column":142}},"40":{"start":{"line":102,"column":4},"end":{"line":102,"column":95}},"41":{"start":{"line":104,"column":4},"end":{"line":104,"column":52}},"42":{"start":{"line":105,"column":4},"end":{"line":105,"column":79}},"43":{"start":{"line":109,"column":46},"end":{"line":134,"column":1}},"44":{"start":{"line":110,"column":2},"end":{"line":133,"column":3}},"45":{"start":{"line":111,"column":24},"end":{"line":111,"column":34}},"46":{"start":{"line":112,"column":30},"end":{"line":112,"column":40}},"47":{"start":{"line":113,"column":55},"end":{"line":113,"column":69}},"48":{"start":{"line":115,"column":18},"end":{"line":115,"column":28}},"49":{"start":{"line":115,"column":30},"end":{"line":115,"column":84}},"50":{"start":{"line":116,"column":21},"end":{"line":116,"column":141}},"51":{"start":{"line":117,"column":25},"end":{"line":117,"column":113}},"52":{"start":{"line":117,"column":46},"end":{"line":117,"column":64}},"53":{"start":{"line":117,"column":76},"end":{"line":117,"column":111}},"54":{"start":{"line":118,"column":25},"end":{"line":118,"column":113}},"55":{"start":{"line":118,"column":46},"end":{"line":118,"column":64}},"56":{"start":{"line":118,"column":76},"end":{"line":118,"column":111}},"57":{"start":{"line":121,"column":22},"end":{"line":121,"column":44}},"58":{"start":{"line":122,"column":22},"end":{"line":122,"column":25}},"59":{"start":{"line":124,"column":20},"end":{"line":124,"column":97}},"60":{"start":{"line":126,"column":16},"end":{"line":126,"column":124}},"61":{"start":{"line":127,"column":4},"end":{"line":127,"column":156}},"62":{"start":{"line":129,"column":4},"end":{"line":129,"column":75}},"63":{"start":{"line":131,"column":4},"end":{"line":131,"column":63}},"64":{"start":{"line":132,"column":4},"end":{"line":132,"column":90}},"65":{"start":{"line":136,"column":26},"end":{"line":142,"column":1}},"66":{"start":{"line":137,"column":2},"end":{"line":141,"column":95}},"67":{"start":{"line":138,"column":24},"end":{"line":138,"column":34}},"68":{"start":{"line":138,"column":62},"end":{"line":138,"column":72}},"69":{"start":{"line":139,"column":19},"end":{"line":139,"column":124}},"70":{"start":{"line":140,"column":4},"end":{"line":140,"column":58}},"71":{"start":{"line":141,"column":16},"end":{"line":141,"column":93}},"72":{"start":{"line":144,"column":28},"end":{"line":152,"column":1}},"73":{"start":{"line":145,"column":2},"end":{"line":151,"column":96}},"74":{"start":{"line":146,"column":24},"end":{"line":146,"column":34}},"75":{"start":{"line":146,"column":56},"end":{"line":146,"column":66}},"76":{"start":{"line":147,"column":18},"end":{"line":147,"column":157}},"77":{"start":{"line":148,"column":4},"end":{"line":148,"column":97}},"78":{"start":{"line":148,"column":16},"end":{"line":148,"column":97}},"79":{"start":{"line":149,"column":4},"end":{"line":149,"column":121}},"80":{"start":{"line":150,"column":4},"end":{"line":150,"column":57}},"81":{"start":{"line":151,"column":16},"end":{"line":151,"column":94}},"82":{"start":{"line":154,"column":37},"end":{"line":167,"column":1}},"83":{"start":{"line":155,"column":2},"end":{"line":166,"column":102}},"84":{"start":{"line":156,"column":24},"end":{"line":156,"column":34}},"85":{"start":{"line":156,"column":56},"end":{"line":156,"column":66}},"86":{"start":{"line":157,"column":84},"end":{"line":157,"column":98}},"87":{"start":{"line":158,"column":18},"end":{"line":162,"column":5}},"88":{"start":{"line":163,"column":4},"end":{"line":163,"column":97}},"89":{"start":{"line":163,"column":16},"end":{"line":163,"column":97}},"90":{"start":{"line":164,"column":4},"end":{"line":164,"column":131}},"91":{"start":{"line":165,"column":4},"end":{"line":165,"column":57}},"92":{"start":{"line":166,"column":16},"end":{"line":166,"column":100}},"93":{"start":{"line":169,"column":32},"end":{"line":181,"column":1}},"94":{"start":{"line":170,"column":2},"end":{"line":180,"column":101}},"95":{"start":{"line":171,"column":24},"end":{"line":171,"column":34}},"96":{"start":{"line":171,"column":54},"end":{"line":171,"column":64}},"97":{"start":{"line":171,"column":103},"end":{"line":171,"column":117}},"98":{"start":{"line":172,"column":16},"end":{"line":176,"column":5}},"99":{"start":{"line":177,"column":4},"end":{"line":177,"column":97}},"100":{"start":{"line":177,"column":14},"end":{"line":177,"column":97}},"101":{"start":{"line":178,"column":4},"end":{"line":178,"column":131}},"102":{"start":{"line":179,"column":4},"end":{"line":179,"column":55}},"103":{"start":{"line":180,"column":16},"end":{"line":180,"column":99}}},"fnMap":{"0":{"name":"(anonymous_0)","decl":{"start":{"line":10,"column":32},"end":{"line":10,"column":33}},"loc":{"start":{"line":10,"column":52},"end":{"line":72,"column":1}},"line":10},"1":{"name":"(anonymous_1)","decl":{"start":{"line":74,"column":29},"end":{"line":74,"column":30}},"loc":{"start":{"line":74,"column":49},"end":{"line":107,"column":1}},"line":74},"2":{"name":"(anonymous_2)","decl":{"start":{"line":83,"column":44},"end":{"line":83,"column":45}},"loc":{"start":{"line":83,"column":54},"end":{"line":83,"column":87}},"line":83},"3":{"name":"(anonymous_3)","decl":{"start":{"line":109,"column":46},"end":{"line":109,"column":47}},"loc":{"start":{"line":109,"column":66},"end":{"line":134,"column":1}},"line":109},"4":{"name":"(anonymous_4)","decl":{"start":{"line":117,"column":41},"end":{"line":117,"column":42}},"loc":{"start":{"line":117,"column":46},"end":{"line":117,"column":64}},"line":117},"5":{"name":"(anonymous_5)","decl":{"start":{"line":117,"column":70},"end":{"line":117,"column":71}},"loc":{"start":{"line":117,"column":76},"end":{"line":117,"column":111}},"line":117},"6":{"name":"(anonymous_6)","decl":{"start":{"line":118,"column":41},"end":{"line":118,"column":42}},"loc":{"start":{"line":118,"column":46},"end":{"line":118,"column":64}},"line":118},"7":{"name":"(anonymous_7)","decl":{"start":{"line":118,"column":70},"end":{"line":118,"column":71}},"loc":{"start":{"line":118,"column":76},"end":{"line":118,"column":111}},"line":118},"8":{"name":"(anonymous_8)","decl":{"start":{"line":136,"column":26},"end":{"line":136,"column":27}},"loc":{"start":{"line":136,"column":46},"end":{"line":142,"column":1}},"line":136},"9":{"name":"(anonymous_9)","decl":{"start":{"line":144,"column":28},"end":{"line":144,"column":29}},"loc":{"start":{"line":144,"column":48},"end":{"line":152,"column":1}},"line":144},"10":{"name":"(anonymous_10)","decl":{"start":{"line":154,"column":37},"end":{"line":154,"column":38}},"loc":{"start":{"line":154,"column":57},"end":{"line":167,"column":1}},"line":154},"11":{"name":"(anonymous_11)","decl":{"start":{"line":169,"column":32},"end":{"line":169,"column":33}},"loc":{"start":{"line":169,"column":52},"end":{"line":181,"column":1}},"line":169}},"branchMap":{"0":{"loc":{"start":{"line":14,"column":4},"end":{"line":16,"column":5}},"type":"if","locations":[{"start":{"line":14,"column":4},"end":{"line":16,"column":5}},{"start":{},"end":{}}],"line":14},"1":{"loc":{"start":{"line":25,"column":22},"end":{"line":25,"column":77}},"type":"binary-expr","locations":[{"start":{"line":25,"column":22},"end":{"line":25,"column":35}},{"start":{"line":25,"column":39},"end":{"line":25,"column":77}}],"line":25},"2":{"loc":{"start":{"line":35,"column":28},"end":{"line":35,"column":45}},"type":"binary-expr","locations":[{"start":{"line":35,"column":28},"end":{"line":35,"column":32}},{"start":{"line":35,"column":36},"end":{"line":35,"column":45}}],"line":35},"3":{"loc":{"start":{"line":39,"column":12},"end":{"line":39,"column":150}},"type":"cond-expr","locations":[{"start":{"line":39,"column":22},"end":{"line":39,"column":145}},{"start":{"line":39,"column":148},"end":{"line":39,"column":150}}],"line":39},"4":{"loc":{"start":{"line":62,"column":23},"end":{"line":62,"column":33}},"type":"binary-expr","locations":[{"start":{"line":62,"column":23},"end":{"line":62,"column":27}},{"start":{"line":62,"column":31},"end":{"line":62,"column":33}}],"line":62},"5":{"loc":{"start":{"line":81,"column":4},"end":{"line":83,"column":94}},"type":"if","locations":[{"start":{"line":81,"column":4},"end":{"line":83,"column":94}},{"start":{"line":82,"column":9},"end":{"line":83,"column":94}}],"line":81},"6":{"loc":{"start":{"line":81,"column":48},"end":{"line":81,"column":89}},"type":"cond-expr","locations":[{"start":{"line":81,"column":75},
[...]
},"end":{"line":211,"column":7}},"37":{"start":{"line":214,"column":2},"end":{"line":214,"column":9}},"38":{"start":{"line":228,"column":29},"end":{"line":248,"column":1}},"39":{"start":{"line":229,"column":19},"end":{"line":241,"column":3}},"40":{"start":{"line":230,"column":4},"end":{"line":239,"column":5}},"41":{"start":{"line":232,"column":6},"end":{"line":232,"column":40}},"42":{"start":{"line":234,"column":6},"end":{"line":234,"column":48}},"43":{"start":{"line":235,"column":11},"end":{"line":239,"column":5}},"44":{"start":{"line":236,"column":6},"end":{"line":238,"column":9}},"45":{"start":{"line":237,"column":8},"end":{"line":237,"column":38}},"46":{"start":{"line":240,"column":4},"end":{"line":240,"column":15}},"47":{"start":{"line":243,"column":2},"end":{"line":243,"column":46}},"48":{"start":{"line":243,"column":16},"end":{"line":243,"column":46}},"49":{"start":{"line":244,"column":2},"end":{"line":244,"column":49}},"50":{"start":{"line":244,"column":17},"end":{"line":244,"column":49}},"51":{"start":{"line":245,"column":2},"end":{"line":245,"column":52}},"52":{"start":{"line":245,"column":18},"end":{"line":245,"column":52}},"53":{"start":{"line":247,"column":2},"end":{"line":247,"column":9}},"54":{"start":{"line":256,"column":29},"end":{"line":271,"column":1}},"55":{"start":{"line":257,"column":2},"end":{"line":269,"column":3}},"56":{"start":{"line":258,"column":4},"end":{"line":268,"column":7}},"57":{"start":{"line":270,"column":2},"end":{"line":270,"column":9}}},"fnMap":{"0":{"name":"(anonymous_0)","decl":{"start":{"line":48,"column":24},"end":{"line":48,"column":25}},"loc":{"start":{"line":48,"column":53},"end":{"line":126,"column":1}},"line":48},"1":{"name":"(anonymous_1)","decl":{"start":{"line":49,"column":9},"end":{"line":49,"column":10}},"loc":{"start":{"line":49,"column":35},"end":{"line":125,"column":3}},"line":49},"2":{"name":"(anonymous_2)","decl":{"start":{"line":70,"column":41},"end":{"line":70,"column":42}},"loc":{"start":{"line":70,"column":52},"end":{"line":74,"column":9}},"line":70},"3":{"name":"(anonymous_3)","decl":{"start":{"line":144,"column":32},"end":{"line":144,"column":33}},"loc":{"start":{"line":144,"column":49},"end":{"line":184,"column":1}},"line":144},"4":{"name":"(anonymous_4)","decl":{"start":{"line":145,"column":9},"end":{"line":145,"column":10}},"loc":{"start":{"line":145,"column":35},"end":{"line":183,"column":3}},"line":145},"5":{"name":"(anonymous_5)","decl":{"start":{"line":162,"column":41},"end":{"line":162,"column":42}},"loc":{"start":{"line":162,"column":52},"end":{"line":166,"column":9}},"line":162},"6":{"name":"(anonymous_6)","decl":{"start":{"line":196,"column":26},"end":{"line":196,"column":27}},"loc":{"start":{"line":196,"column":46},"end":{"line":215,"column":1}},"line":196},"7":{"name":"(anonymous_7)","decl":{"start":{"line":228,"column":29},"end":{"line":228,"column":30}},"loc":{"start":{"line":228,"column":49},"end":{"line":248,"column":1}},"line":228},"8":{"name":"(anonymous_8)","decl":{"start":{"line":229,"column":19},"end":{"line":229,"column":20}},"loc":{"start":{"line":229,"column":28},"end":{"line":241,"column":3}},"line":229},"9":{"name":"(anonymous_9)","decl":{"start":{"line":236,"column":31},"end":{"line":236,"column":32}},"loc":{"start":{"line":236,"column":38},"end":{"line":238,"column":7}},"line":236},"10":{"name":"(anonymous_10)","decl":{"start":{"line":256,"column":29},"end":{"line":256,"column":30}},"loc":{"start":{"line":256,"column":49},"end":{"line":271,"column":1}},"line":256}},"branchMap":{"0":{"loc":{"start":{"line":48,"column":33},"end":{"line":48,"column":48}},"type":"default-arg","locations":[{"start":{"line":48,"column":42},"end":{"line":48,"column":48}}],"line":48},"1":{"loc":{"start":{"line":68,"column":6},"end":{"line":94,"column":7}},"type":"if","locations":[{"start":{"line":68,"column":6},"end":{"line":94,"column":7}},{"start":{},"end":{}}],"line":68},"2":{"loc":{"start":{"line":77,"column":8},"end":{"line":83,"column":9}},"type":"if","locations":[{"start":{"line":77,"column":8},"end":{"line":83,"column":9}},{"start":{},"end":{}}],"line":77},"3":{"loc":{"start":{"line":90,"column":14},"end":{"line":92,"column":11}},"type":"binary-expr","locations":[{"start":{"line":90,"column":14},"end":{"line":90,"column":51}},{"start":{"line":90,"column":55},"end":{"line":92,"column":11}}],"line":90},"4":{"loc":{"start":{"line":101,"column":6},"end":{"line":107,"column":7}},"type":"if","locations":[{"start":{"line":101,"column":6},"end":{"line":107,"column":7}},{"start":{},"end":{}}],"line":101},"5":{"loc":{"start":{"line":161,"column":6},"end":{"line":171,"column":7}},"type":"if","locations":[{"start":{"line":161,"column":6},"end":{"line":171,"column":7}},{"start":{"line":169,"column":13},"end":{"line":171,"column":7}}],"line":161},"6":{"loc":{"start":{"line":174,"column":4},"end":{"line":180,"column":5}},"type":"if","locations":[{"start":{"line":174,"column":4},"end":{"line":180,"column":5}},{"start":{},"end":{}}],"line":174},"7":{"loc":{"start":{"line":202,"column":2},"end":{"line":212,"column":3}},"type":"if","locations":[{"start":{"line":202,"column":2},"end":{"line":212,"column":3}},{"start":{},"end":{}}],"line":202},"8":{"loc":{"start":{"line":230,"column":4},"end":{"line":239,"column":5}},"type":"if","locations":[{"start":{"line":230,"column":4},"end":{"line":239,"column":5}},{"start":{"line":235,"column":11},"end":{"line":239,"column":5}}],"line":230},"9":{"loc":{"start":{"line":235,"column":11},"end":{"line":239,"column":5}},"type":"if","locations":[{"start":{"line":235,"column":11},"end":{"line":239,"column":5}},{"start":{},"end":{}}],"line":235},"10":{"loc":{"start":{"line":235,"column":15},"end":{"line":235,"column":54}},"type":"binary-expr","locations":[{"start":{"line":235,"column":15},"end":{"line":235,"column":38}},{"start":{"line":235,"column":42},"end":{"line":235,"column":54}}],"line":235},"11":{"loc":{"start":{"line":243,"column":2},"end":{"line":243,"column":46}},"type":"if","locations":[{"start":{"line":243,"column":2},"end":{"line":243,"column":46}},{"start":{},"end":{}}],"line":243},"12":{"loc":{"start":{"line":244,"column":2},"end":{"line":244,"column":49}},"type":"if","locations":[{"start":{"line":244,"column":2},"end":{"line":244,"column":49}},{"start":{},"end":{}}],"line":244},"13":{"loc":{"start":{"line":245,"column":2},"end":{"line":245,"column":52}},"type":"if","locations":[{"start":{"line":245,"column":2},"end":{"line":245,"column":52}},{"start":{},"end":{}}],"line":245},"14":{"loc":{"start":{"line":257,"column":2},"end":{"line":269,"column":3}},"type":"if","locations":[{"start":{"line":257,"column":2},"end":{"line":269,"column":3}},{"start":{},"end":{}}],"line":257}},"s":{"0":0,"1":0,"2":0,"3":0,"4":0,"5":0,"6":0,"7":0,"8":0,"9":0,"10":0,"11":0,"12":0,"13":0,"14":0,"15":0,"16":0,"17":0,"18":0,"19":0,"20":0,"21":0,"22":0,"23":0,"24":0,"25":0,"26":0,"27":0,"28":0,"29":0,"30":0,"31":0,"32":0,"33":0,"34":0,"35":0,"36":0,"37":0,"38":0,"39":0,"40":0,"41":0,"42":0,"43":0,"44":0,"45":0,"46":0,"47":0,"48":0,"49":0,"50":0,"51":0,"52":0,"53":0,"54":0,"55":0,"56":0,"57":0},"f":{"0":0,"1":0,"2":0,"3":0,"4":0,"5":0,"6":0,"7":0,"8":0,"9":0,"10":0},"b":{"0":[0],"1":[0,0],"2":[0,0],"3":[0,0],"4":[0,0],"5":[0,0],"6":[0,0],"7":[0,0],"8":[0,0],"9":[0,0],"10":[0,0],"11":[0,0],"12":[0,0],"13":[0,0],"14":[0,0]}}
,"C:\\Users\\Alejandro\\Documents\\Github\\Medicare-Booking-main\\backend\\validators\\schemas\\auth.schemas.js": {"path":"C:\\Users\\Alejandro\\Documents\\Github\\Medicare-Booking-main\\backend\\validators\\schemas\\auth.schemas.js","statementMap":{"0":{"start":{"line":33,"column":30},"end":{"line":76,"column":2}},"1":{"start":{"line":90,"column":27},"end":{"line":114,"column":2}},"2":{"start":{"line":125,"column":42},"end":{"line":127,"column":2}},"3":{"start":{"line":138,"column":42},"end":{"line":154,"column":2}},"4":{"start":{"line":165,"column":36},"end":{"line":185,"column":2}},"5":{"start":{"line":192,"column":39},"end":{"line":202,"column":2}},"6":{"start":{"line":209,"column":36},"end":{"line":219,"column":2}},"7":{"start":{"line":226,"column":36},"end":{"line":243,"column":2}}},"fnMap":{},"branchMap":{},"s":{"0":1,"1":1,"2":1,"3":1,"4":1,"5":1,"6":1,"7":1},"f":{},"b":{},"_coverageSchema":"1a1c01bbd47fc00a2c39e90264f33305004495a9","hash":"ba6123a0723eeb2f5bd5653cc46db6f57a680311"}
,"C:\\Users\\Alejandro\\Documents\\Github\\Medicare-Booking-main\\backend\\validators\\schemas\\booking.schemas.js": {"path":"C:\\Users\\Alejandro\\Documents\\Github\\Medicare-Booking-main\\backend\\validators\\schemas\\booking.schemas.js","statementMap":{"0":{"start":{"line":35,"column":35},"end":{"line":103,"column":2}},"1":{"start":{"line":44,"column":19},"end":{"line":44,"column":34}},"2":{"start":{"line":45,"column":19},"end":{"line":45,"column":34}},"3":{"start":{"line":48,"column":6},"end":{"line":50,"column":7}},"4":{"start":{"line":49,"column":8},"end":{"line":49,"column":50}},"5":{"start":{"line":53,"column":29},"end":{"line":53,"column":66}},"6":{"start":{"line":54,"column":6},"end":{"line":56,"column":7}},"7":{"start":{"line":55,"column":8},"end":{"line":55,"column":45}},"8":{"start":{"line":59,"column":24},"end":{"line":59,"column":37}},"9":{"start":{"line":60,"column":6},"end":{"line":62,"column":7}},"10":{"start":{"line":61,"column":8},"end":{"line":61,"column":45}},"11":{"start":{"line":64,"column":6},"end":{"line":64,"column":19}},"12":{"start":{"line":120,"column":35},"end":{"line":161,"column":4}},"13":{"start":{"line":126,"column":19},"end":{"line":126,"column":34}},"14":{"start":{"line":127,"column":19},"end":{"line":127,"column":34}},"15":{"start":{"line":129,"column":6},"end":{"line":131,"column":7}},"16":{"start":{"line":130,"column":8},"end":{"line":130,"column":50}},"17":{"start":{"line":133,"column":29},"end":{"line":133,"column":66}},"18":{"start":{"line":134,"column":6},"end":{"line":136,"column":7}},"19":{"start":{"line":135,"column":8},"end":{"line":135,"column":45}},"20":{"start":{"line":138,"column":6},"end":{"line":138,"column":19}},"21":{"start":{"line":173,"column":35},"end":{"line":183,"column":2}},"22":{"start":{"line":200,"column":38},"end":{"line":229,"column":2}},"23":{"start":{"line":241,"column":33},"end":{"line":262,"column":2}}},"fnMap":{"0":{"name":"(anonymous_0)","decl":{"start":{"line":43,"column":12},"end":{"line":43,"column":13}},"loc":{"start":{"line":43,"column":32},"end":{"line":65,"column":5}},"line":43},"1":{"name":"(anonymous_1)","decl":{"start":{"line":125,"column":12},"end":{"line":125,"column":13}},"loc":{"start":{"line":125,"column":32},"end":{"line":139,"column":5}},"line":125}},"branchMap":{"0":{"loc":{"start":{"line":48,"column":6},"end":{"line":50,"column":7}},"type":"if","locations":[{"start":{"line":48,"column":6},"end":{"line":50,"column":7}},{"start":{},"end":{}}],"line":48},"1":{"loc":{"start":{"line":48,"column":10},"end":{"line":48,"column":32}},"type":"binary-expr","locations":[{"start":{"line":48,"column":10},"end":{"line":48,"column":18}},{"start":{"line":48,"column":22},"end":{"line":48,"column":32}}],"line":48},"2":{"loc":{"start":{"line":54,"column":6},"end":{"line":56,"column":7}},"type":"if","locations":[{"start":{"line":54,"column":6},"end":{"line":56,"column":7}},{"start":{},"end":{}}],"line":54},"3":{"loc":{"start":{"line":60,"column":6},"end":{"line":62,"column":7}},"type":"if","locations":[{"start":{"line":60,"column":6},"end":{"line":62,"column":7}},{"start":{},"end":{}}],"line":60},"4":{"loc":{"start":{"line":60,"column":10},"end":{"line":60,"column":44}},"type":"binary-expr","locations":[{"start":{"line":60,"column":10},"end":{"line":60,"column":25}},{"start":{"line":60,"column":29},"end":{"line":60,"column":44}}],"line":60},"5":{"loc":{"start":{"line":129,"column":6},"end":{"line":131,"column":7}},"type":"if","locations":[{"start":{"line":129,"column":6},"end":{"line":131,"column":7}},{"start":{},"end":{}}],"line":129},"6":{"loc":{"start":{"line":129,"column":10},"end":{"line":129,"column":32}},"type":"binary-expr","locations":[{"start":{"line":129,"column":10},"end":{"line":129,"column":18}},{"start":{"line":129,"column":22},"end":{"line":129,"column":32}}],"line":129},"7":{"loc":{"start":{"line":134,"column":6},"end":{"line":136,"column":7}},"type":"if","locations":[{"start":{"line":134,"column":6},"end":{"line":136,"column":7}},{"start":{},"end":{}}],"line":134}},"s":{"0":1,"1":0,"2":0,"3":0,"4":0,"5":0,"6":0,"7":0,"8":0,"9":0,"10":0,"11":0,"12":1,"13":1,"14":1,"15":1,"16":0,"17":1,"18":1,"19":0,"20":1,"21":1,"22":1,"23":1},"f":{"0":0,"1":1},"b":{"0":[0,0],"1":[0,0],"2":[0,0],"3":[0,0],"4":[0,0],"5":[0,1],"6":[1,1],"7":[0,1]},"_coverageSchema":"1a1c01bbd47fc00a2c39e90264f33305004495a9","hash":"7a2b9672ff054a0afe2e6171b1a90b40421d84f2"}
,"C:\\Users\\Alejandro\\Documents\\Github\\Medicare-Booking-main\\backend\\validators\\schemas\\clinical.schemas.js": {"path":"C:\\Users\\Alejandro\\Documents\\Github\\Medicare-Booking-main\\backend\\validators\\schemas\\clinical.schemas.js","statementMap":{"0":{"start":{"line":35,"column":35},"end":{"line":149,"column":2}},"1":{"start":{"line":160,"column":45},"end":{"line":205,"column":2}},"2":{"start":{"line":216,"column":34},"end":{"line":260,"column":2}},"3":{"start":{"line":271,"column":43},"end":{"line":311,"column":2}},"4":{"start":{"line":323,"column":38},"end":{"line":363,"column":2}},"5":{"start":{"line":373,"column":38},"end":{"line":418,"column":2}},"6":{"start":{"line":423,"column":36},"end":{"line":435,"column":2}},"7":{"start":{"line":440,"column":32},"end":{"line":444,"column":2}}},"fnMap":{},"branchMap":{},"s":{"0":0,"1":0,"2":0,"3":0,"4":0,"5":0,"6":0,"7":0},"f":{},"b":{}}
,"C:\\Users\\Alejandro\\Documents\\Github\\Medicare-Booking-main\\backend\\validators\\schemas\\common.schemas.js": {"path":"C:\\Users\\Alejandro\\Documents\\Github\\Medicare-Booking-main\\backend\\validators\\schemas\\common.schemas.js","statementMap":{"0":{"start":{"line":25,"column":29},"end":{"line":32,"column":4}},"1":{"start":{"line":44,"column":27},"end":{"line":53,"column":4}},"2":{"start":{"line":70,"column":30},"end":{"line":79,"column":4}},"3":{"start":{"line":93,"column":27},"end":{"line":99,"column":4}},"4":{"start":{"line":112,"column":29},"end":{"line":118,"column":4}},"5":{"start":{"line":131,"column":32},"end":{"line":151,"column":2}},"6":{"start":{"line":160,"column":26},"end":{"line":165,"column":4}},"7":{"start":{"line":176,"column":25},"end":{"line":181,"column":4}},"8":{"start":{"line":191,"column":30},"end":{"line":199,"column":4}},"9":{"start":{"line":204,"column":31},"end":{"line":214,"column":4}}},"fnMap":{},"branchMap":{},"s":{"0":6,"1":6,"2":6,"3":6,"4":6,"5":6,"6":6,"7":6,"8":6,"9":6},"f":{},"b":{},"_coverageSchema":"1a1c01bbd47fc00a2c39e90264f33305004495a9","hash":"57e2385a59d295b10a29c300d3a90028ad072ad4"}
,"C:\\Users\\Alejandro\\Documents\\Github\\Medicare-Booking-main\\backend\\validators\\schemas\\doctor.schemas.js": {"path":"C:\\Users\\Alejandro\\Documents\\Github\\Medicare-Booking-main\\backend\\validators\\schemas\\doctor.schemas.js","statementMap":{"0":{"start":{"line":46,"column":34},"end":{"line":262,"column":4}},"1":{"start":{"line":269,"column":35},"end":{"line":274,"column":2}},"2":{"start":{"line":291,"column":37},"end":{"line":349,"column":2}},"3":{"start":{"line":361,"column":34},"end":{"line":366,"column":2}},"4":{"start":{"line":382,"column":35},"end":{"line":409,"column":2}}},"fnMap":{},"branchMap":{},"s":{"0":0,"1":0,"2":0,"3":0,"4":0},"f":{},"b":{}}
,"C:\\Users\\Alejandro\\Documents\\Github\\Medicare-Booking-main\\backend\\validators\\schemas\\health.schemas.js": {"path":"C:\\Users\\Alejandro\\Documents\\Github\\Medicare-Booking-main\\backend\\validators\\schemas\\health.schemas.js","statementMap":{"0":{"start":{"line":34,"column":40},"end":{"line":313,"column":4}},"1":{"start":{"line":45,"column":19},"end":{"line":45,"column":29}},"2":{"start":{"line":321,"column":40},"end":{"line":326,"column":4}},"3":{"start":{"line":322,"column":30},"end":{"line":322,"column":47}},"4":{"start":{"line":336,"column":43},"end":{"line":376,"column":2}},"5":{"start":{"line":381,"column":40},"end":{"line":386,"column":2}}},"fnMap":{"0":{"name":"(anonymous_0)","decl":{"start":{"line":45,"column":13},"end":{"line":45,"column":14}},"loc":{"start":{"line":45,"column":19},"end":{"line":45,"column":29}},"line":45},"1":{"name":"(anonymous_1)","decl":{"start":{"line":322,"column":18},"end":{"line":322,"column":19}},"loc":{"start":{"line":322,"column":30},"end":{"line":322,"column":47}},"line":322}},"branchMap":{},"s":{"0":1,"1":12,"2":1,"3":1,"4":1,"5":1},"f":{"0":12,"1":1},"b":{},"_coverageSchema":"1a1c01bbd47fc00a2c39e90264f33305004495a9","hash":"4f1bda5adfab175ffb384751c583ada1db85ade3"}
,"C:\\Users\\Alejandro\\Documents\\Github\\Medicare-Booking-main\\backend\\validators\\schemas\\psychology.schemas.js": {"path":"C:\\Users\\Alejandro\\Documents\\Github\\Medicare-Booking-main\\backend\\validators\\schemas\\psychology.schemas.js","statementMap":{"0":{"start":{"line":32,"column":45},"end":{"line":91,"column":2}},"1":{"start":{"line":103,"column":35},"end":{"line":209,"column":2}},"2":{"start":{"line":221,"column":38},"end":{"line":304,"column":2}},"3":{"start":{"line":254,"column":19},"end":{"line":254,"column":29}},"4":{"start":{"line":316,"column":41},"end":{"line":416,"column":2}},"5":{"start":{"line":421,"column":41},"end":{"line":424,"column":9}},"6":{"start":{"line":422,"column":33},"end":{"line":422,"column":51}},"7":{"start":{"line":423,"column":48},"end":{"line":423,"column":65}},"8":{"start":{"line":429,"column":40},"end":{"line":440,"column":2}},"9":{"start":{"line":445,"column":34},"end":{"line":448,"column":2}}},"fnMap":{"0":{"name":"(anonymous_0)","decl":{"start":{"line":254,"column":13},"end":{"line":254,"column":14}},"loc":{"start":{"line":254,"column":19},"end":{"line":254,"column":29}},"line":254},"1":{"name":"(anonymous_1)","decl":{"start":{"line":422,"column":21},"end":{"line":422,"column":22}},"loc":{"start":{"line":422,"column":33},"end":{"line":422,"column":51}},"line":422},"2":{"name":"(anonymous_2)","decl":{"start":{"line":423,"column":36},"end":{"line":423,"column":37}},"loc":{"start":{"line":423,"column":48},"end":{"line":423,"column":65}},"line":423}},"branchMap":{},"s":{"0":1,"1":1,"2":1,"3":0,"4":1,"5":1,"6":1,"7":2,"8":1,"9":1},"f":{"0":0,"1":1,"2":2},"b":{},"_coverageSchema":"1a1c01bbd47fc00a2c39e90264f33305004495a9","hash":"f33f38610c84fc390dac7b75c995ccaac985ddde"}
,"C:\\Users\\Alejandro\\Documents\\Github\\Medicare-Booking-main\\backend\\validators\\schemas\\review.schemas.js": {"path":"C:\\Users\\Alejandro\\Documents\\Github\\Medicare-Booking-main\\backend\\validators\\schemas\\review.schemas.js","statementMap":{"0":{"start":{"line":41,"column":34},"end":{"line":95,"column":2}},"1":{"start":{"line":111,"column":34},"end":{"line":132,"column":4}},"2":{"start":{"line":139,"column":35},"end":{"line":144,"column":2}},"3":{"start":{"line":160,"column":43},"end":{"line":208,"column":2}},"4":{"start":{"line":220,"column":34},"end":{"line":225,"column":2}},"5":{"start":{"line":241,"column":34},"end":{"line":279,"column":2}}},"fnMap":{},"branchMap":{},"s":{"0":1,"1":1,"2":1,"3":1,"4":1,"5":1},"f":{},"b":{},"_coverageSchema":"1a1c01bbd47fc00a2c39e90264f33305004495a9","hash":"c52106ca8650dc0ce78e29d38f985015211920bd"}
,"C:\\Users\\Alejandro\\Documents\\Github\\Medicare-Booking-main\\backend\\validators\\schemas\\user.schemas.js": {"path":"C:\\Users\\Alejandro\\Documents\\Github\\Medicare-Booking-main\\backend\\validators\\schemas\\user.schemas.js","statementMap":{"0":{"start":{"line":45,"column":32},"end":{"line":81,"column":4}},"1":{"start":{"line":93,"column":33},"end":{"line":98,"column":2}},"2":{"start":{"line":113,"column":35},"end":{"line":138,"column":2}},"3":{"start":{"line":155,"column":32},"end":{"line":160,"column":2}},"4":{"start":{"line":176,"column":33},"end":{"line":203,"column":2}}},"fnMap":{},"branchMap":{},"s":{"0":0,"1":0,"2":0,"3":0,"4":0},"f":{},"b":{}}
}
