TN:
SF:create_test_booking.js
FN:10,(anonymous_0)
FNF:1
FNH:0
FNDA:0,(anonymous_0)
DA:7,0
DA:8,0
DA:10,0
DA:11,0
DA:12,0
DA:13,0
DA:15,0
DA:16,0
DA:19,0
DA:20,0
DA:22,0
DA:24,0
DA:25,0
DA:26,0
DA:27,0
DA:29,0
DA:39,0
DA:40,0
DA:43,0
DA:44,0
DA:46,0
DA:48,0
DA:49,0
DA:53,0
LF:24
LH:0
BRDA:16,0,0,0
BRDA:16,0,1,0
BRDA:20,1,0,0
BRDA:20,1,1,0
BRF:4
BRH:0
end_of_record
TN:
SF:create_test_user.js
FN:9,(anonymous_0)
FNF:1
FNH:0
FNDA:0,(anonymous_0)
DA:6,0
DA:7,0
DA:9,0
DA:10,0
DA:11,0
DA:12,0
DA:14,0
DA:15,0
DA:18,0
DA:19,0
DA:20,0
DA:21,0
DA:22,0
DA:23,0
DA:24,0
DA:26,0
DA:27,0
DA:28,0
DA:30,0
DA:42,0
DA:43,0
DA:46,0
DA:47,0
DA:48,0
DA:51,0
DA:52,0
DA:54,0
DA:55,0
DA:59,0
LF:29
LH:0
BRDA:19,0,0,0
BRDA:19,0,1,0
BRF:2
BRH:0
end_of_record
TN:
SF:test-mongo-conn.js
FN:8,test
FNF:1
FNH:0
FNDA:0,test
DA:4,0
DA:6,0
DA:9,0
DA:10,0
DA:11,0
DA:12,0
DA:13,0
DA:14,0
DA:16,0
DA:17,0
DA:18,0
DA:22,0
LF:12
LH:0
BRDA:10,0,0,0
BRDA:10,0,1,0
BRDA:17,1,0,0
BRDA:17,1,1,0
BRDA:17,2,0,0
BRDA:17,2,1,0
BRF:6
BRH:0
end_of_record
TN:
SF:Controllers\authController.js
FN:10,(anonymous_0)
FN:26,(anonymous_1)
FN:59,(anonymous_2)
FN:64,(anonymous_3)
FN:73,(anonymous_4)
FN:74,(anonymous_5)
FN:77,(anonymous_6)
FN:93,(anonymous_7)
FN:135,(anonymous_8)
FN:142,(anonymous_9)
FN:163,(anonymous_10)
FN:167,(anonymous_11)
FN:176,(anonymous_12)
FN:182,(anonymous_13)
FN:270,(anonymous_14)
FN:397,(anonymous_15)
FN:403,(anonymous_16)
FN:410,(anonymous_17)
FN:443,(anonymous_18)
FNF:19
FNH:0
FNDA:0,(anonymous_0)
FNDA:0,(anonymous_1)
FNDA:0,(anonymous_2)
FNDA:0,(anonymous_3)
FNDA:0,(anonymous_4)
FNDA:0,(anonymous_5)
FNDA:0,(anonymous_6)
FNDA:0,(anonymous_7)
FNDA:0,(anonymous_8)
FNDA:0,(anonymous_9)
FNDA:0,(anonymous_10)
FNDA:0,(anonymous_11)
FNDA:0,(anonymous_12)
FNDA:0,(anonymous_13)
FNDA:0,(anonymous_14)
FNDA:0,(anonymous_15)
FNDA:0,(anonymous_16)
FNDA:0,(anonymous_17)
FNDA:0,(anonymous_18)
DA:10,0
DA:11,0
DA:12,0
DA:22,0
DA:26,0
DA:27,0
DA:28,0
DA:29,0
DA:47,0
DA:51,0
DA:59,0
DA:60,0
DA:61,0
DA:64,0
DA:65,0
DA:73,0
DA:74,0
DA:77,0
DA:78,0
DA:79,0
DA:80,0
DA:81,0
DA:82,0
DA:83,0
DA:86,0
DA:87,0
DA:88,0
DA:89,0
DA:91,0
DA:93,0
DA:95,0
DA:135,0
DA:136,0
DA:137,0
DA:138,0
DA:139,0
DA:142,0
DA:143,0
DA:144,0
DA:146,0
DA:163,0
DA:164,0
DA:167,0
DA:168,0
DA:169,0
DA:170,0
DA:171,0
DA:173,0
DA:176,0
DA:177,0
DA:178,0
DA:179,0
DA:182,0
DA:184,0
DA:186,0
DA:188,0
DA:189,0
DA:190,0
DA:192,0
DA:193,0
DA:195,0
DA:196,0
DA:199,0
DA:200,0
DA:201,0
DA:204,0
DA:205,0
DA:207,0
DA:212,0
DA:215,0
DA:216,0
DA:221,0
DA:222,0
DA:224,0
DA:225,0
DA:234,0
DA:244,0
DA:245,0
DA:246,0
DA:248,0
DA:250,0
DA:256,0
DA:262,0
DA:263,0
DA:270,0
DA:272,0
DA:274,0
DA:275,0
DA:276,0
DA:277,0
DA:279,0
DA:280,0
DA:283,0
DA:284,0
DA:285,0
DA:289,0
DA:291,0
DA:292,0
DA:294,0
DA:295,0
DA:298,0
DA:299,0
DA:303,0
DA:306,0
DA:311,0
DA:312,0
DA:313,0
DA:316,0
DA:317,0
DA:318,0
DA:323,0
DA:328,0
DA:329,0
DA:330,0
DA:331,0
DA:333,0
DA:338,0
DA:341,0
DA:342,0
DA:348,0
DA:358,0
DA:359,0
DA:361,0
DA:362,0
DA:363,0
DA:368,0
DA:369,0
DA:372,0
DA:378,0
DA:380,0
DA:390,0
DA:391,0
DA:397,0
DA:398,0
DA:399,0
DA:400,0
DA:403,0
DA:404,0
DA:405,0
DA:406,0
DA:407,0
DA:410,0
DA:411,0
DA:412,0
DA:413,0
DA:414,0
DA:417,0
DA:418,0
DA:423,0
DA:424,0
DA:425,0
DA:428,0
DA:429,0
DA:432,0
DA:433,0
DA:434,0
DA:435,0
DA:437,0
DA:439,0
DA:443,0
DA:444,0
DA:445,0
DA:446,0
DA:447,0
DA:450,0
DA:451,0
DA:452,0
DA:455,0
DA:456,0
DA:459,0
DA:460,0
DA:463,0
DA:464,0
DA:465,0
DA:466,0
DA:468,0
DA:474,0
DA:476,0
LF:178
LH:0
BRDA:10,0,0,0
BRDA:14,1,0,0
BRDA:14,1,1,0
BRDA:59,2,0,0
BRDA:61,3,0,0
BRDA:61,3,1,0
BRDA:73,4,0,0
BRDA:74,5,0,0
BRDA:77,6,0,0
BRDA:83,7,0,0
BRDA:83,7,1,0
BRDA:83,7,2,0
BRDA:83,7,3,0
BRDA:83,7,4,0
BRDA:86,8,0,0
BRDA:86,8,1,0
BRDA:87,9,0,0
BRDA:87,9,1,0
BRDA:88,10,0,0
BRDA:88,10,1,0
BRDA:91,11,0,0
BRDA:91,11,1,0
BRDA:143,12,0,0
BRDA:143,12,1,0
BRDA:143,13,0,0
BRDA:143,13,1,0
BRDA:164,14,0,0
BRDA:164,14,1,0
BRDA:168,15,0,0
BRDA:168,15,1,0
BRDA:170,16,0,0
BRDA:170,16,1,0
BRDA:184,17,0,0
BRDA:189,18,0,0
BRDA:189,18,1,0
BRDA:189,19,0,0
BRDA:189,19,1,0
BRDA:192,20,0,0
BRDA:192,20,1,0
BRDA:195,21,0,0
BRDA:195,21,1,0
BRDA:200,22,0,0
BRDA:200,22,1,0
BRDA:212,23,0,0
BRDA:212,23,1,0
BRDA:215,24,0,0
BRDA:215,24,1,0
BRDA:224,25,0,0
BRDA:224,25,1,0
BRDA:276,26,0,0
BRDA:276,26,1,0
BRDA:276,27,0,0
BRDA:276,27,1,0
BRDA:279,28,0,0
BRDA:279,28,1,0
BRDA:284,29,0,0
BRDA:284,29,1,0
BRDA:294,30,0,0
BRDA:294,30,1,0
BRDA:298,31,0,0
BRDA:298,31,1,0
BRDA:303,32,0,0
BRDA:303,32,1,0
BRDA:311,33,0,0
BRDA:311,33,1,0
BRDA:316,34,0,0
BRDA:316,34,1,0
BRDA:317,35,0,0
BRDA:317,35,1,0
BRDA:317,36,0,0
BRDA:317,36,1,0
BRDA:317,36,2,0
BRDA:328,37,0,0
BRDA:328,37,1,0
BRDA:341,38,0,0
BRDA:341,38,1,0
BRDA:361,39,0,0
BRDA:361,39,1,0
BRDA:361,40,0,0
BRDA:361,40,1,0
BRDA:413,41,0,0
BRDA:413,41,1,0
BRDA:424,42,0,0
BRDA:424,42,1,0
BRDA:428,43,0,0
BRDA:428,43,1,0
BRDA:445,44,0,0
BRDA:445,44,1,0
BRDA:446,45,0,0
BRDA:446,45,1,0
BRDA:446,46,0,0
BRDA:446,46,1,0
BRDA:451,47,0,0
BRDA:451,47,1,0
BRDA:455,48,0,0
BRDA:455,48,1,0
BRDA:459,49,0,0
BRDA:459,49,1,0
BRF:98
BRH:0
end_of_record
TN:
SF:Controllers\bookingController.js
FN:10,(anonymous_0)
FN:56,(anonymous_1)
FN:199,(anonymous_2)
FN:200,(anonymous_3)
FN:226,(anonymous_4)
FN:227,(anonymous_5)
FN:252,(anonymous_6)
FN:276,(anonymous_7)
FN:276,(anonymous_8)
FN:301,(anonymous_9)
FN:317,(anonymous_10)
FN:336,(anonymous_11)
FNF:12
FNH:0
FNDA:0,(anonymous_0)
FNDA:0,(anonymous_1)
FNDA:0,(anonymous_2)
FNDA:0,(anonymous_3)
FNDA:0,(anonymous_4)
FNDA:0,(anonymous_5)
FNDA:0,(anonymous_6)
FNDA:0,(anonymous_7)
FNDA:0,(anonymous_8)
FNDA:0,(anonymous_9)
FNDA:0,(anonymous_10)
FNDA:0,(anonymous_11)
DA:10,0
DA:11,0
DA:12,0
DA:13,0
DA:14,0
DA:15,0
DA:16,0
DA:38,0
DA:45,0
DA:46,0
DA:48,0
DA:49,0
DA:56,0
DA:57,0
DA:67,0
DA:68,0
DA:69,0
DA:70,0
DA:71,0
DA:73,0
DA:74,0
DA:77,0
DA:78,0
DA:79,0
DA:80,0
DA:82,0
DA:83,0
DA:85,0
DA:86,0
DA:89,0
DA:91,0
DA:92,0
DA:95,0
DA:96,0
DA:99,0
DA:100,0
DA:101,0
DA:106,0
DA:107,0
DA:113,0
DA:115,0
DA:116,0
DA:118,0
DA:123,0
DA:124,0
DA:126,0
DA:127,0
DA:129,0
DA:132,0
DA:133,0
DA:136,0
DA:137,0
DA:138,0
DA:141,0
DA:142,0
DA:143,0
DA:145,0
DA:147,0
DA:148,0
DA:149,0
DA:152,0
DA:162,0
DA:173,0
DA:174,0
DA:175,0
DA:176,0
DA:179,0
DA:180,0
DA:181,0
DA:199,0
DA:200,0
DA:202,0
DA:206,0
DA:207,0
DA:208,0
DA:226,0
DA:227,0
DA:230,0
DA:234,0
DA:244,0
DA:245,0
DA:252,0
DA:253,0
DA:254,0
DA:255,0
DA:257,0
DA:261,0
DA:262,0
DA:265,0
DA:266,0
DA:270,0
DA:271,0
DA:275,0
DA:276,0
DA:278,0
DA:282,0
DA:283,0
DA:284,0
DA:285,0
DA:288,0
DA:289,0
DA:301,0
DA:305,0
DA:306,0
DA:317,0
DA:320,0
DA:324,0
DA:326,0
DA:329,0
DA:330,0
DA:336,0
DA:337,0
DA:338,0
DA:340,0
DA:344,0
DA:351,0
DA:352,0
LF:117
LH:0
BRDA:10,0,0,0
BRDA:12,1,0,0
BRDA:12,1,1,0
BRDA:14,2,0,0
BRDA:14,2,1,0
BRDA:17,3,0,0
BRDA:17,3,1,0
BRDA:17,4,0,0
BRDA:17,4,1,0
BRDA:46,5,0,0
BRDA:46,5,1,0
BRDA:66,6,0,0
BRDA:69,7,0,0
BRDA:69,7,1,0
BRDA:70,8,0,0
BRDA:70,8,1,0
BRDA:71,9,0,0
BRDA:71,9,1,0
BRDA:73,10,0,0
BRDA:73,10,1,0
BRDA:73,11,0,0
BRDA:73,11,1,0
BRDA:82,12,0,0
BRDA:82,12,1,0
BRDA:85,13,0,0
BRDA:85,13,1,0
BRDA:85,14,0,0
BRDA:85,14,1,0
BRDA:91,15,0,0
BRDA:91,15,1,0
BRDA:95,16,0,0
BRDA:95,16,1,0
BRDA:95,17,0,0
BRDA:95,17,1,0
BRDA:99,18,0,0
BRDA:99,18,1,0
BRDA:99,19,0,0
BRDA:99,19,1,0
BRDA:100,20,0,0
BRDA:100,20,1,0
BRDA:115,21,0,0
BRDA:115,21,1,0
BRDA:123,22,0,0
BRDA:123,22,1,0
BRDA:132,23,0,0
BRDA:132,23,1,0
BRDA:137,24,0,0
BRDA:137,24,1,0
BRDA:142,25,0,0
BRDA:142,25,1,0
BRDA:148,26,0,0
BRDA:148,26,1,0
BRDA:156,27,0,0
BRDA:156,27,1,0
BRDA:179,28,0,0
BRDA:179,28,1,0
BRDA:206,29,0,0
BRDA:206,29,1,0
BRDA:261,30,0,0
BRDA:261,30,1,0
BRDA:265,31,0,0
BRDA:265,31,1,0
BRDA:270,32,0,0
BRDA:270,32,1,0
BRDA:288,33,0,0
BRDA:288,33,1,0
BRDA:305,34,0,0
BRDA:305,34,1,0
BRF:68
BRH:0
end_of_record
TN:
SF:Controllers\calendarController.js
FN:15,(anonymous_0)
FN:34,(anonymous_1)
FN:95,(anonymous_2)
FN:112,(anonymous_3)
FN:172,(anonymous_4)
FN:201,(anonymous_5)
FN:239,(anonymous_6)
FNF:7
FNH:0
FNDA:0,(anonymous_0)
FNDA:0,(anonymous_1)
FNDA:0,(anonymous_2)
FNDA:0,(anonymous_3)
FNDA:0,(anonymous_4)
FNDA:0,(anonymous_5)
FNDA:0,(anonymous_6)
DA:15,0
DA:16,0
DA:22,0
DA:28,0
DA:34,0
DA:35,0
DA:36,0
DA:38,0
DA:39,0
DA:41,0
DA:42,0
DA:43,0
DA:45,0
DA:46,0
DA:47,0
DA:56,0
DA:58,0
DA:71,0
DA:72,0
DA:79,0
DA:82,0
DA:84,0
DA:87,0
DA:88,0
DA:95,0
DA:96,0
DA:97,0
DA:100,0
DA:101,0
DA:102,0
DA:104,0
DA:105,0
DA:112,0
DA:113,0
DA:114,0
DA:115,0
DA:116,0
DA:118,0
DA:119,0
DA:121,0
DA:135,0
DA:140,0
DA:142,0
DA:151,0
DA:159,0
DA:160,0
DA:161,0
DA:172,0
DA:173,0
DA:174,0
DA:175,0
DA:176,0
DA:178,0
DA:187,0
DA:193,0
DA:194,0
DA:201,0
DA:202,0
DA:203,0
DA:204,0
DA:206,0
DA:207,0
DA:209,0
DA:220,0
DA:228,0
DA:231,0
DA:232,0
DA:239,0
DA:240,0
DA:241,0
DA:242,0
DA:244,0
DA:245,0
DA:247,0
DA:252,0
DA:254,0
DA:257,0
DA:258,0
LF:78
LH:0
BRDA:46,0,0,0
BRDA:46,0,1,0
BRDA:71,1,0,0
BRDA:71,1,1,0
BRDA:77,2,0,0
BRDA:77,2,1,0
BRDA:79,3,0,0
BRDA:79,3,1,0
BRDA:101,4,0,0
BRDA:101,4,1,0
BRDA:102,5,0,0
BRDA:102,5,1,0
BRDA:104,6,0,0
BRDA:104,6,1,0
BRDA:104,7,0,0
BRDA:104,7,1,0
BRDA:104,7,2,0
BRDA:104,7,3,0
BRDA:112,8,0,0
BRDA:112,8,1,0
BRDA:114,9,0,0
BRDA:114,9,1,0
BRDA:146,10,0,0
BRDA:146,10,1,0
BRDA:159,11,0,0
BRDA:159,11,1,0
BRDA:159,11,2,0
BRDA:160,12,0,0
BRDA:160,12,1,0
BRDA:163,13,0,0
BRDA:163,13,1,0
BRDA:224,14,0,0
BRDA:224,14,1,0
BRF:33
BRH:0
end_of_record
TN:
SF:Controllers\clinicalController.js
FN:10,(anonymous_0)
FN:74,(anonymous_1)
FN:83,(anonymous_2)
FN:109,(anonymous_3)
FN:117,(anonymous_4)
FN:117,(anonymous_5)
FN:118,(anonymous_6)
FN:118,(anonymous_7)
FN:136,(anonymous_8)
FN:144,(anonymous_9)
FN:154,(anonymous_10)
FN:169,(anonymous_11)
FNF:12
FNH:0
FNDA:0,(anonymous_0)
FNDA:0,(anonymous_1)
FNDA:0,(anonymous_2)
FNDA:0,(anonymous_3)
FNDA:0,(anonymous_4)
FNDA:0,(anonymous_5)
FNDA:0,(anonymous_6)
FNDA:0,(anonymous_7)
FNDA:0,(anonymous_8)
FNDA:0,(anonymous_9)
FNDA:0,(anonymous_10)
FNDA:0,(anonymous_11)
DA:10,0
DA:11,0
DA:12,0
DA:14,0
DA:15,0
DA:18,0
DA:25,0
DA:27,0
DA:59,0
DA:66,0
DA:69,0
DA:70,0
DA:74,0
DA:75,0
DA:76,0
DA:77,0
DA:78,0
DA:80,0
DA:81,0
DA:82,0
DA:83,0
DA:85,0
DA:88,0
DA:89,0
DA:91,0
DA:93,0
DA:94,0
DA:95,0
DA:96,0
DA:97,0
DA:100,0
DA:102,0
DA:104,0
DA:105,0
DA:109,0
DA:110,0
DA:111,0
DA:112,0
DA:113,0
DA:115,0
DA:116,0
DA:117,0
DA:118,0
DA:121,0
DA:122,0
DA:124,0
DA:126,0
DA:127,0
DA:129,0
DA:131,0
DA:132,0
DA:136,0
DA:137,0
DA:138,0
DA:139,0
DA:140,0
DA:141,0
DA:144,0
DA:145,0
DA:146,0
DA:147,0
DA:148,0
DA:149,0
DA:150,0
DA:151,0
DA:154,0
DA:155,0
DA:156,0
DA:157,0
DA:158,0
DA:163,0
DA:164,0
DA:165,0
DA:166,0
DA:169,0
DA:170,0
DA:171,0
DA:172,0
DA:177,0
DA:178,0
DA:179,0
DA:180,0
LF:82
LH:0
BRDA:14,0,0,0
BRDA:14,0,1,0
BRDA:25,1,0,0
BRDA:25,1,1,0
BRDA:35,2,0,0
BRDA:35,2,1,0
BRDA:39,3,0,0
BRDA:39,3,1,0
BRDA:62,4,0,0
BRDA:62,4,1,0
BRDA:81,5,0,0
BRDA:81,5,1,0
BRDA:81,6,0,0
BRDA:81,6,1,0
BRDA:82,7,0,0
BRDA:82,7,1,0
BRDA:82,8,0,0
BRDA:82,8,1,0
BRDA:83,9,0,0
BRDA:83,9,1,0
BRDA:83,10,0,0
BRDA:83,10,1,0
BRDA:83,10,2,0
BRDA:88,11,0,0
BRDA:88,11,1,0
BRDA:89,12,0,0
BRDA:89,12,1,0
BRDA:91,13,0,0
BRDA:91,13,1,0
BRDA:91,14,0,0
BRDA:91,14,1,0
BRDA:96,15,0,0
BRDA:96,15,1,0
BRDA:113,16,0,0
BRDA:113,17,0,0
BRDA:113,18,0,0
BRDA:113,18,1,0
BRDA:121,19,0,0
BRDA:121,19,1,0
BRDA:148,20,0,0
BRDA:148,20,1,0
BRDA:157,21,0,0
BRDA:157,21,1,0
BRDA:163,22,0,0
BRDA:163,22,1,0
BRDA:171,23,0,0
BRDA:171,23,1,0
BRDA:177,24,0,0
BRDA:177,24,1,0
BRF:49
BRH:0
end_of_record
TN:
SF:Controllers\doctorController.js
FN:4,(anonymous_0)
FN:26,(anonymous_1)
FN:46,(anonymous_2)
FN:68,(anonymous_3)
FN:100,(anonymous_4)
FN:133,(anonymous_5)
FN:145,(anonymous_6)
FN:167,(anonymous_7)
FN:181,(anonymous_8)
FN:194,(anonymous_9)
FNF:10
FNH:0
FNDA:0,(anonymous_0)
FNDA:0,(anonymous_1)
FNDA:0,(anonymous_2)
FNDA:0,(anonymous_3)
FNDA:0,(anonymous_4)
FNDA:0,(anonymous_5)
FNDA:0,(anonymous_6)
FNDA:0,(anonymous_7)
FNDA:0,(anonymous_8)
FNDA:0,(anonymous_9)
DA:4,0
DA:6,0
DA:8,0
DA:9,0
DA:14,0
DA:22,0
DA:26,0
DA:28,0
DA:30,0
DA:31,0
DA:34,0
DA:41,0
DA:46,0
DA:48,0
DA:50,0
DA:51,0
DA:55,0
DA:63,0
DA:68,0
DA:70,0
DA:72,0
DA:75,0
DA:76,0
DA:84,0
DA:88,0
DA:96,0
DA:100,0
DA:101,0
DA:103,0
DA:104,0
DA:106,0
DA:107,0
DA:112,0
DA:113,0
DA:117,0
DA:126,0
DA:133,0
DA:134,0
DA:135,0
DA:136,0
DA:137,0
DA:138,0
DA:141,0
DA:145,0
DA:159,0
DA:161,0
DA:162,0
DA:167,0
DA:168,0
DA:169,0
DA:170,0
DA:171,0
DA:172,0
DA:174,0
DA:176,0
DA:181,0
DA:182,0
DA:183,0
DA:184,0
DA:185,0
DA:186,0
DA:187,0
DA:189,0
DA:194,0
DA:195,0
DA:196,0
DA:197,0
DA:198,0
DA:199,0
DA:200,0
DA:202,0
DA:203,0
DA:204,0
DA:205,0
DA:206,0
DA:207,0
DA:209,0
DA:211,0
LF:78
LH:0
BRDA:75,0,0,0
BRDA:75,0,1,0
BRDA:106,1,0,0
BRDA:106,1,1,0
BRDA:137,2,0,0
BRDA:137,2,1,0
BRDA:147,3,0,0
BRDA:147,3,1,0
BRDA:150,4,0,0
BRDA:150,4,1,0
BRDA:156,5,0,0
BRDA:156,5,1,0
BRDA:172,6,0,0
BRDA:172,6,1,0
BRDA:186,7,0,0
BRDA:186,7,1,0
BRDA:200,8,0,0
BRDA:200,8,1,0
BRDA:202,9,0,0
BRDA:202,9,1,0
BRF:20
BRH:0
end_of_record
TN:
SF:Controllers\healthController.js
FN:6,(anonymous_0)
FN:15,(anonymous_1)
FN:24,(anonymous_2)
FN:38,(anonymous_3)
FN:48,(anonymous_4)
FN:64,(anonymous_5)
FN:73,(anonymous_6)
FN:83,(anonymous_7)
FN:92,(anonymous_8)
FNF:9
FNH:0
FNDA:0,(anonymous_0)
FNDA:0,(anonymous_1)
FNDA:0,(anonymous_2)
FNDA:0,(anonymous_3)
FNDA:0,(anonymous_4)
FNDA:0,(anonymous_5)
FNDA:0,(anonymous_6)
FNDA:0,(anonymous_7)
FNDA:0,(anonymous_8)
DA:6,0
DA:7,0
DA:8,0
DA:9,0
DA:11,0
DA:15,0
DA:16,0
DA:17,0
DA:18,0
DA:20,0
DA:24,0
DA:25,0
DA:26,0
DA:31,0
DA:32,0
DA:34,0
DA:38,0
DA:39,0
DA:40,0
DA:41,0
DA:42,0
DA:44,0
DA:48,0
DA:49,0
DA:50,0
DA:51,0
DA:52,0
DA:53,0
DA:55,0
DA:56,0
DA:57,0
DA:59,0
DA:64,0
DA:65,0
DA:66,0
DA:67,0
DA:69,0
DA:73,0
DA:74,0
DA:75,0
DA:76,0
DA:78,0
DA:83,0
DA:84,0
DA:85,0
DA:86,0
DA:88,0
DA:92,0
DA:93,0
DA:94,0
DA:95,0
DA:97,0
LF:52
LH:0
BRDA:31,0,0,0
BRDA:31,0,1,0
BRDA:41,1,0,0
BRDA:41,1,1,0
BRDA:51,2,0,0
BRDA:51,2,1,0
BRDA:52,3,0,0
BRDA:52,3,1,0
BRF:8
BRH:0
end_of_record
TN:
SF:Controllers\paymentController.js
FN:16,(anonymous_0)
FN:69,(anonymous_1)
FNF:2
FNH:0
FNDA:0,(anonymous_0)
FNDA:0,(anonymous_1)
DA:9,0
DA:10,0
DA:11,0
DA:12,0
DA:16,0
DA:17,0
DA:18,0
DA:19,0
DA:21,0
DA:22,0
DA:26,0
DA:27,0
DA:29,0
DA:32,0
DA:35,0
DA:38,0
DA:49,0
DA:51,0
DA:63,0
DA:64,0
DA:69,0
DA:70,0
DA:71,0
DA:73,0
DA:80,0
DA:81,0
DA:82,0
DA:84,0
DA:85,0
DA:86,0
DA:89,0
DA:90,0
DA:92,0
DA:93,0
DA:94,0
DA:98,0
DA:99,0
DA:103,0
DA:104,0
DA:105,0
DA:106,0
DA:108,0
DA:111,0
DA:112,0
DA:114,0
DA:115,0
DA:116,0
DA:117,0
DA:120,0
DA:137,0
DA:153,0
DA:156,0
DA:157,0
LF:53
LH:0
BRDA:9,0,0,0
BRDA:9,0,1,0
BRDA:10,1,0,0
BRDA:10,1,1,0
BRDA:11,2,0,0
BRDA:11,2,1,0
BRDA:12,3,0,0
BRDA:12,3,1,0
BRDA:21,4,0,0
BRDA:21,4,1,0
BRDA:21,5,0,0
BRDA:21,5,1,0
BRDA:41,6,0,0
BRDA:41,6,1,0
BRDA:84,7,0,0
BRDA:84,7,1,0
BRDA:92,8,0,0
BRDA:92,8,1,0
BRDA:98,9,0,0
BRDA:98,9,1,0
BRDA:111,10,0,0
BRDA:111,10,1,0
BRDA:114,11,0,0
BRDA:114,11,1,0
BRDA:131,12,0,0
BRDA:131,12,1,0
BRDA:146,13,0,0
BRDA:146,13,1,0
BRF:28
BRH:0
end_of_record
TN:
SF:Controllers\psychologyController.js
FN:14,(anonymous_0)
FN:40,(anonymous_1)
FN:53,(anonymous_2)
FN:67,(anonymous_3)
FN:71,(anonymous_4)
FN:72,(anonymous_5)
FN:110,(anonymous_6)
FN:134,(anonymous_7)
FN:162,(anonymous_8)
FN:186,(anonymous_9)
FN:210,(anonymous_10)
FN:220,(anonymous_11)
FN:231,(anonymous_12)
FN:234,(anonymous_13)
FN:277,(anonymous_14)
FN:305,(anonymous_15)
FN:323,(anonymous_16)
FN:344,(anonymous_17)
FN:372,(anonymous_18)
FN:422,(anonymous_19)
FN:453,(anonymous_20)
FN:482,(anonymous_21)
FN:535,(anonymous_22)
FN:540,(anonymous_23)
FN:569,(anonymous_24)
FN:570,(anonymous_25)
FN:610,(anonymous_26)
FN:611,(anonymous_27)
FN:633,(anonymous_28)
FN:666,(anonymous_29)
FN:708,(anonymous_30)
FN:778,(anonymous_31)
FNF:32
FNH:0
FNDA:0,(anonymous_0)
FNDA:0,(anonymous_1)
FNDA:0,(anonymous_2)
FNDA:0,(anonymous_3)
FNDA:0,(anonymous_4)
FNDA:0,(anonymous_5)
FNDA:0,(anonymous_6)
FNDA:0,(anonymous_7)
FNDA:0,(anonymous_8)
FNDA:0,(anonymous_9)
FNDA:0,(anonymous_10)
FNDA:0,(anonymous_11)
FNDA:0,(anonymous_12)
FNDA:0,(anonymous_13)
FNDA:0,(anonymous_14)
FNDA:0,(anonymous_15)
FNDA:0,(anonymous_16)
FNDA:0,(anonymous_17)
FNDA:0,(anonymous_18)
FNDA:0,(anonymous_19)
FNDA:0,(anonymous_20)
FNDA:0,(anonymous_21)
FNDA:0,(anonymous_22)
FNDA:0,(anonymous_23)
FNDA:0,(anonymous_24)
FNDA:0,(anonymous_25)
FNDA:0,(anonymous_26)
FNDA:0,(anonymous_27)
FNDA:0,(anonymous_28)
FNDA:0,(anonymous_29)
FNDA:0,(anonymous_30)
FNDA:0,(anonymous_31)
DA:14,0
DA:15,0
DA:16,0
DA:17,0
DA:20,0
DA:21,0
DA:22,0
DA:23,0
DA:27,0
DA:29,0
DA:35,0
DA:36,0
DA:40,0
DA:41,0
DA:42,0
DA:43,0
DA:45,0
DA:49,0
DA:52,0
DA:53,0
DA:54,0
DA:55,0
DA:60,0
DA:61,0
DA:62,0
DA:67,0
DA:70,0
DA:71,0
DA:73,0
DA:74,0
DA:88,0
DA:89,0
DA:94,0
DA:95,0
DA:97,0
DA:100,0
DA:105,0
DA:106,0
DA:110,0
DA:111,0
DA:112,0
DA:113,0
DA:115,0
DA:120,0
DA:121,0
DA:124,0
DA:129,0
DA:130,0
DA:134,0
DA:135,0
DA:136,0
DA:137,0
DA:139,0
DA:145,0
DA:146,0
DA:149,0
DA:155,0
DA:156,0
DA:162,0
DA:163,0
DA:164,0
DA:165,0
DA:167,0
DA:170,0
DA:175,0
DA:181,0
DA:182,0
DA:186,0
DA:187,0
DA:188,0
DA:189,0
DA:191,0
DA:198,0
DA:203,0
DA:204,0
DA:210,0
DA:211,0
DA:212,0
DA:213,0
DA:216,0
DA:219,0
DA:220,0
DA:221,0
DA:222,0
DA:231,0
DA:232,0
DA:233,0
DA:234,0
DA:235,0
DA:236,0
DA:237,0
DA:238,0
DA:239,0
DA:240,0
DA:242,0
DA:243,0
DA:244,0
DA:245,0
DA:246,0
DA:248,0
DA:249,0
DA:250,0
DA:251,0
DA:252,0
DA:254,0
DA:256,0
DA:257,0
DA:264,0
DA:266,0
DA:272,0
DA:273,0
DA:277,0
DA:278,0
DA:279,0
DA:280,0
DA:281,0
DA:283,0
DA:288,0
DA:290,0
DA:293,0
DA:298,0
DA:299,0
DA:305,0
DA:306,0
DA:307,0
DA:308,0
DA:310,0
DA:312,0
DA:318,0
DA:319,0
DA:323,0
DA:324,0
DA:325,0
DA:326,0
DA:328,0
DA:334,0
DA:339,0
DA:340,0
DA:344,0
DA:345,0
DA:346,0
DA:347,0
DA:349,0
DA:355,0
DA:356,0
DA:359,0
DA:365,0
DA:366,0
DA:372,0
DA:373,0
DA:374,0
DA:377,0
DA:381,0
DA:387,0
DA:388,0
DA:389,0
DA:390,0
DA:392,0
DA:398,0
DA:406,0
DA:416,0
DA:417,0
DA:422,0
DA:423,0
DA:424,0
DA:425,0
DA:426,0
DA:428,0
DA:435,0
DA:436,0
DA:443,0
DA:446,0
DA:448,0
DA:449,0
DA:453,0
DA:454,0
DA:455,0
DA:456,0
DA:457,0
DA:459,0
DA:461,0
DA:462,0
DA:469,0
DA:473,0
DA:475,0
DA:476,0
DA:482,0
DA:483,0
DA:484,0
DA:487,0
DA:488,0
DA:489,0
DA:491,0
DA:492,0
DA:494,0
DA:495,0
DA:497,0
DA:498,0
DA:501,0
DA:527,0
DA:528,0
DA:529,0
DA:530,0
DA:531,0
DA:532,0
DA:535,0
DA:536,0
DA:537,0
DA:538,0
DA:540,0
DA:541,0
DA:542,0
DA:543,0
DA:544,0
DA:545,0
DA:550,0
DA:568,0
DA:569,0
DA:570,0
DA:573,0
DA:589,0
DA:590,0
DA:593,0
DA:609,0
DA:610,0
DA:611,0
DA:614,0
DA:628,0
DA:633,0
DA:634,0
DA:638,0
DA:660,0
DA:661,0
DA:662,0
DA:664,0
DA:665,0
DA:666,0
DA:667,0
DA:668,0
DA:672,0
DA:678,0
DA:702,0
DA:703,0
DA:708,0
DA:709,0
DA:710,0
DA:713,0
DA:714,0
DA:718,0
DA:719,0
DA:720,0
DA:741,0
DA:742,0
DA:743,0
DA:744,0
DA:745,0
DA:746,0
DA:769,0
DA:772,0
DA:773,0
DA:774,0
DA:775,0
DA:776,0
DA:777,0
DA:778,0
DA:779,0
DA:789,0
DA:792,0
DA:811,0
DA:813,0
DA:814,0
LF:271
LH:0
BRDA:20,0,0,0
BRDA:20,0,1,0
BRDA:22,1,0,0
BRDA:22,1,1,0
BRDA:54,2,0,0
BRDA:54,2,1,0
BRDA:54,3,0,0
BRDA:54,3,1,0
BRDA:61,4,0,0
BRDA:61,4,1,0
BRDA:80,5,0,0
BRDA:80,5,1,0
BRDA:81,6,0,0
BRDA:81,6,1,0
BRDA:81,7,0,0
BRDA:81,7,1,0
BRDA:88,8,0,0
BRDA:88,8,1,0
BRDA:95,9,0,0
BRDA:95,9,1,0
BRDA:120,10,0,0
BRDA:120,10,1,0
BRDA:145,11,0,0
BRDA:145,11,1,0
BRDA:219,12,0,0
BRDA:219,12,1,0
BRDA:219,13,0,0
BRDA:219,13,1,0
BRDA:219,13,2,0
BRDA:221,14,0,0
BRDA:221,14,1,0
BRDA:221,15,0,0
BRDA:221,15,1,0
BRDA:231,16,0,0
BRDA:231,16,1,0
BRDA:231,17,0,0
BRDA:231,17,1,0
BRDA:231,18,0,0
BRDA:231,18,1,0
BRDA:232,19,0,0
BRDA:232,19,1,0
BRDA:233,20,0,0
BRDA:233,20,1,0
BRDA:235,21,0,0
BRDA:235,21,1,0
BRDA:236,22,0,0
BRDA:236,22,1,0
BRDA:237,23,0,0
BRDA:237,23,1,0
BRDA:238,24,0,0
BRDA:238,24,1,0
BRDA:239,25,0,0
BRDA:239,25,1,0
BRDA:242,26,0,0
BRDA:242,26,1,0
BRDA:243,27,0,0
BRDA:243,27,1,0
BRDA:244,28,0,0
BRDA:244,28,1,0
BRDA:245,29,0,0
BRDA:245,29,1,0
BRDA:248,30,0,0
BRDA:248,30,1,0
BRDA:249,31,0,0
BRDA:249,31,1,0
BRDA:250,32,0,0
BRDA:250,32,1,0
BRDA:251,33,0,0
BRDA:251,33,1,0
BRDA:256,34,0,0
BRDA:256,34,1,0
BRDA:258,35,0,0
BRDA:258,35,1,0
BRDA:288,36,0,0
BRDA:288,36,1,0
BRDA:355,37,0,0
BRDA:355,37,1,0
BRDA:459,38,0,0
BRDA:459,38,1,0
BRDA:473,39,0,0
BRDA:473,39,1,0
BRDA:542,40,0,0
BRDA:542,40,1,0
BRDA:542,41,0,0
BRDA:542,41,1,0
BRDA:543,42,0,0
BRDA:543,42,1,0
BRDA:544,43,0,0
BRDA:544,43,1,0
BRDA:545,44,0,0
BRDA:545,44,1,0
BRDA:589,45,0,0
BRDA:589,45,1,0
BRDA:590,46,0,0
BRDA:590,46,1,0
BRDA:634,47,0,0
BRDA:634,47,1,0
BRDA:634,48,0,0
BRDA:634,48,1,0
BRDA:666,49,0,0
BRDA:666,49,1,0
BRDA:667,50,0,0
BRDA:667,50,1,0
BRDA:713,51,0,0
BRDA:713,51,1,0
BRDA:719,52,0,0
BRDA:719,52,1,0
BRDA:751,53,0,0
BRDA:751,53,1,0
BRDA:751,54,0,0
BRDA:751,54,1,0
BRDA:758,55,0,0
BRDA:758,55,1,0
BRDA:784,56,0,0
BRDA:784,56,1,0
BRF:115
BRH:0
end_of_record
TN:
SF:Controllers\reviewController.js
FN:6,(anonymous_0)
FN:25,(anonymous_1)
FNF:2
FNH:0
FNDA:0,(anonymous_0)
FNDA:0,(anonymous_1)
DA:6,0
DA:7,0
DA:8,0
DA:9,0
DA:17,0
DA:25,0
DA:28,0
DA:30,0
DA:32,0
DA:34,0
DA:35,0
DA:37,0
DA:41,0
DA:48,0
LF:14
LH:0
BRDA:28,0,0,0
BRDA:28,0,1,0
BRDA:30,1,0,0
BRDA:30,1,1,0
BRF:4
BRH:0
end_of_record
TN:
SF:Controllers\twoFactorController.js
FN:11,(anonymous_0)
FN:18,(anonymous_1)
FN:45,(anonymous_2)
FN:59,(anonymous_3)
FN:86,(anonymous_4)
FN:159,(anonymous_5)
FNF:6
FNH:0
FNDA:0,(anonymous_0)
FNDA:0,(anonymous_1)
FNDA:0,(anonymous_2)
FNDA:0,(anonymous_3)
FNDA:0,(anonymous_4)
FNDA:0,(anonymous_5)
DA:9,0
DA:11,0
DA:12,0
DA:13,0
DA:14,0
DA:18,0
DA:19,0
DA:20,0
DA:21,0
DA:23,0
DA:24,0
DA:25,0
DA:29,0
DA:30,0
DA:32,0
DA:39,0
DA:40,0
DA:45,0
DA:46,0
DA:47,0
DA:48,0
DA:49,0
DA:51,0
DA:53,0
DA:54,0
DA:57,0
DA:59,0
DA:60,0
DA:62,0
DA:64,0
DA:65,0
DA:73,0
DA:80,0
DA:81,0
DA:86,0
DA:87,0
DA:89,0
DA:90,0
DA:92,0
DA:93,0
DA:94,0
DA:97,0
DA:98,0
DA:100,0
DA:102,0
DA:104,0
DA:105,0
DA:106,0
DA:113,0
DA:116,0
DA:117,0
DA:121,0
DA:127,0
DA:128,0
DA:134,0
DA:143,0
DA:145,0
DA:154,0
DA:155,0
DA:159,0
DA:160,0
DA:161,0
DA:162,0
DA:163,0
DA:164,0
DA:165,0
DA:167,0
DA:175,0
DA:177,0
LF:69
LH:0
BRDA:13,0,0,0
BRDA:13,0,1,0
BRDA:21,1,0,0
BRDA:21,1,1,0
BRDA:49,2,0,0
BRDA:49,2,1,0
BRDA:53,3,0,0
BRDA:53,3,1,0
BRDA:67,4,0,0
BRDA:67,4,1,0
BRDA:90,5,0,0
BRDA:90,5,1,0
BRDA:93,6,0,0
BRDA:93,6,1,0
BRDA:98,7,0,0
BRDA:98,7,1,0
BRDA:102,8,0,0
BRDA:102,8,1,0
BRDA:105,9,0,0
BRDA:105,9,1,0
BRDA:108,10,0,0
BRDA:108,10,1,0
BRDA:136,11,0,0
BRDA:136,11,1,0
BRDA:169,12,0,0
BRDA:169,12,1,0
BRF:26
BRH:0
end_of_record
TN:
SF:Controllers\userController.js
FN:6,(anonymous_0)
FN:35,(anonymous_1)
FN:62,(anonymous_2)
FN:83,(anonymous_3)
FN:104,(anonymous_4)
FN:120,(anonymous_5)
FN:142,(anonymous_6)
FN:148,(anonymous_7)
FNF:8
FNH:0
FNDA:0,(anonymous_0)
FNDA:0,(anonymous_1)
FNDA:0,(anonymous_2)
FNDA:0,(anonymous_3)
FNDA:0,(anonymous_4)
FNDA:0,(anonymous_5)
FNDA:0,(anonymous_6)
FNDA:0,(anonymous_7)
DA:6,0
DA:7,0
DA:8,0
DA:9,0
DA:11,0
DA:12,0
DA:13,0
DA:20,0
DA:24,0
DA:30,0
DA:31,0
DA:35,0
DA:37,0
DA:39,0
DA:40,0
DA:45,0
DA:53,0
DA:62,0
DA:64,0
DA:66,0
DA:67,0
DA:71,0
DA:78,0
DA:83,0
DA:85,0
DA:87,0
DA:88,0
DA:90,0
DA:98,0
DA:104,0
DA:106,0
DA:107,0
DA:108,0
DA:116,0
DA:120,0
DA:121,0
DA:123,0
DA:124,0
DA:126,0
DA:127,0
DA:130,0
DA:136,0
DA:137,0
DA:142,0
DA:143,0
DA:144,0
DA:146,0
DA:148,0
DA:150,0
DA:152,0
DA:158,0
DA:159,0
LF:52
LH:0
BRDA:8,0,0,0
BRDA:11,1,0,0
BRDA:11,1,1,0
BRDA:126,2,0,0
BRDA:126,2,1,0
BRF:5
BRH:0
end_of_record
TN:
SF:Controllers\clinical\alertController.js
FN:16,(anonymous_0)
FN:32,(anonymous_1)
FN:50,(anonymous_2)
FN:51,(anonymous_3)
FN:64,(anonymous_4)
FN:108,(anonymous_5)
FN:133,(anonymous_6)
FN:159,(anonymous_7)
FN:209,(anonymous_8)
FN:213,(anonymous_9)
FN:224,(anonymous_10)
FNF:11
FNH:0
FNDA:0,(anonymous_0)
FNDA:0,(anonymous_1)
FNDA:0,(anonymous_2)
FNDA:0,(anonymous_3)
FNDA:0,(anonymous_4)
FNDA:0,(anonymous_5)
FNDA:0,(anonymous_6)
FNDA:0,(anonymous_7)
FNDA:0,(anonymous_8)
FNDA:0,(anonymous_9)
FNDA:0,(anonymous_10)
DA:16,0
DA:17,0
DA:18,0
DA:21,0
DA:24,0
DA:25,0
DA:26,0
DA:27,0
DA:30,0
DA:31,0
DA:32,0
DA:34,0
DA:36,0
DA:43,0
DA:50,0
DA:51,0
DA:56,0
DA:64,0
DA:65,0
DA:66,0
DA:69,0
DA:72,0
DA:73,0
DA:74,0
DA:88,0
DA:91,0
DA:100,0
DA:108,0
DA:109,0
DA:110,0
DA:112,0
DA:113,0
DA:114,0
DA:117,0
DA:119,0
DA:125,0
DA:133,0
DA:134,0
DA:135,0
DA:136,0
DA:138,0
DA:139,0
DA:140,0
DA:143,0
DA:145,0
DA:151,0
DA:159,0
DA:160,0
DA:161,0
DA:162,0
DA:164,0
DA:165,0
DA:166,0
DA:170,0
DA:175,0
DA:176,0
DA:185,0
DA:195,0
DA:201,0
DA:209,0
DA:210,0
DA:211,0
DA:212,0
DA:213,0
DA:215,0
DA:223,0
DA:224,0
DA:225,0
DA:226,0
DA:228,0
DA:230,0
DA:232,0
DA:234,0
DA:238,0
DA:244,0
LF:75
LH:0
BRDA:25,0,0,0
BRDA:25,0,1,0
BRDA:26,1,0,0
BRDA:26,1,1,0
BRDA:27,2,0,0
BRDA:27,2,1,0
BRDA:50,3,0,0
BRDA:50,3,1,0
BRDA:81,4,0,0
BRDA:81,4,1,0
BRDA:113,5,0,0
BRDA:113,5,1,0
BRDA:139,6,0,0
BRDA:139,6,1,0
BRDA:165,7,0,0
BRDA:165,7,1,0
BRDA:175,8,0,0
BRDA:175,8,1,0
BRDA:175,9,0,0
BRDA:175,9,1,0
BRDA:189,10,0,0
BRDA:189,10,1,0
BRDA:191,11,0,0
BRDA:191,11,1,0
BRDA:197,12,0,0
BRDA:197,12,1,0
BRDA:226,13,0,0
BRDA:226,13,1,0
BRDA:226,13,2,0
BRDA:226,13,3,0
BRF:30
BRH:0
end_of_record
TN:
SF:Controllers\clinical\protocolController.js
FN:15,(anonymous_0)
FN:29,(anonymous_1)
FN:31,(anonymous_2)
FN:50,(anonymous_3)
FN:66,(anonymous_4)
FN:99,(anonymous_5)
FN:133,(anonymous_6)
FN:151,(anonymous_7)
FN:169,(anonymous_8)
FNF:9
FNH:0
FNDA:0,(anonymous_0)
FNDA:0,(anonymous_1)
FNDA:0,(anonymous_2)
FNDA:0,(anonymous_3)
FNDA:0,(anonymous_4)
FNDA:0,(anonymous_5)
FNDA:0,(anonymous_6)
FNDA:0,(anonymous_7)
FNDA:0,(anonymous_8)
DA:15,0
DA:16,0
DA:17,0
DA:19,0
DA:20,0
DA:22,0
DA:29,0
DA:30,0
DA:31,0
DA:32,0
DA:40,0
DA:42,0
DA:50,0
DA:51,0
DA:52,0
DA:54,0
DA:56,0
DA:58,0
DA:66,0
DA:67,0
DA:68,0
DA:69,0
DA:71,0
DA:72,0
DA:78,0
DA:85,0
DA:91,0
DA:99,0
DA:100,0
DA:101,0
DA:102,0
DA:104,0
DA:105,0
DA:111,0
DA:119,0
DA:125,0
DA:133,0
DA:134,0
DA:135,0
DA:137,0
DA:143,0
DA:151,0
DA:152,0
DA:153,0
DA:155,0
DA:161,0
DA:169,0
DA:170,0
DA:171,0
DA:172,0
DA:174,0
DA:175,0
DA:181,0
DA:182,0
DA:183,0
DA:186,0
DA:188,0
DA:194,0
LF:58
LH:0
BRDA:20,0,0,0
BRDA:20,0,1,0
BRDA:71,1,0,0
BRDA:71,1,1,0
BRDA:71,2,0,0
BRDA:71,2,1,0
BRDA:104,3,0,0
BRDA:104,3,1,0
BRDA:104,4,0,0
BRDA:104,4,1,0
BRDA:104,4,2,0
BRDA:116,5,0,0
BRDA:116,5,1,0
BRDA:174,6,0,0
BRDA:174,6,1,0
BRDA:174,7,0,0
BRDA:174,7,1,0
BRDA:182,8,0,0
BRDA:182,8,1,0
BRF:19
BRH:0
end_of_record
TN:
SF:Controllers\clinical\treatmentController.js
FN:16,(anonymous_0)
FN:47,(anonymous_1)
FN:83,(anonymous_2)
FN:141,(anonymous_3)
FN:161,(anonymous_4)
FN:201,(anonymous_5)
FN:231,(anonymous_6)
FN:247,(anonymous_7)
FNF:8
FNH:0
FNDA:0,(anonymous_0)
FNDA:0,(anonymous_1)
FNDA:0,(anonymous_2)
FNDA:0,(anonymous_3)
FNDA:0,(anonymous_4)
FNDA:0,(anonymous_5)
FNDA:0,(anonymous_6)
FNDA:0,(anonymous_7)
DA:16,0
DA:17,0
DA:18,0
DA:20,0
DA:28,0
DA:29,0
DA:33,0
DA:34,0
DA:37,0
DA:39,0
DA:47,0
DA:48,0
DA:49,0
DA:51,0
DA:69,0
DA:75,0
DA:83,0
DA:84,0
DA:85,0
DA:86,0
DA:88,0
DA:89,0
DA:90,0
DA:94,0
DA:95,0
DA:99,0
DA:101,0
DA:102,0
DA:111,0
DA:112,0
DA:113,0
DA:114,0
DA:117,0
DA:118,0
DA:124,0
DA:126,0
DA:133,0
DA:141,0
DA:142,0
DA:143,0
DA:144,0
DA:146,0
DA:147,0
DA:148,0
DA:152,0
DA:153,0
DA:160,0
DA:161,0
DA:169,0
DA:172,0
DA:173,0
DA:187,0
DA:193,0
DA:201,0
DA:202,0
DA:203,0
DA:205,0
DA:206,0
DA:207,0
DA:210,0
DA:212,0
DA:223,0
DA:231,0
DA:232,0
DA:233,0
DA:235,0
DA:236,0
DA:237,0
DA:238,0
DA:240,0
DA:247,0
DA:257,0
DA:259,0
LF:73
LH:0
BRDA:28,0,0,0
BRDA:28,0,1,0
BRDA:33,1,0,0
BRDA:33,1,1,0
BRDA:56,2,0,0
BRDA:56,2,1,0
BRDA:57,3,0,0
BRDA:57,3,1,0
BRDA:89,4,0,0
BRDA:89,4,1,0
BRDA:94,5,0,0
BRDA:94,5,1,0
BRDA:101,6,0,0
BRDA:101,6,1,0
BRDA:101,7,0,0
BRDA:101,7,1,0
BRDA:112,8,0,0
BRDA:112,8,1,0
BRDA:114,9,0,0
BRDA:114,9,1,0
BRDA:121,10,0,0
BRDA:121,10,1,0
BRDA:147,11,0,0
BRDA:147,11,1,0
BRDA:160,12,0,0
BRDA:160,12,1,0
BRDA:160,13,0,0
BRDA:160,13,1,0
BRDA:172,14,0,0
BRDA:172,14,1,0
BRDA:172,15,0,0
BRDA:172,15,1,0
BRDA:177,16,0,0
BRDA:177,16,1,0
BRDA:180,17,0,0
BRDA:180,17,1,0
BRDA:181,18,0,0
BRDA:181,18,1,0
BRDA:206,19,0,0
BRDA:206,19,1,0
BRDA:210,20,0,0
BRDA:210,20,1,0
BRDA:236,21,0,0
BRDA:236,21,1,0
BRDA:237,22,0,0
BRDA:237,22,1,0
BRDA:238,23,0,0
BRDA:238,23,1,0
BRDA:249,24,0,0
BRDA:249,24,1,0
BRDA:252,25,0,0
BRDA:252,25,1,0
BRF:52
BRH:0
end_of_record
TN:
SF:Routes\2fa.js
FNF:0
FNH:0
DA:6,0
DA:8,0
DA:9,0
DA:10,0
DA:11,0
LF:5
LH:0
BRF:0
BRH:0
end_of_record
TN:
SF:Routes\auth.js
FNF:0
FNH:0
DA:14,0
DA:29,0
DA:48,0
DA:62,0
DA:69,0
DA:80,0
DA:88,0
DA:96,0
LF:8
LH:0
BRF:0
BRH:0
end_of_record
TN:
SF:Routes\booking.js
FNF:0
FNH:0
DA:13,0
DA:35,0
DA:60,0
DA:83,0
LF:4
LH:0
BRF:0
BRH:0
end_of_record
TN:
SF:Routes\calendar.js
FNF:0
FNH:0
DA:18,0
DA:51,0
DA:65,0
DA:84,0
DA:98,0
DA:111,0
DA:126,0
DA:132,0
LF:8
LH:0
BRF:0
BRH:0
end_of_record
TN:
SF:Routes\clinical.js
FNF:0
FNH:0
DA:18,0
DA:40,0
DA:59,0
DA:78,0
DA:96,0
DA:109,0
DA:126,0
DA:147,0
DA:165,0
LF:9
LH:0
BRF:0
BRH:0
end_of_record
TN:
SF:Routes\doctor.js
FNF:0
FNH:0
DA:27,0
DA:39,0
DA:68,0
DA:77,0
DA:92,0
DA:106,0
DA:121,0
DA:139,0
DA:155,0
DA:171,0
DA:191,0
LF:11
LH:0
BRF:0
BRH:0
end_of_record
TN:
SF:Routes\health.js
FNF:0
FNH:0
DA:22,0
DA:41,0
DA:50,0
DA:51,0
DA:52,0
DA:53,0
DA:54,0
DA:67,0
DA:80,0
DA:89,0
DA:90,0
LF:11
LH:0
BRF:0
BRH:0
end_of_record
TN:
SF:Routes\payment.js
FNF:0
FNH:0
DA:6,0
DA:9,0
DA:14,0
LF:3
LH:0
BRF:0
BRH:0
end_of_record
TN:
SF:Routes\psychology.js
FNF:0
FNH:0
DA:45,0
DA:67,0
DA:73,0
DA:74,0
DA:75,0
DA:88,0
DA:97,0
DA:106,0
DA:115,0
DA:130,0
DA:137,0
DA:151,0
DA:158,0
DA:173,0
DA:180,0
DA:187,0
DA:194,0
DA:195,0
LF:18
LH:0
BRF:0
BRH:0
end_of_record
TN:
SF:Routes\review.js
FNF:0
FNH:0
DA:16,0
DA:35,0
LF:2
LH:0
BRF:0
BRH:0
end_of_record
TN:
SF:Routes\user.js
FNF:0
FNH:0
DA:23,0
DA:38,0
DA:53,0
DA:68,0
DA:84,0
DA:101,0
DA:112,0
DA:123,0
LF:8
LH:0
BRF:0
BRH:0
end_of_record
TN:
SF:Routes\clinical\alerts.js
FNF:0
FNH:0
DA:18,0
DA:21,0
DA:22,0
DA:25,0
DA:26,0
DA:27,0
DA:30,0
DA:31,0
DA:32,0
LF:9
LH:0
BRF:0
BRH:0
end_of_record
TN:
SF:Routes\clinical\protocols.js
FNF:0
FNH:0
DA:19,0
DA:22,0
DA:23,0
DA:26,0
DA:27,0
DA:28,0
DA:31,0
DA:32,0
DA:33,0
DA:34,0
LF:10
LH:0
BRF:0
BRH:0
end_of_record
TN:
SF:Routes\clinical\treatment.js
FNF:0
FNH:0
DA:18,0
DA:21,0
DA:22,0
DA:25,0
DA:26,0
DA:27,0
DA:28,0
DA:31,0
DA:34,0
LF:9
LH:0
BRF:0
BRH:0
end_of_record
TN:
SF:auth\verifyToken.js
FN:6,(anonymous_0)
FN:19,(anonymous_1)
FN:60,(anonymous_2)
FN:60,(anonymous_3)
FNF:4
FNH:0
FNDA:0,(anonymous_0)
FNDA:0,(anonymous_1)
FNDA:0,(anonymous_2)
FNDA:0,(anonymous_3)
DA:6,0
DA:7,0
DA:14,0
DA:15,0
DA:19,0
DA:20,0
DA:21,0
DA:23,0
DA:24,0
DA:25,0
DA:29,0
DA:30,0
DA:31,0
DA:32,0
DA:36,0
DA:38,0
DA:39,0
DA:43,0
DA:44,0
DA:45,0
DA:50,0
DA:52,0
DA:53,0
DA:55,0
DA:60,0
DA:61,0
DA:62,0
DA:63,0
DA:66,0
DA:67,0
DA:68,0
DA:71,0
DA:72,0
DA:75,0
LF:34
LH:0
BRDA:6,0,0,0
BRDA:15,1,0,0
BRDA:15,1,1,0
BRDA:15,1,2,0
BRDA:23,2,0,0
BRDA:23,2,1,0
BRDA:23,3,0,0
BRDA:23,3,1,0
BRDA:24,4,0,0
BRDA:24,4,1,0
BRDA:30,5,0,0
BRDA:30,5,1,0
BRDA:36,6,0,0
BRDA:36,6,1,0
BRDA:38,7,0,0
BRDA:38,7,1,0
BRDA:52,8,0,0
BRDA:52,8,1,0
BRDA:66,9,0,0
BRDA:66,9,1,0
BRDA:67,10,0,0
BRDA:67,10,1,0
BRDA:71,11,0,0
BRDA:71,11,1,0
BRF:24
BRH:0
end_of_record
TN:
SF:config\google.js
FN:21,(anonymous_0)
FNF:1
FNH:0
FNDA:0,(anonymous_0)
DA:10,0
DA:11,0
DA:14,0
DA:21,0
DA:22,0
DA:23,0
DA:24,0
DA:25,0
LF:8
LH:0
BRDA:10,0,0,0
BRDA:10,0,1,0
BRDA:24,1,0,0
BRDA:24,1,1,0
BRF:4
BRH:0
end_of_record
TN:
SF:models\ARCHITECTURE_DIAGRAM.js
FNF:0
FNH:0
DA:446,0
LF:1
LH:0
BRF:0
BRH:0
end_of_record
TN:
SF:models\ActivityLogSchema.js
FNF:0
FNH:0
DA:4,0
DA:11,0
LF:2
LH:0
BRDA:13,0,0,0
BRDA:13,0,1,0
BRF:2
BRH:0
end_of_record
TN:
SF:models\AlertSchema.js
FNF:0
FNH:0
DA:4,0
DA:22,0
LF:2
LH:0
BRDA:24,0,0,0
BRDA:24,0,1,0
BRF:2
BRH:0
end_of_record
TN:
SF:models\Appointment.js
FNF:0
FNH:0
DA:1,0
DA:3,0
DA:15,0
LF:3
LH:0
BRF:0
BRH:0
end_of_record
TN:
SF:models\BookingSchema.js
FNF:0
FNH:0
DA:4,0
DA:22,0
DA:23,0
DA:24,0
DA:25,0
DA:26,0
LF:6
LH:0
BRDA:29,0,0,0
BRDA:29,0,1,0
BRF:2
BRH:0
end_of_record
TN:
SF:models\ClinicalAlertSchema.js
FN:169,(anonymous_0)
FN:174,(anonymous_1)
FN:191,(anonymous_2)
FN:200,(anonymous_3)
FN:209,(anonymous_4)
FN:217,(anonymous_5)
FN:231,(anonymous_6)
FNF:7
FNH:0
FNDA:0,(anonymous_0)
FNDA:0,(anonymous_1)
FNDA:0,(anonymous_2)
FNDA:0,(anonymous_3)
FNDA:0,(anonymous_4)
FNDA:0,(anonymous_5)
FNDA:0,(anonymous_6)
DA:23,0
DA:156,0
DA:157,0
DA:158,0
DA:159,0
DA:162,0
DA:169,0
DA:170,0
DA:174,0
DA:175,0
DA:177,0
DA:178,0
DA:180,0
DA:182,0
DA:184,0
DA:186,0
DA:191,0
DA:192,0
DA:193,0
DA:194,0
DA:195,0
DA:196,0
DA:200,0
DA:201,0
DA:202,0
DA:203,0
DA:204,0
DA:205,0
DA:209,0
DA:211,0
DA:212,0
DA:217,0
DA:219,0
DA:231,0
DA:232,0
DA:239,0
DA:242,0
LF:37
LH:0
BRDA:175,0,0,0
BRDA:175,0,1,0
BRDA:175,1,0,0
BRDA:175,1,1,0
BRDA:178,2,0,0
BRDA:178,2,1,0
BRDA:178,2,2,0
BRDA:178,2,3,0
BRDA:232,3,0,0
BRDA:232,3,1,0
BRDA:233,4,0,0
BRDA:233,4,1,0
BRDA:233,4,2,0
BRDA:233,4,3,0
BRF:14
BRH:0
end_of_record
TN:
SF:models\ClinicalLogSchema.js
FNF:0
FNH:0
DA:3,0
DA:29,0
DA:30,0
DA:31,0
LF:4
LH:0
BRF:0
BRH:0
end_of_record
TN:
SF:models\ClinicalSuggestionLogSchema.js
FNF:0
FNH:0
DA:4,0
DA:12,0
LF:2
LH:0
BRDA:14,0,0,0
BRDA:14,0,1,0
BRF:2
BRH:0
end_of_record
TN:
SF:models\ConsentFormSchema.js
FN:395,(anonymous_0)
FN:406,(anonymous_1)
FN:420,(anonymous_2)
FN:438,(anonymous_3)
FN:450,(anonymous_4)
FN:481,(anonymous_5)
FN:511,(anonymous_6)
FN:533,(anonymous_7)
FN:553,(anonymous_8)
FN:570,(anonymous_9)
FN:584,(anonymous_10)
FN:597,(anonymous_11)
FN:624,(anonymous_12)
FNF:13
FNH:0
FNDA:0,(anonymous_0)
FNDA:0,(anonymous_1)
FNDA:0,(anonymous_2)
FNDA:0,(anonymous_3)
FNDA:0,(anonymous_4)
FNDA:0,(anonymous_5)
FNDA:0,(anonymous_6)
FNDA:0,(anonymous_7)
FNDA:0,(anonymous_8)
FNDA:0,(anonymous_9)
FNDA:0,(anonymous_10)
FNDA:0,(anonymous_11)
FNDA:0,(anonymous_12)
DA:31,0
DA:385,0
DA:386,0
DA:387,0
DA:388,0
DA:395,0
DA:396,0
DA:406,0
DA:407,0
DA:414,0
DA:420,0
DA:421,0
DA:422,0
DA:424,0
DA:438,0
DA:439,0
DA:450,0
DA:451,0
DA:452,0
DA:455,0
DA:461,0
DA:462,0
DA:465,0
DA:474,0
DA:475,0
DA:481,0
DA:482,0
DA:483,0
DA:486,0
DA:487,0
DA:496,0
DA:504,0
DA:505,0
DA:511,0
DA:512,0
DA:513,0
DA:516,0
DA:524,0
DA:527,0
DA:533,0
DA:534,0
DA:535,0
DA:538,0
DA:546,0
DA:547,0
DA:553,0
DA:554,0
DA:570,0
DA:571,0
DA:584,0
DA:597,0
DA:599,0
DA:600,0
DA:604,0
DA:605,0
DA:606,0
DA:608,0
DA:609,0
DA:613,0
DA:614,0
DA:619,0
DA:624,0
DA:626,0
DA:627,0
DA:629,0
DA:647,0
DA:648,0
DA:649,0
LF:68
LH:0
BRDA:420,0,0,0
BRDA:451,1,0,0
BRDA:451,1,1,0
BRDA:481,2,0,0
BRDA:482,3,0,0
BRDA:482,3,1,0
BRDA:512,4,0,0
BRDA:512,4,1,0
BRDA:512,5,0,0
BRDA:512,5,1,0
BRDA:599,6,0,0
BRDA:599,6,1,0
BRDA:599,7,0,0
BRDA:599,7,1,0
BRDA:599,7,2,0
BRDA:604,8,0,0
BRDA:604,8,1,0
BRDA:608,9,0,0
BRDA:608,9,1,0
BRDA:608,10,0,0
BRDA:608,10,1,0
BRDA:613,11,0,0
BRDA:613,11,1,0
BRDA:613,12,0,0
BRDA:613,12,1,0
BRDA:626,13,0,0
BRDA:626,13,1,0
BRDA:626,14,0,0
BRDA:626,14,1,0
BRDA:626,14,2,0
BRDA:637,15,0,0
BRDA:637,15,1,0
BRDA:653,16,0,0
BRDA:653,16,1,0
BRF:34
BRH:0
end_of_record
TN:
SF:models\DoctorSchema.js
FNF:0
FNH:0
DA:3,0
LF:1
LH:0
BRF:0
BRH:0
end_of_record
TN:
SF:models\GoogleTokenSchema.js
FNF:0
FNH:0
DA:3,0
LF:1
LH:0
BRDA:17,0,0,0
BRDA:17,0,1,0
BRF:2
BRH:0
end_of_record
TN:
SF:models\HealthMetricSchema.js
FNF:0
FNH:0
DA:3,0
LF:1
LH:0
BRDA:26,0,0,0
BRDA:26,0,1,0
BRF:2
BRH:0
end_of_record
TN:
SF:models\MeasureSchema.js
FNF:0
FNH:0
DA:4,0
DA:14,0
LF:2
LH:0
BRDA:16,0,0,0
BRDA:16,0,1,0
BRF:2
BRH:0
end_of_record
TN:
SF:models\MedicalRecordSchema.js
FNF:0
FNH:0
DA:3,0
DA:12,0
LF:2
LH:0
BRDA:25,0,0,0
BRDA:25,0,1,0
BRF:2
BRH:0
end_of_record
TN:
SF:models\MedicationSchema.js
FNF:0
FNH:0
DA:3,0
LF:1
LH:0
BRDA:20,0,0,0
BRDA:20,0,1,0
BRF:2
BRH:0
end_of_record
TN:
SF:models\ProtocolLogSchema.js
FN:229,(anonymous_0)
FN:235,(anonymous_1)
FN:237,(anonymous_2)
FN:242,(anonymous_3)
FN:243,(anonymous_4)
FN:257,(anonymous_5)
FN:262,(anonymous_6)
FN:280,(anonymous_7)
FN:298,(anonymous_8)
FN:303,(anonymous_9)
FN:303,(anonymous_10)
FN:313,(anonymous_11)
FNF:12
FNH:0
FNDA:0,(anonymous_0)
FNDA:0,(anonymous_1)
FNDA:0,(anonymous_2)
FNDA:0,(anonymous_3)
FNDA:0,(anonymous_4)
FNDA:0,(anonymous_5)
FNDA:0,(anonymous_6)
FNDA:0,(anonymous_7)
FNDA:0,(anonymous_8)
FNDA:0,(anonymous_9)
FNDA:0,(anonymous_10)
FNDA:0,(anonymous_11)
DA:25,0
DA:224,0
DA:225,0
DA:226,0
DA:229,0
DA:230,0
DA:231,0
DA:235,0
DA:236,0
DA:237,0
DA:238,0
DA:242,0
DA:243,0
DA:244,0
DA:245,0
DA:247,0
DA:248,0
DA:249,0
DA:250,0
DA:251,0
DA:253,0
DA:257,0
DA:258,0
DA:259,0
DA:262,0
DA:263,0
DA:264,0
DA:267,0
DA:268,0
DA:269,0
DA:272,0
DA:273,0
DA:274,0
DA:276,0
DA:280,0
DA:281,0
DA:283,0
DA:284,0
DA:285,0
DA:287,0
DA:294,0
DA:298,0
DA:299,0
DA:301,0
DA:302,0
DA:303,0
DA:305,0
DA:306,0
DA:309,0
DA:313,0
DA:314,0
LF:51
LH:0
BRDA:230,0,0,0
BRDA:230,0,1,0
BRDA:236,1,0,0
BRDA:236,1,1,0
BRDA:236,2,0,0
BRDA:236,2,1,0
BRDA:244,3,0,0
BRDA:244,3,1,0
BRDA:245,4,0,0
BRDA:245,4,1,0
BRDA:258,5,0,0
BRDA:258,5,1,0
BRDA:259,6,0,0
BRDA:259,6,1,0
BRDA:263,7,0,0
BRDA:263,7,1,0
BRDA:281,8,0,0
BRDA:281,8,1,0
BRDA:299,9,0,0
BRDA:299,9,1,0
BRDA:299,10,0,0
BRDA:299,10,1,0
BRDA:299,10,2,0
BRDA:305,11,0,0
BRDA:305,11,1,0
BRF:25
BRH:0
end_of_record
TN:
SF:models\PsychologicalAssessmentSchema.js
FNF:0
FNH:0
DA:4,0
DA:73,0
LF:2
LH:0
BRDA:75,0,0,0
BRDA:75,0,1,0
BRF:2
BRH:0
end_of_record
TN:
SF:models\PsychologicalClinicalHistorySchema.js
FN:172,(anonymous_0)
FN:175,(anonymous_1)
FN:213,(anonymous_2)
FN:221,(anonymous_3)
FN:230,(anonymous_4)
FN:233,(anonymous_5)
FNF:6
FNH:0
FNDA:0,(anonymous_0)
FNDA:0,(anonymous_1)
FNDA:0,(anonymous_2)
FNDA:0,(anonymous_3)
FNDA:0,(anonymous_4)
FNDA:0,(anonymous_5)
DA:6,0
DA:122,0
DA:128,0
DA:172,0
DA:173,0
DA:175,0
DA:176,0
DA:177,0
DA:180,0
DA:181,0
DA:182,0
DA:185,0
DA:186,0
DA:188,0
DA:189,0
DA:191,0
DA:193,0
DA:195,0
DA:196,0
DA:198,0
DA:200,0
DA:201,0
DA:213,0
DA:214,0
DA:215,0
DA:217,0
DA:221,0
DA:222,0
DA:223,0
DA:224,0
DA:226,0
DA:230,0
DA:231,0
DA:232,0
DA:233,0
DA:234,0
LF:36
LH:0
BRDA:173,0,0,0
BRDA:173,0,1,0
BRDA:181,1,0,0
BRDA:181,1,1,0
BRDA:188,2,0,0
BRDA:188,2,1,0
BRDA:188,3,0,0
BRDA:188,3,1,0
BRDA:191,4,0,0
BRDA:191,4,1,0
BRDA:193,5,0,0
BRDA:193,5,1,0
BRDA:195,6,0,0
BRDA:195,6,1,0
BRDA:198,7,0,0
BRDA:198,7,1,0
BRDA:200,8,0,0
BRDA:200,8,1,0
BRDA:214,9,0,0
BRDA:214,9,1,0
BRDA:223,10,0,0
BRDA:223,10,1,0
BRDA:231,11,0,0
BRDA:231,11,1,0
BRDA:232,12,0,0
BRDA:232,12,1,0
BRDA:238,13,0,0
BRDA:238,13,1,0
BRF:28
BRH:0
end_of_record
TN:
SF:models\PsychologicalPatientSchema.js
FNF:0
FNH:0
DA:4,0
LF:1
LH:0
BRDA:86,0,0,0
BRDA:86,0,1,0
BRF:2
BRH:0
end_of_record
TN:
SF:models\ReviewSchema.js
FN:29,(anonymous_0)
FN:38,(anonymous_1)
FN:59,(anonymous_2)
FNF:3
FNH:0
FNDA:0,(anonymous_0)
FNDA:0,(anonymous_1)
FNDA:0,(anonymous_2)
DA:4,0
DA:29,0
DA:30,0
DA:34,0
DA:38,0
DA:40,0
DA:53,0
DA:59,0
DA:60,0
LF:9
LH:0
BRF:0
BRH:0
end_of_record
TN:
SF:models\RiskAssessmentSchema.js
FN:426,(anonymous_0)
FN:435,(anonymous_1)
FN:448,(anonymous_2)
FN:476,(anonymous_3)
FN:492,(anonymous_4)
FN:518,(anonymous_5)
FN:546,(anonymous_6)
FN:559,(anonymous_7)
FN:579,(anonymous_8)
FNF:9
FNH:0
FNDA:0,(anonymous_0)
FNDA:0,(anonymous_1)
FNDA:0,(anonymous_2)
FNDA:0,(anonymous_3)
FNDA:0,(anonymous_4)
FNDA:0,(anonymous_5)
FNDA:0,(anonymous_6)
FNDA:0,(anonymous_7)
FNDA:0,(anonymous_8)
DA:26,0
DA:416,0
DA:417,0
DA:418,0
DA:419,0
DA:426,0
DA:427,0
DA:435,0
DA:436,0
DA:448,0
DA:450,0
DA:468,0
DA:476,0
DA:477,0
DA:478,0
DA:479,0
DA:481,0
DA:492,0
DA:493,0
DA:494,0
DA:497,0
DA:498,0
DA:499,0
DA:501,0
DA:509,0
DA:511,0
DA:512,0
DA:518,0
DA:519,0
DA:520,0
DA:523,0
DA:525,0
DA:526,0
DA:527,0
DA:529,0
DA:537,0
DA:539,0
DA:540,0
DA:546,0
DA:547,0
DA:559,0
DA:560,0
DA:579,0
DA:581,0
DA:582,0
DA:588,0
DA:589,0
DA:590,0
DA:592,0
DA:594,0
DA:595,0
DA:596,0
DA:598,0
DA:599,0
DA:600,0
DA:602,0
DA:603,0
DA:604,0
DA:606,0
DA:607,0
DA:608,0
DA:612,0
LF:62
LH:0
BRDA:477,0,0,0
BRDA:477,0,1,0
BRDA:478,1,0,0
BRDA:478,1,1,0
BRDA:479,2,0,0
BRDA:479,2,1,0
BRDA:493,3,0,0
BRDA:493,3,1,0
BRDA:504,4,0,0
BRDA:504,4,1,0
BRDA:519,5,0,0
BRDA:519,5,1,0
BRDA:581,6,0,0
BRDA:581,6,1,0
BRDA:581,7,0,0
BRDA:581,7,1,0
BRDA:581,7,2,0
BRDA:588,8,0,0
BRDA:588,8,1,0
BRDA:588,9,0,0
BRDA:588,9,1,0
BRDA:592,10,0,0
BRDA:592,10,1,0
BRDA:592,10,2,0
BRDA:592,10,3,0
BRDA:615,11,0,0
BRDA:615,11,1,0
BRF:27
BRH:0
end_of_record
TN:
SF:models\SafetyPlanSchema.js
FN:364,(anonymous_0)
FN:371,(anonymous_1)
FN:384,(anonymous_2)
FN:417,(anonymous_3)
FN:437,(anonymous_4)
FN:455,(anonymous_5)
FN:466,(anonymous_6)
FN:480,(anonymous_7)
FN:490,(anonymous_8)
FN:497,(anonymous_9)
FN:506,(anonymous_10)
FN:507,(anonymous_11)
FN:509,(anonymous_12)
FN:510,(anonymous_13)
FN:518,(anonymous_14)
FN:519,(anonymous_15)
FN:527,(anonymous_16)
FN:536,(anonymous_17)
FN:537,(anonymous_18)
FN:540,(anonymous_19)
FN:548,(anonymous_20)
FN:562,(anonymous_21)
FNF:22
FNH:0
FNDA:0,(anonymous_0)
FNDA:0,(anonymous_1)
FNDA:0,(anonymous_2)
FNDA:0,(anonymous_3)
FNDA:0,(anonymous_4)
FNDA:0,(anonymous_5)
FNDA:0,(anonymous_6)
FNDA:0,(anonymous_7)
FNDA:0,(anonymous_8)
FNDA:0,(anonymous_9)
FNDA:0,(anonymous_10)
FNDA:0,(anonymous_11)
FNDA:0,(anonymous_12)
FNDA:0,(anonymous_13)
FNDA:0,(anonymous_14)
FNDA:0,(anonymous_15)
FNDA:0,(anonymous_16)
FNDA:0,(anonymous_17)
FNDA:0,(anonymous_18)
FNDA:0,(anonymous_19)
FNDA:0,(anonymous_20)
FNDA:0,(anonymous_21)
DA:30,0
DA:355,0
DA:356,0
DA:357,0
DA:364,0
DA:365,0
DA:371,0
DA:372,0
DA:384,0
DA:386,0
DA:394,0
DA:397,0
DA:398,0
DA:401,0
DA:402,0
DA:405,0
DA:406,0
DA:407,0
DA:408,0
DA:410,0
DA:411,0
DA:417,0
DA:418,0
DA:419,0
DA:422,0
DA:423,0
DA:426,0
DA:427,0
DA:428,0
DA:430,0
DA:431,0
DA:437,0
DA:438,0
DA:448,0
DA:449,0
DA:455,0
DA:456,0
DA:466,0
DA:480,0
DA:481,0
DA:490,0
DA:497,0
DA:506,0
DA:507,0
DA:509,0
DA:510,0
DA:518,0
DA:519,0
DA:527,0
DA:536,0
DA:537,0
DA:540,0
DA:548,0
DA:549,0
DA:556,0
DA:557,0
DA:562,0
DA:564,0
DA:565,0
DA:566,0
DA:568,0
DA:569,0
DA:579,0
DA:580,0
DA:591,0
LF:65
LH:0
BRDA:418,0,0,0
BRDA:418,0,1,0
BRDA:439,1,0,0
BRDA:439,1,1,0
BRDA:440,2,0,0
BRDA:440,2,1,0
BRDA:552,3,0,0
BRDA:552,3,1,0
BRDA:553,4,0,0
BRDA:553,4,1,0
BRDA:564,5,0,0
BRDA:564,5,1,0
BRDA:564,6,0,0
BRDA:564,6,1,0
BRDA:568,7,0,0
BRDA:568,7,1,0
BRDA:579,8,0,0
BRDA:579,8,1,0
BRDA:579,9,0,0
BRDA:579,9,1,0
BRDA:594,10,0,0
BRDA:594,10,1,0
BRF:22
BRH:0
end_of_record
TN:
SF:models\SecurityLogSchema.js
FNF:0
FNH:0
DA:3,0
DA:14,0
LF:2
LH:0
BRDA:16,0,0,0
BRDA:16,0,1,0
BRF:2
BRH:0
end_of_record
TN:
SF:models\SessionSchema.js
FNF:0
FNH:0
DA:4,0
DA:26,0
LF:2
LH:0
BRDA:28,0,0,0
BRDA:28,0,1,0
BRF:2
BRH:0
end_of_record
TN:
SF:models\TherapySessionSchema.js
FNF:0
FNH:0
DA:4,0
LF:1
LH:0
BRDA:79,0,0,0
BRDA:79,0,1,0
BRF:2
BRH:0
end_of_record
TN:
SF:models\TransactionSchema.js
FNF:0
FNH:0
DA:4,0
LF:1
LH:0
BRDA:22,0,0,0
BRDA:22,0,1,0
BRF:2
BRH:0
end_of_record
TN:
SF:models\TreatmentPlanSchema.js
FNF:0
FNH:0
DA:25,0
LF:1
LH:0
BRDA:220,0,0,0
BRDA:220,0,1,0
BRF:2
BRH:0
end_of_record
TN:
SF:models\UserSchema.js
FN:106,(anonymous_0)
FNF:1
FNH:0
FNDA:0,(anonymous_0)
DA:3,0
DA:11,0
DA:24,0
DA:34,0
DA:42,0
DA:72,0
DA:106,0
LF:7
LH:0
BRDA:110,0,0,0
BRDA:110,0,1,0
BRF:2
BRH:0
end_of_record
TN:
SF:scripts\ensureIndexes.js
FN:15,(anonymous_0)
FNF:1
FNH:0
FNDA:0,(anonymous_0)
DA:15,0
DA:16,0
DA:18,0
DA:19,0
DA:20,0
DA:21,0
DA:24,0
DA:25,0
DA:28,0
DA:31,0
DA:32,0
DA:34,0
DA:37,0
LF:13
LH:0
BRF:0
BRH:0
end_of_record
TN:
SF:services\ClinicalDecisionEngine.js
FN:24,(anonymous_0)
FN:70,(anonymous_1)
FN:150,(anonymous_2)
FN:174,(anonymous_3)
FN:221,(anonymous_4)
FN:262,(anonymous_5)
FN:284,(anonymous_6)
FN:313,(anonymous_7)
FN:342,(anonymous_8)
FN:379,(anonymous_9)
FN:388,(anonymous_10)
FN:406,(anonymous_11)
FNF:12
FNH:0
FNDA:0,(anonymous_0)
FNDA:0,(anonymous_1)
FNDA:0,(anonymous_2)
FNDA:0,(anonymous_3)
FNDA:0,(anonymous_4)
FNDA:0,(anonymous_5)
FNDA:0,(anonymous_6)
FNDA:0,(anonymous_7)
FNDA:0,(anonymous_8)
FNDA:0,(anonymous_9)
FNDA:0,(anonymous_10)
FNDA:0,(anonymous_11)
DA:25,0
DA:29,0
DA:31,0
DA:36,0
DA:37,0
DA:40,0
DA:42,0
DA:45,0
DA:48,0
DA:51,0
DA:54,0
DA:57,0
DA:71,0
DA:74,0
DA:75,0
DA:76,0
DA:77,0
DA:88,0
DA:89,0
DA:90,0
DA:92,0
DA:93,0
DA:104,0
DA:105,0
DA:106,0
DA:108,0
DA:109,0
DA:120,0
DA:121,0
DA:123,0
DA:124,0
DA:131,0
DA:132,0
DA:143,0
DA:144,0
DA:145,0
DA:150,0
DA:151,0
DA:154,0
DA:155,0
DA:165,0
DA:175,0
DA:184,0
DA:185,0
DA:186,0
DA:188,0
DA:189,0
DA:194,0
DA:195,0
DA:196,0
DA:197,0
DA:199,0
DA:203,0
DA:209,0
DA:210,0
DA:212,0
DA:222,0
DA:224,0
DA:232,0
DA:240,0
DA:248,0
DA:256,0
DA:263,0
DA:266,0
DA:267,0
DA:273,0
DA:285,0
DA:288,0
DA:289,0
DA:293,0
DA:294,0
DA:298,0
DA:299,0
DA:302,0
DA:314,0
DA:317,0
DA:318,0
DA:322,0
DA:323,0
DA:327,0
DA:328,0
DA:331,0
DA:343,0
DA:344,0
DA:347,0
DA:348,0
DA:352,0
DA:353,0
DA:364,0
DA:365,0
DA:368,0
DA:380,0
DA:383,0
DA:384,0
DA:388,0
DA:389,0
DA:391,0
DA:392,0
DA:395,0
DA:407,0
DA:408,0
DA:409,0
LF:102
LH:0
BRDA:29,0,0,0
BRDA:29,0,1,0
BRDA:40,1,0,0
BRDA:40,1,1,0
BRDA:40,1,2,0
BRDA:40,1,3,0
BRDA:40,1,4,0
BRDA:40,1,5,0
BRDA:74,2,0,0
BRDA:74,2,1,0
BRDA:76,3,0,0
BRDA:76,3,1,0
BRDA:79,4,0,0
BRDA:79,4,1,0
BRDA:88,5,0,0
BRDA:88,5,1,0
BRDA:88,6,0,0
BRDA:88,6,1,0
BRDA:92,7,0,0
BRDA:92,7,1,0
BRDA:92,8,0,0
BRDA:92,8,1,0
BRDA:104,9,0,0
BRDA:104,9,1,0
BRDA:106,10,0,0
BRDA:106,10,1,0
BRDA:108,11,0,0
BRDA:108,11,1,0
BRDA:108,12,0,0
BRDA:108,12,1,0
BRDA:111,13,0,0
BRDA:111,13,1,0
BRDA:120,14,0,0
BRDA:120,14,1,0
BRDA:123,15,0,0
BRDA:123,15,1,0
BRDA:123,16,0,0
BRDA:123,16,1,0
BRDA:131,17,0,0
BRDA:131,17,1,0
BRDA:143,18,0,0
BRDA:143,18,1,0
BRDA:143,19,0,0
BRDA:143,19,1,0
BRDA:144,20,0,0
BRDA:144,20,1,0
BRDA:144,21,0,0
BRDA:144,21,1,0
BRDA:154,22,0,0
BRDA:154,22,1,0
BRDA:184,23,0,0
BRDA:184,23,1,0
BRDA:184,24,0,0
BRDA:184,24,1,0
BRDA:185,25,0,0
BRDA:185,25,1,0
BRDA:185,26,0,0
BRDA:185,26,1,0
BRDA:186,27,0,0
BRDA:186,27,1,0
BRDA:186,28,0,0
BRDA:186,28,1,0
BRDA:188,29,0,0
BRDA:188,29,1,0
BRDA:194,30,0,0
BRDA:194,30,1,0
BRDA:196,31,0,0
BRDA:196,31,1,0
BRDA:199,32,0,0
BRDA:199,32,1,0
BRDA:209,33,0,0
BRDA:209,33,1,0
BRDA:222,34,0,0
BRDA:222,34,1,0
BRDA:222,34,2,0
BRDA:222,34,3,0
BRDA:222,34,4,0
BRDA:225,35,0,0
BRDA:225,35,1,0
BRDA:241,36,0,0
BRDA:241,36,1,0
BRDA:266,37,0,0
BRDA:266,37,1,0
BRDA:266,38,0,0
BRDA:266,38,1,0
BRDA:276,39,0,0
BRDA:276,39,1,0
BRDA:279,40,0,0
BRDA:279,40,1,0
BRDA:288,41,0,0
BRDA:288,41,1,0
BRDA:288,42,0,0
BRDA:288,42,1,0
BRDA:288,42,2,0
BRDA:293,43,0,0
BRDA:293,43,1,0
BRDA:298,44,0,0
BRDA:298,44,1,0
BRDA:305,45,0,0
BRDA:305,45,1,0
BRDA:308,46,0,0
BRDA:308,46,1,0
BRDA:317,47,0,0
BRDA:317,47,1,0
BRDA:317,48,0,0
BRDA:317,48,1,0
BRDA:322,49,0,0
BRDA:322,49,1,0
BRDA:322,50,0,0
BRDA:322,50,1,0
BRDA:327,51,0,0
BRDA:327,51,1,0
BRDA:327,52,0,0
BRDA:327,52,1,0
BRDA:327,52,2,0
BRDA:334,53,0,0
BRDA:334,53,1,0
BRDA:337,54,0,0
BRDA:337,54,1,0
BRDA:347,55,0,0
BRDA:347,55,1,0
BRDA:352,56,0,0
BRDA:352,56,1,0
BRDA:364,57,0,0
BRDA:364,57,1,0
BRDA:371,58,0,0
BRDA:371,58,1,0
BRDA:374,59,0,0
BRDA:374,59,1,0
BRDA:383,60,0,0
BRDA:383,60,1,0
BRDA:383,61,0,0
BRDA:383,61,1,0
BRDA:383,61,2,0
BRDA:389,62,0,0
BRDA:389,62,1,0
BRDA:391,63,0,0
BRDA:391,63,1,0
BRDA:398,64,0,0
BRDA:398,64,1,0
BRDA:401,65,0,0
BRDA:401,65,1,0
BRDA:409,66,0,0
BRDA:409,66,1,0
BRDA:409,67,0,0
BRDA:409,67,1,0
BRF:146
BRH:0
end_of_record
TN:
SF:services\ProtocolExecutor.js
FN:24,(anonymous_0)
FN:59,(anonymous_1)
FN:64,(anonymous_2)
FN:87,(anonymous_3)
FN:100,(anonymous_4)
FN:106,(anonymous_5)
FN:145,(anonymous_6)
FN:154,(anonymous_7)
FN:155,(anonymous_8)
FN:177,(anonymous_9)
FN:407,(anonymous_10)
FN:419,(anonymous_11)
FN:435,(anonymous_12)
FNF:13
FNH:0
FNDA:0,(anonymous_0)
FNDA:0,(anonymous_1)
FNDA:0,(anonymous_2)
FNDA:0,(anonymous_3)
FNDA:0,(anonymous_4)
FNDA:0,(anonymous_5)
FNDA:0,(anonymous_6)
FNDA:0,(anonymous_7)
FNDA:0,(anonymous_8)
FNDA:0,(anonymous_9)
FNDA:0,(anonymous_10)
FNDA:0,(anonymous_11)
FNDA:0,(anonymous_12)
DA:26,0
DA:29,0
DA:44,0
DA:50,0
DA:60,0
DA:61,0
DA:62,0
DA:64,0
DA:65,0
DA:66,0
DA:69,0
DA:70,0
DA:71,0
DA:72,0
DA:73,0
DA:75,0
DA:76,0
DA:77,0
DA:84,0
DA:87,0
DA:88,0
DA:89,0
DA:92,0
DA:101,0
DA:102,0
DA:103,0
DA:106,0
DA:107,0
DA:108,0
DA:112,0
DA:113,0
DA:114,0
DA:115,0
DA:116,0
DA:117,0
DA:120,0
DA:123,0
DA:131,0
DA:132,0
DA:137,0
DA:146,0
DA:151,0
DA:153,0
DA:154,0
DA:155,0
DA:157,0
DA:178,0
DA:402,0
DA:403,0
DA:404,0
DA:410,0
DA:420,0
DA:436,0
LF:53
LH:0
BRDA:61,0,0,0
BRDA:61,0,1,0
BRDA:62,1,0,0
BRDA:62,1,1,0
BRDA:65,2,0,0
BRDA:65,2,1,0
BRDA:66,3,0,0
BRDA:66,3,1,0
BRDA:75,4,0,0
BRDA:75,4,1,0
BRDA:76,5,0,0
BRDA:76,5,1,0
BRDA:88,6,0,0
BRDA:88,6,1,0
BRDA:102,7,0,0
BRDA:102,7,1,0
BRDA:103,8,0,0
BRDA:103,8,1,0
BRDA:107,9,0,0
BRDA:107,9,1,0
BRDA:131,10,0,0
BRDA:131,10,1,0
BRDA:131,11,0,0
BRDA:131,11,1,0
BRDA:151,12,0,0
BRDA:151,12,1,0
BRDA:163,13,0,0
BRDA:163,13,1,0
BRDA:403,14,0,0
BRDA:403,14,1,0
BRF:30
BRH:0
end_of_record
TN:
SF:services\appointmentReminderService.js
FN:9,(anonymous_0)
FN:9,(anonymous_1)
FN:14,(anonymous_2)
FN:85,(anonymous_3)
FN:86,(anonymous_4)
FN:124,(anonymous_5)
FN:125,(anonymous_6)
FN:161,(anonymous_7)
FNF:8
FNH:0
FNDA:0,(anonymous_0)
FNDA:0,(anonymous_1)
FNDA:0,(anonymous_2)
FNDA:0,(anonymous_3)
FNDA:0,(anonymous_4)
FNDA:0,(anonymous_5)
FNDA:0,(anonymous_6)
FNDA:0,(anonymous_7)
DA:9,0
DA:14,0
DA:15,0
DA:16,0
DA:17,0
DA:19,0
DA:20,0
DA:21,0
DA:24,0
DA:25,0
DA:31,0
DA:36,0
DA:38,0
DA:75,0
DA:77,0
DA:85,0
DA:86,0
DA:87,0
DA:88,0
DA:90,0
DA:91,0
DA:92,0
DA:95,0
DA:104,0
DA:105,0
DA:108,0
DA:109,0
DA:112,0
DA:115,0
DA:124,0
DA:125,0
DA:126,0
DA:127,0
DA:129,0
DA:130,0
DA:131,0
DA:134,0
DA:143,0
DA:144,0
DA:147,0
DA:148,0
DA:150,0
DA:153,0
DA:161,0
DA:162,0
DA:164,0
DA:165,0
DA:168,0
DA:169,0
DA:171,0
LF:50
LH:0
BRDA:19,0,0,0
BRDA:19,0,1,0
BRDA:36,1,0,0
BRDA:36,1,1,0
BRDA:51,2,0,0
BRDA:51,2,1,0
BRDA:54,3,0,0
BRDA:54,3,1,0
BRDA:164,4,0,0
BRDA:164,4,1,0
BRF:10
BRH:0
end_of_record
TN:
SF:services\automationConfig.js
FN:3,(anonymous_0)
FN:8,(anonymous_1)
FNF:2
FNH:0
FNDA:0,(anonymous_0)
FNDA:0,(anonymous_1)
DA:3,0
DA:4,0
DA:5,0
DA:8,0
DA:9,0
DA:10,0
DA:12,0
LF:7
LH:0
BRDA:5,0,0,0
BRDA:5,0,1,0
BRDA:10,1,0,0
BRDA:10,1,1,0
BRF:4
BRH:0
end_of_record
TN:
SF:services\automationScheduler.js
FN:5,(anonymous_0)
FN:16,(anonymous_1)
FNF:2
FNH:0
FNDA:0,(anonymous_0)
FNDA:0,(anonymous_1)
DA:5,0
DA:6,0
DA:8,0
DA:9,0
DA:12,0
DA:14,0
DA:17,0
DA:18,0
DA:21,0
DA:22,0
DA:23,0
DA:25,0
DA:27,0
LF:13
LH:0
BRDA:8,0,0,0
BRDA:8,0,1,0
BRDA:17,1,0,0
BRDA:17,1,1,0
BRF:4
BRH:0
end_of_record
TN:
SF:services\followUpService.js
FN:9,(anonymous_0)
FN:9,(anonymous_1)
FN:14,(anonymous_2)
FN:75,(anonymous_3)
FN:133,(anonymous_4)
FN:134,(anonymous_5)
FN:174,(anonymous_6)
FN:175,(anonymous_7)
FN:217,(anonymous_8)
FN:218,(anonymous_9)
FN:305,(anonymous_10)
FNF:11
FNH:0
FNDA:0,(anonymous_0)
FNDA:0,(anonymous_1)
FNDA:0,(anonymous_2)
FNDA:0,(anonymous_3)
FNDA:0,(anonymous_4)
FNDA:0,(anonymous_5)
FNDA:0,(anonymous_6)
FNDA:0,(anonymous_7)
FNDA:0,(anonymous_8)
FNDA:0,(anonymous_9)
FNDA:0,(anonymous_10)
DA:9,0
DA:14,0
DA:15,0
DA:16,0
DA:17,0
DA:19,0
DA:20,0
DA:21,0
DA:24,0
DA:25,0
DA:27,0
DA:66,0
DA:68,0
DA:75,0
DA:76,0
DA:77,0
DA:79,0
DA:81,0
DA:83,0
DA:123,0
DA:125,0
DA:133,0
DA:134,0
DA:135,0
DA:137,0
DA:139,0
DA:140,0
DA:141,0
DA:144,0
DA:153,0
DA:154,0
DA:157,0
DA:158,0
DA:160,0
DA:163,0
DA:165,0
DA:174,0
DA:175,0
DA:176,0
DA:177,0
DA:179,0
DA:181,0
DA:182,0
DA:183,0
DA:186,0
DA:195,0
DA:197,0
DA:198,0
DA:200,0
DA:201,0
DA:203,0
DA:206,0
DA:208,0
DA:217,0
DA:218,0
DA:219,0
DA:220,0
DA:222,0
DA:224,0
DA:227,0
DA:234,0
DA:236,0
DA:237,0
DA:238,0
DA:241,0
DA:247,0
DA:249,0
DA:251,0
DA:291,0
DA:292,0
DA:295,0
DA:297,0
DA:305,0
DA:306,0
DA:308,0
DA:309,0
DA:312,0
DA:313,0
DA:314,0
DA:316,0
LF:80
LH:0
BRDA:19,0,0,0
BRDA:19,0,1,0
BRDA:24,1,0,0
BRDA:24,1,1,0
BRDA:25,2,0,0
BRDA:25,2,1,0
BRDA:79,3,0,0
BRDA:79,3,1,0
BRDA:81,4,0,0
BRDA:81,4,1,0
BRDA:238,5,0,0
BRDA:238,5,1,0
BRDA:247,6,0,0
BRDA:247,6,1,0
BRDA:249,7,0,0
BRDA:249,7,1,0
BRDA:308,8,0,0
BRDA:308,8,1,0
BRF:18
BRH:0
end_of_record
TN:
SF:services\medicalAlertService.js
FN:10,(anonymous_0)
FN:10,(anonymous_1)
FN:15,(anonymous_2)
FN:105,(anonymous_3)
FN:106,(anonymous_4)
FN:140,(anonymous_5)
FN:141,(anonymous_6)
FN:216,(anonymous_7)
FNF:8
FNH:0
FNDA:0,(anonymous_0)
FNDA:0,(anonymous_1)
FNDA:0,(anonymous_2)
FNDA:0,(anonymous_3)
FNDA:0,(anonymous_4)
FNDA:0,(anonymous_5)
FNDA:0,(anonymous_6)
FNDA:0,(anonymous_7)
DA:10,0
DA:15,0
DA:16,0
DA:17,0
DA:18,0
DA:20,0
DA:21,0
DA:22,0
DA:25,0
DA:32,0
DA:39,0
DA:95,0
DA:97,0
DA:105,0
DA:106,0
DA:107,0
DA:108,0
DA:109,0
DA:112,0
DA:121,0
DA:122,0
DA:125,0
DA:126,0
DA:128,0
DA:131,0
DA:140,0
DA:141,0
DA:142,0
DA:143,0
DA:146,0
DA:150,0
DA:151,0
DA:153,0
DA:154,0
DA:156,0
DA:157,0
DA:160,0
DA:161,0
DA:167,0
DA:168,0
DA:176,0
DA:177,0
DA:182,0
DA:183,0
DA:189,0
DA:190,0
DA:198,0
DA:199,0
DA:203,0
DA:206,0
DA:208,0
DA:216,0
DA:217,0
DA:219,0
DA:220,0
DA:223,0
DA:224,0
DA:226,0
LF:58
LH:0
BRDA:20,0,0,0
BRDA:20,0,1,0
BRDA:43,1,0,0
BRDA:43,1,1,0
BRDA:44,2,0,0
BRDA:44,2,1,0
BRDA:49,3,0,0
BRDA:49,3,1,0
BRDA:49,4,0,0
BRDA:49,4,1,0
BRDA:54,5,0,0
BRDA:54,5,1,0
BRDA:61,6,0,0
BRDA:61,6,1,0
BRDA:64,7,0,0
BRDA:64,7,1,0
BRDA:71,8,0,0
BRDA:71,8,1,0
BRDA:75,9,0,0
BRDA:75,9,1,0
BRDA:80,10,0,0
BRDA:80,10,1,0
BRDA:154,11,0,0
BRDA:154,11,1,0
BRDA:154,12,0,0
BRDA:154,12,1,0
BRDA:157,13,0,0
BRDA:157,13,1,0
BRDA:160,14,0,0
BRDA:160,14,1,0
BRDA:160,15,0,0
BRDA:160,15,1,0
BRDA:167,16,0,0
BRDA:167,16,1,0
BRDA:174,17,0,0
BRDA:174,17,1,0
BRDA:182,18,0,0
BRDA:182,18,1,0
BRDA:182,19,0,0
BRDA:182,19,1,0
BRDA:189,20,0,0
BRDA:189,20,1,0
BRDA:219,21,0,0
BRDA:219,21,1,0
BRF:44
BRH:0
end_of_record
TN:
SF:tests\unit\clinical.schemas.test.js
FNF:0
FNH:0
LF:0
LH:0
BRF:0
BRH:0
end_of_record
TN:
SF:utils\clinicalCrypto.js
FN:13,(anonymous_0)
FN:27,(anonymous_1)
FNF:2
FNH:0
FNDA:0,(anonymous_0)
FNDA:0,(anonymous_1)
DA:3,0
DA:6,0
DA:13,0
DA:14,0
DA:15,0
DA:16,0
DA:17,0
DA:18,0
DA:19,0
DA:27,0
DA:28,0
DA:29,0
DA:30,0
DA:31,0
DA:32,0
DA:33,0
DA:34,0
LF:17
LH:0
BRDA:6,0,0,0
BRDA:6,0,1,0
BRDA:14,1,0,0
BRDA:14,1,1,0
BRDA:28,2,0,0
BRDA:28,2,1,0
BRDA:28,3,0,0
BRDA:28,3,1,0
BRF:8
BRH:0
end_of_record
TN:
SF:utils\clinicalRules.js
FN:4,scorePHQ9
FN:6,(anonymous_1)
FN:7,(anonymous_2)
FN:17,scoreGAD7
FN:18,(anonymous_4)
FN:19,(anonymous_5)
FN:28,detectTrend
FN:32,(anonymous_7)
FN:34,(anonymous_8)
FN:35,(anonymous_9)
FN:36,(anonymous_10)
FN:37,(anonymous_11)
FN:38,(anonymous_12)
FN:45,assessRisk
FN:56,mapInterventions
FN:97,generateClinicalSummary
FN:119,(anonymous_16)
FN:122,(anonymous_17)
FNF:18
FNH:0
FNDA:0,scorePHQ9
FNDA:0,(anonymous_1)
FNDA:0,(anonymous_2)
FNDA:0,scoreGAD7
FNDA:0,(anonymous_4)
FNDA:0,(anonymous_5)
FNDA:0,detectTrend
FNDA:0,(anonymous_7)
FNDA:0,(anonymous_8)
FNDA:0,(anonymous_9)
FNDA:0,(anonymous_10)
FNDA:0,(anonymous_11)
FNDA:0,(anonymous_12)
FNDA:0,assessRisk
FNDA:0,mapInterventions
FNDA:0,generateClinicalSummary
FNDA:0,(anonymous_16)
FNDA:0,(anonymous_17)
DA:6,0
DA:7,0
DA:8,0
DA:9,0
DA:10,0
DA:11,0
DA:12,0
DA:13,0
DA:14,0
DA:18,0
DA:19,0
DA:20,0
DA:21,0
DA:22,0
DA:23,0
DA:24,0
DA:30,0
DA:31,0
DA:32,0
DA:33,0
DA:34,0
DA:35,0
DA:36,0
DA:37,0
DA:38,0
DA:39,0
DA:40,0
DA:41,0
DA:42,0
DA:46,0
DA:47,0
DA:48,0
DA:49,0
DA:50,0
DA:51,0
DA:52,0
DA:57,0
DA:58,0
DA:59,0
DA:69,0
DA:70,0
DA:82,0
DA:83,0
DA:94,0
DA:98,0
DA:99,0
DA:100,0
DA:102,0
DA:109,0
DA:114,0
DA:116,0
DA:119,0
DA:122,0
LF:53
LH:0
BRDA:4,0,0,0
BRDA:6,1,0,0
BRDA:6,1,1,0
BRDA:6,2,0,0
BRDA:6,2,1,0
BRDA:7,3,0,0
BRDA:7,3,1,0
BRDA:8,4,0,0
BRDA:8,4,1,0
BRDA:10,5,0,0
BRDA:10,5,1,0
BRDA:11,6,0,0
BRDA:11,6,1,0
BRDA:12,7,0,0
BRDA:12,7,1,0
BRDA:13,8,0,0
BRDA:13,8,1,0
BRDA:17,9,0,0
BRDA:18,10,0,0
BRDA:18,10,1,0
BRDA:18,11,0,0
BRDA:18,11,1,0
BRDA:19,12,0,0
BRDA:19,12,1,0
BRDA:21,13,0,0
BRDA:21,13,1,0
BRDA:22,14,0,0
BRDA:22,14,1,0
BRDA:23,15,0,0
BRDA:23,15,1,0
BRDA:28,16,0,0
BRDA:31,17,0,0
BRDA:31,17,1,0
BRDA:45,18,0,0
BRDA:48,19,0,0
BRDA:48,19,1,0
BRDA:49,20,0,0
BRDA:49,20,1,0
BRDA:49,21,0,0
BRDA:49,21,1,0
BRDA:51,22,0,0
BRDA:51,22,1,0
BRDA:58,23,0,0
BRDA:58,23,1,0
BRDA:69,24,0,0
BRDA:69,24,1,0
BRDA:82,25,0,0
BRDA:82,25,1,0
BRDA:97,26,0,0
BRDA:97,27,0,0
BRDA:97,28,0,0
BRDA:97,29,0,0
BRDA:103,30,0,0
BRDA:103,30,1,0
BRDA:103,31,0,0
BRDA:103,31,1,0
BRDA:104,32,0,0
BRDA:104,32,1,0
BRDA:105,33,0,0
BRDA:105,33,1,0
BRF:60
BRH:0
end_of_record
TN:
SF:utils\csrf.js
FN:4,(anonymous_0)
FN:6,(anonymous_1)
FN:14,(anonymous_2)
FN:19,(anonymous_3)
FNF:4
FNH:0
FNDA:0,(anonymous_0)
FNDA:0,(anonymous_1)
FNDA:0,(anonymous_2)
FNDA:0,(anonymous_3)
DA:4,0
DA:6,0
DA:7,0
DA:8,0
DA:14,0
DA:15,0
DA:16,0
DA:19,0
DA:20,0
DA:21,0
DA:23,0
DA:24,0
DA:27,0
LF:13
LH:0
BRDA:23,0,0,0
BRDA:23,0,1,0
BRDA:23,1,0,0
BRDA:23,1,1,0
BRDA:23,1,2,0
BRF:5
BRH:0
end_of_record
TN:
SF:utils\emailService.js
FN:3,(anonymous_0)
FNF:1
FNH:0
FNDA:0,(anonymous_0)
DA:3,0
DA:6,0
DA:24,0
DA:27,0
DA:34,0
DA:44,0
LF:6
LH:0
BRDA:6,0,0,0
BRDA:6,0,1,0
BRDA:28,1,0,0
BRDA:28,1,1,0
BRF:4
BRH:0
end_of_record
TN:
SF:utils\getOAuthClientWithUserTokens.js
FN:12,(anonymous_0)
FN:40,(anonymous_1)
FNF:2
FNH:0
FNDA:0,(anonymous_0)
FNDA:0,(anonymous_1)
DA:12,0
DA:14,0
DA:17,0
DA:19,0
DA:20,0
DA:24,0
DA:31,0
DA:40,0
DA:41,0
DA:42,0
DA:43,0
DA:44,0
DA:45,0
DA:46,0
DA:47,0
DA:52,0
DA:55,0
DA:60,0
DA:61,0
DA:63,0
DA:67,0
LF:21
LH:0
BRDA:19,0,0,0
BRDA:19,0,1,0
BRDA:43,1,0,0
BRDA:43,1,1,0
BRDA:44,2,0,0
BRDA:44,2,1,0
BRDA:45,3,0,0
BRDA:45,3,1,0
BRDA:46,4,0,0
BRDA:46,4,1,0
BRF:10
BRH:0
end_of_record
TN:
SF:utils\jwt.js
FN:3,(anonymous_0)
FNF:1
FNH:0
FNDA:0,(anonymous_0)
DA:3,0
DA:4,0
LF:2
LH:0
BRF:0
BRH:0
end_of_record
TN:
SF:utils\logger.js
FN:32,(anonymous_0)
FN:39,(anonymous_1)
FN:45,(anonymous_2)
FN:51,(anonymous_3)
FN:57,(anonymous_4)
FNF:5
FNH:0
FNDA:0,(anonymous_0)
FNDA:0,(anonymous_1)
FNDA:0,(anonymous_2)
FNDA:0,(anonymous_3)
FNDA:0,(anonymous_4)
DA:22,0
DA:29,0
DA:30,0
DA:32,0
DA:33,0
DA:34,0
DA:35,0
DA:38,0
DA:40,0
DA:41,0
DA:46,0
DA:47,0
DA:52,0
DA:53,0
DA:58,0
DA:59,0
LF:16
LH:0
BRDA:29,0,0,0
BRDA:29,0,1,0
BRDA:30,1,0,0
BRDA:30,1,1,0
BRDA:32,2,0,0
BRDA:34,3,0,0
BRDA:34,3,1,0
BRDA:40,4,0,0
BRDA:40,4,1,0
BRDA:46,5,0,0
BRDA:46,5,1,0
BRDA:52,6,0,0
BRDA:52,6,1,0
BRDA:58,7,0,0
BRDA:58,7,1,0
BRF:15
BRH:0
end_of_record
TN:
SF:validators\middleware\validate.js
FN:48,(anonymous_0)
FN:49,(anonymous_1)
FN:70,(anonymous_2)
FN:144,(anonymous_3)
FN:145,(anonymous_4)
FN:162,(anonymous_5)
FN:196,(anonymous_6)
FN:228,(anonymous_7)
FN:229,(anonymous_8)
FN:236,(anonymous_9)
FN:256,(anonymous_10)
FNF:11
FNH:0
FNDA:0,(anonymous_0)
FNDA:0,(anonymous_1)
FNDA:0,(anonymous_2)
FNDA:0,(anonymous_3)
FNDA:0,(anonymous_4)
FNDA:0,(anonymous_5)
FNDA:0,(anonymous_6)
FNDA:0,(anonymous_7)
FNDA:0,(anonymous_8)
FNDA:0,(anonymous_9)
FNDA:0,(anonymous_10)
DA:48,0
DA:49,0
DA:50,0
DA:52,0
DA:65,0
DA:66,0
DA:68,0
DA:70,0
DA:77,0
DA:78,0
DA:85,0
DA:98,0
DA:101,0
DA:102,0
DA:109,0
DA:113,0
DA:120,0
DA:144,0
DA:145,0
DA:146,0
DA:148,0
DA:149,0
DA:159,0
DA:161,0
DA:162,0
DA:168,0
DA:170,0
DA:174,0
DA:175,0
DA:182,0
DA:196,0
DA:197,0
DA:200,0
DA:202,0
DA:203,0
DA:214,0
DA:228,0
DA:229,0
DA:230,0
DA:232,0
DA:234,0
DA:235,0
DA:236,0
DA:237,0
DA:240,0
DA:243,0
DA:244,0
DA:245,0
DA:247,0
DA:256,0
DA:257,0
DA:258,0
DA:270,0
LF:53
LH:0
BRDA:48,0,0,0
BRDA:68,1,0,0
BRDA:68,1,1,0
BRDA:77,2,0,0
BRDA:77,2,1,0
BRDA:90,3,0,0
BRDA:90,3,1,0
BRDA:101,4,0,0
BRDA:101,4,1,0
BRDA:161,5,0,0
BRDA:161,5,1,0
BRDA:174,6,0,0
BRDA:174,6,1,0
BRDA:202,7,0,0
BRDA:202,7,1,0
BRDA:230,8,0,0
BRDA:230,8,1,0
BRDA:235,9,0,0
BRDA:235,9,1,0
BRDA:235,10,0,0
BRDA:235,10,1,0
BRDA:243,11,0,0
BRDA:243,11,1,0
BRDA:244,12,0,0
BRDA:244,12,1,0
BRDA:245,13,0,0
BRDA:245,13,1,0
BRDA:257,14,0,0
BRDA:257,14,1,0
BRF:29
BRH:0
end_of_record
TN:
SF:validators\schemas\auth.schemas.js
FNF:0
FNH:0
DA:33,1
DA:90,1
DA:125,1
DA:138,1
DA:165,1
DA:192,1
DA:209,1
DA:226,1
LF:8
LH:8
BRF:0
BRH:0
end_of_record
TN:
SF:validators\schemas\booking.schemas.js
FN:43,(anonymous_0)
FN:125,(anonymous_1)
FNF:2
FNH:1
FNDA:0,(anonymous_0)
FNDA:1,(anonymous_1)
DA:35,1
DA:44,0
DA:45,0
DA:48,0
DA:49,0
DA:53,0
DA:54,0
DA:55,0
DA:59,0
DA:60,0
DA:61,0
DA:64,0
DA:120,1
DA:126,1
DA:127,1
DA:129,1
DA:130,0
DA:133,1
DA:134,1
DA:135,0
DA:138,1
DA:173,1
DA:200,1
DA:241,1
LF:24
LH:11
BRDA:48,0,0,0
BRDA:48,0,1,0
BRDA:48,1,0,0
BRDA:48,1,1,0
BRDA:54,2,0,0
BRDA:54,2,1,0
BRDA:60,3,0,0
BRDA:60,3,1,0
BRDA:60,4,0,0
BRDA:60,4,1,0
BRDA:129,5,0,0
BRDA:129,5,1,1
BRDA:129,6,0,1
BRDA:129,6,1,1
BRDA:134,7,0,0
BRDA:134,7,1,1
BRF:16
BRH:4
end_of_record
TN:
SF:validators\schemas\clinical.schemas.js
FNF:0
FNH:0
DA:35,0
DA:160,0
DA:216,0
DA:271,0
DA:323,0
DA:373,0
DA:423,0
DA:440,0
LF:8
LH:0
BRF:0
BRH:0
end_of_record
TN:
SF:validators\schemas\common.schemas.js
FNF:0
FNH:0
DA:25,6
DA:44,6
DA:70,6
DA:93,6
DA:112,6
DA:131,6
DA:160,6
DA:176,6
DA:191,6
DA:204,6
LF:10
LH:10
BRF:0
BRH:0
end_of_record
TN:
SF:validators\schemas\doctor.schemas.js
FNF:0
FNH:0
DA:46,0
DA:269,0
DA:291,0
DA:361,0
DA:382,0
LF:5
LH:0
BRF:0
BRH:0
end_of_record
TN:
SF:validators\schemas\health.schemas.js
FN:45,(anonymous_0)
FN:322,(anonymous_1)
FNF:2
FNH:2
FNDA:12,(anonymous_0)
FNDA:1,(anonymous_1)
DA:34,1
DA:45,12
DA:321,1
DA:322,1
DA:336,1
DA:381,1
LF:6
LH:6
BRF:0
BRH:0
end_of_record
TN:
SF:validators\schemas\psychology.schemas.js
FN:254,(anonymous_0)
FN:422,(anonymous_1)
FN:423,(anonymous_2)
FNF:3
FNH:2
FNDA:0,(anonymous_0)
FNDA:1,(anonymous_1)
FNDA:2,(anonymous_2)
DA:32,1
DA:103,1
DA:221,1
DA:254,0
DA:316,1
DA:421,1
DA:422,1
DA:423,2
DA:429,1
DA:445,1
LF:10
LH:9
BRF:0
BRH:0
end_of_record
TN:
SF:validators\schemas\review.schemas.js
FNF:0
FNH:0
DA:41,1
DA:111,1
DA:139,1
DA:160,1
DA:220,1
DA:241,1
LF:6
LH:6
BRF:0
BRH:0
end_of_record
TN:
SF:validators\schemas\user.schemas.js
FNF:0
FNH:0
DA:45,0
DA:93,0
DA:113,0
DA:155,0
DA:176,0
LF:5
LH:0
BRF:0
BRH:0
end_of_record
